<?xml version="1.0" encoding="UTF-8"?>
<robot generator="Robot 6.0 (Python 3.8.3 on darwin)" generated="20221101 23:00:27.001" rpa="false" schemaversion="3">
<suite id="s1" name="1-Registration Test Cases" source="/Users/user/Desktop/twi_Repos/JenkinsRobotFramework/ios/TWI_iOS_SDK_TP/Tests/1-Registration_Test_Cases.robot">
<kw name="initializing everything before start" library="Insulte_ios_app_resources" type="SETUP">
<kw name="initializing Serial" library="Insulte_ios_app_resources">
<kw name="Evaluate" library="BuiltIn">
<var>${message}</var>
<arg>${BLUE} "\\n-&gt; Initializing Serial communication"</arg>
<doc>Evaluates the given expression in Python and returns the result.</doc>
<msg timestamp="20221101 23:00:27.444" level="INFO">${message} = [34m
-&gt; Initializing Serial communication</msg>
<status status="PASS" starttime="20221101 23:00:27.443" endtime="20221101 23:00:27.444"/>
</kw>
<kw name="Log To Console" library="BuiltIn">
<arg>${message}</arg>
<doc>Logs the given message to the console.</doc>
<status status="PASS" starttime="20221101 23:00:27.444" endtime="20221101 23:00:27.444"/>
</kw>
<kw name="TWI_Open_Port" library="TWI_Serial_library">
<arg>Port Number=${Port Number}</arg>
<arg>Buad Rate=${Buad Rate}</arg>
<arg>Encoding=hexlify</arg>
<arg>timeout=${Time out}</arg>
<doc>Sets configurations(Port Number,Buad Rate,Encoding and Timeout)
And Opens passed port</doc>
<kw name="Add Port" library="SerialLibrary">
<var>${PortConfigurations}</var>
<arg>port_locator=${Port Number}</arg>
<arg>timeout=${timeout}</arg>
<doc>Adds new port with specified locator.</doc>
<msg timestamp="20221101 23:00:27.448" level="INFO">${PortConfigurations} = Serial&lt;id=0x7fad06ace070, open=True&gt;(port='/dev/tty.usbmodem0006821328461', baudrate=9600, bytesize=8, parity='N', stopbits=1, timeout=10.0, xonxoff=False, rtscts=False, dsrdtr=False)</msg>
<status status="PASS" starttime="20221101 23:00:27.445" endtime="20221101 23:00:27.448"/>
</kw>
<kw name="Port Should Be Open" library="SerialLibrary">
<arg>${Port Number}</arg>
<doc>Fails if specified port is closed.</doc>
<status status="PASS" starttime="20221101 23:00:27.448" endtime="20221101 23:00:27.448"/>
</kw>
<kw name="Set Port Parameter" library="SerialLibrary">
<arg>param_name=baudrate</arg>
<arg>value=${Buad Rate}</arg>
<arg>port_locator=${Port Number}</arg>
<doc>Sets port parameter.</doc>
<status status="PASS" starttime="20221101 23:00:27.448" endtime="20221101 23:00:27.449"/>
</kw>
<kw name="Set Encoding" library="SerialLibrary">
<arg>encoding=${Encoding}</arg>
<doc>Sets default encoding for the library instance.</doc>
<status status="PASS" starttime="20221101 23:00:27.449" endtime="20221101 23:00:27.449"/>
</kw>
<status status="PASS" starttime="20221101 23:00:27.444" endtime="20221101 23:00:27.450"/>
</kw>
<kw name="Sleep" library="BuiltIn">
<arg>2</arg>
<doc>Pauses the test executed for the given time.</doc>
<msg timestamp="20221101 23:00:29.450" level="INFO">Slept 2 seconds</msg>
<status status="PASS" starttime="20221101 23:00:27.450" endtime="20221101 23:00:29.451"/>
</kw>
<status status="PASS" starttime="20221101 23:00:27.443" endtime="20221101 23:00:29.451"/>
</kw>
<kw name="Power on board" library="Insulte_ios_app_resources">
<kw name="Evaluate" library="BuiltIn">
<var>${message}</var>
<arg>${BLUE} "\\n-&gt; Power on board"</arg>
<doc>Evaluates the given expression in Python and returns the result.</doc>
<msg timestamp="20221101 23:00:29.453" level="INFO">${message} = [34m
-&gt; Power on board</msg>
<status status="PASS" starttime="20221101 23:00:29.452" endtime="20221101 23:00:29.453"/>
</kw>
<kw name="Log To Console" library="BuiltIn">
<arg>${message}</arg>
<doc>Logs the given message to the console.</doc>
<status status="PASS" starttime="20221101 23:00:29.454" endtime="20221101 23:00:29.454"/>
</kw>
<kw name="Set HIGH" library="Insulte_ios_app_resources">
<arg>Port Number=${Port Number}</arg>
<arg>portNum=0</arg>
<arg>pinNum=3</arg>
<kw name="Evaluate" library="BuiltIn">
<var>${portNum}</var>
<arg>${portNum}+30</arg>
<doc>Evaluates the given expression in Python and returns the result.</doc>
<msg timestamp="20221101 23:00:29.456" level="INFO">${portNum} = 30</msg>
<status status="PASS" starttime="20221101 23:00:29.456" endtime="20221101 23:00:29.456"/>
</kw>
<kw name="Evaluate" library="BuiltIn">
<var>${pinNum}</var>
<arg>${pinNum}+30</arg>
<doc>Evaluates the given expression in Python and returns the result.</doc>
<msg timestamp="20221101 23:00:29.457" level="INFO">${pinNum} = 33</msg>
<status status="PASS" starttime="20221101 23:00:29.456" endtime="20221101 23:00:29.457"/>
</kw>
<kw name="TWI_Write_Byte" library="TWI_Serial_library">
<arg>Data=54 53 00 16 54 57 10 20 01 00 00 C0 00 00 00 00 FF FF FF FD 53 ${portNum} 2E ${pinNum} 3D 30</arg>
<arg>Port Number=${Port Number}</arg>
<doc>TWI KeyWord ,It writes ONE Byte on the serial port
paramaters: Data -&gt; paramarter will hold the data to be sent
Port Number -&gt; which port will write the data on
Encoding -&gt; Encoding type (ascii,utf-8)
Number of Bytes -&gt; number of bytes will be send
Returns none</doc>
<kw name="Write Data" library="SerialLibrary">
<arg>data=${Data}</arg>
<arg>encoding=${Encoding}</arg>
<arg>port_locator=${Port Number}</arg>
<doc>Writes data into the port.</doc>
<status status="PASS" starttime="20221101 23:00:29.458" endtime="20221101 23:00:29.462"/>
</kw>
<status status="PASS" starttime="20221101 23:00:29.457" endtime="20221101 23:00:29.462"/>
</kw>
<status status="PASS" starttime="20221101 23:00:29.455" endtime="20221101 23:00:29.462"/>
</kw>
<kw name="Sleep" library="BuiltIn">
<arg>8</arg>
<doc>Pauses the test executed for the given time.</doc>
<msg timestamp="20221101 23:00:37.464" level="INFO">Slept 8 seconds</msg>
<status status="PASS" starttime="20221101 23:00:29.462" endtime="20221101 23:00:37.464"/>
</kw>
<status status="PASS" starttime="20221101 23:00:29.451" endtime="20221101 23:00:37.465"/>
</kw>
<kw name="Power click" library="Insulte_ios_app_resources">
<kw name="Evaluate" library="BuiltIn">
<var>${message}</var>
<arg>${BLUE} "\\n-&gt; Power click"</arg>
<doc>Evaluates the given expression in Python and returns the result.</doc>
<msg timestamp="20221101 23:00:37.467" level="INFO">${message} = [34m
-&gt; Power click</msg>
<status status="PASS" starttime="20221101 23:00:37.466" endtime="20221101 23:00:37.467"/>
</kw>
<kw name="Log To Console" library="BuiltIn">
<arg>${message}</arg>
<doc>Logs the given message to the console.</doc>
<status status="PASS" starttime="20221101 23:00:37.467" endtime="20221101 23:00:37.468"/>
</kw>
<kw name="Set HIGH" library="Insulte_ios_app_resources">
<arg>Port Number=${Port Number}</arg>
<arg>portNum=0</arg>
<arg>pinNum=0</arg>
<kw name="Evaluate" library="BuiltIn">
<var>${portNum}</var>
<arg>${portNum}+30</arg>
<doc>Evaluates the given expression in Python and returns the result.</doc>
<msg timestamp="20221101 23:00:37.469" level="INFO">${portNum} = 30</msg>
<status status="PASS" starttime="20221101 23:00:37.469" endtime="20221101 23:00:37.470"/>
</kw>
<kw name="Evaluate" library="BuiltIn">
<var>${pinNum}</var>
<arg>${pinNum}+30</arg>
<doc>Evaluates the given expression in Python and returns the result.</doc>
<msg timestamp="20221101 23:00:37.470" level="INFO">${pinNum} = 30</msg>
<status status="PASS" starttime="20221101 23:00:37.470" endtime="20221101 23:00:37.470"/>
</kw>
<kw name="TWI_Write_Byte" library="TWI_Serial_library">
<arg>Data=54 53 00 16 54 57 10 20 01 00 00 C0 00 00 00 00 FF FF FF FD 53 ${portNum} 2E ${pinNum} 3D 30</arg>
<arg>Port Number=${Port Number}</arg>
<doc>TWI KeyWord ,It writes ONE Byte on the serial port
paramaters: Data -&gt; paramarter will hold the data to be sent
Port Number -&gt; which port will write the data on
Encoding -&gt; Encoding type (ascii,utf-8)
Number of Bytes -&gt; number of bytes will be send
Returns none</doc>
<kw name="Write Data" library="SerialLibrary">
<arg>data=${Data}</arg>
<arg>encoding=${Encoding}</arg>
<arg>port_locator=${Port Number}</arg>
<doc>Writes data into the port.</doc>
<status status="PASS" starttime="20221101 23:00:37.472" endtime="20221101 23:00:37.473"/>
</kw>
<status status="PASS" starttime="20221101 23:00:37.470" endtime="20221101 23:00:37.473"/>
</kw>
<status status="PASS" starttime="20221101 23:00:37.468" endtime="20221101 23:00:37.473"/>
</kw>
<kw name="Sleep" library="BuiltIn">
<arg>2</arg>
<doc>Pauses the test executed for the given time.</doc>
<msg timestamp="20221101 23:00:39.474" level="INFO">Slept 2 seconds</msg>
<status status="PASS" starttime="20221101 23:00:37.473" endtime="20221101 23:00:39.475"/>
</kw>
<kw name="Set LOW" library="Insulte_ios_app_resources">
<arg>Port Number=${Port Number}</arg>
<arg>portNum=0</arg>
<arg>pinNum=0</arg>
<kw name="Evaluate" library="BuiltIn">
<var>${portNum}</var>
<arg>${portNum}+30</arg>
<doc>Evaluates the given expression in Python and returns the result.</doc>
<msg timestamp="20221101 23:00:39.477" level="INFO">${portNum} = 30</msg>
<status status="PASS" starttime="20221101 23:00:39.476" endtime="20221101 23:00:39.477"/>
</kw>
<kw name="Evaluate" library="BuiltIn">
<var>${pinNum}</var>
<arg>${pinNum}+30</arg>
<doc>Evaluates the given expression in Python and returns the result.</doc>
<msg timestamp="20221101 23:00:39.478" level="INFO">${pinNum} = 30</msg>
<status status="PASS" starttime="20221101 23:00:39.477" endtime="20221101 23:00:39.478"/>
</kw>
<kw name="TWI_Write_Byte" library="TWI_Serial_library">
<arg>Data=54 53 00 16 54 57 10 20 01 00 00 C0 00 00 00 00 FF FF FF FD 53 ${portNum} 2E ${pinNum} 3D 31</arg>
<arg>Port Number=${Port Number}</arg>
<doc>TWI KeyWord ,It writes ONE Byte on the serial port
paramaters: Data -&gt; paramarter will hold the data to be sent
Port Number -&gt; which port will write the data on
Encoding -&gt; Encoding type (ascii,utf-8)
Number of Bytes -&gt; number of bytes will be send
Returns none</doc>
<kw name="Write Data" library="SerialLibrary">
<arg>data=${Data}</arg>
<arg>encoding=${Encoding}</arg>
<arg>port_locator=${Port Number}</arg>
<doc>Writes data into the port.</doc>
<status status="PASS" starttime="20221101 23:00:39.479" endtime="20221101 23:00:39.480"/>
</kw>
<status status="PASS" starttime="20221101 23:00:39.478" endtime="20221101 23:00:39.480"/>
</kw>
<status status="PASS" starttime="20221101 23:00:39.475" endtime="20221101 23:00:39.481"/>
</kw>
<kw name="Sleep" library="BuiltIn">
<arg>4</arg>
<doc>Pauses the test executed for the given time.</doc>
<msg timestamp="20221101 23:00:43.481" level="INFO">Slept 4 seconds</msg>
<status status="PASS" starttime="20221101 23:00:39.481" endtime="20221101 23:00:43.482"/>
</kw>
<status status="PASS" starttime="20221101 23:00:37.465" endtime="20221101 23:00:43.482"/>
</kw>
<kw name="Clear caches" library="Insulte_ios_app_resources">
<kw name="Evaluate" library="BuiltIn">
<var>${message}</var>
<arg>${BLUE} "\\n-&gt; Clear caches"</arg>
<doc>Evaluates the given expression in Python and returns the result.</doc>
<msg timestamp="20221101 23:00:43.484" level="INFO">${message} = [34m
-&gt; Clear caches</msg>
<status status="PASS" starttime="20221101 23:00:43.484" endtime="20221101 23:00:43.484"/>
</kw>
<kw name="Log To Console" library="BuiltIn">
<arg>${message}</arg>
<doc>Logs the given message to the console.</doc>
<status status="PASS" starttime="20221101 23:00:43.485" endtime="20221101 23:00:43.485"/>
</kw>
<kw name="Set HIGH" library="Insulte_ios_app_resources">
<arg>Port Number=${Port Number}</arg>
<arg>portNum=0</arg>
<arg>pinNum=2</arg>
<kw name="Evaluate" library="BuiltIn">
<var>${portNum}</var>
<arg>${portNum}+30</arg>
<doc>Evaluates the given expression in Python and returns the result.</doc>
<msg timestamp="20221101 23:00:43.487" level="INFO">${portNum} = 30</msg>
<status status="PASS" starttime="20221101 23:00:43.486" endtime="20221101 23:00:43.487"/>
</kw>
<kw name="Evaluate" library="BuiltIn">
<var>${pinNum}</var>
<arg>${pinNum}+30</arg>
<doc>Evaluates the given expression in Python and returns the result.</doc>
<msg timestamp="20221101 23:00:43.487" level="INFO">${pinNum} = 32</msg>
<status status="PASS" starttime="20221101 23:00:43.487" endtime="20221101 23:00:43.487"/>
</kw>
<kw name="TWI_Write_Byte" library="TWI_Serial_library">
<arg>Data=54 53 00 16 54 57 10 20 01 00 00 C0 00 00 00 00 FF FF FF FD 53 ${portNum} 2E ${pinNum} 3D 30</arg>
<arg>Port Number=${Port Number}</arg>
<doc>TWI KeyWord ,It writes ONE Byte on the serial port
paramaters: Data -&gt; paramarter will hold the data to be sent
Port Number -&gt; which port will write the data on
Encoding -&gt; Encoding type (ascii,utf-8)
Number of Bytes -&gt; number of bytes will be send
Returns none</doc>
<kw name="Write Data" library="SerialLibrary">
<arg>data=${Data}</arg>
<arg>encoding=${Encoding}</arg>
<arg>port_locator=${Port Number}</arg>
<doc>Writes data into the port.</doc>
<status status="PASS" starttime="20221101 23:00:43.489" endtime="20221101 23:00:43.490"/>
</kw>
<status status="PASS" starttime="20221101 23:00:43.488" endtime="20221101 23:00:43.490"/>
</kw>
<status status="PASS" starttime="20221101 23:00:43.485" endtime="20221101 23:00:43.490"/>
</kw>
<kw name="Sleep" library="BuiltIn">
<arg>10</arg>
<doc>Pauses the test executed for the given time.</doc>
<msg timestamp="20221101 23:00:53.492" level="INFO">Slept 10 seconds</msg>
<status status="PASS" starttime="20221101 23:00:43.490" endtime="20221101 23:00:53.492"/>
</kw>
<kw name="Set LOW" library="Insulte_ios_app_resources">
<arg>Port Number=${Port Number}</arg>
<arg>portNum=0</arg>
<arg>pinNum=2</arg>
<kw name="Evaluate" library="BuiltIn">
<var>${portNum}</var>
<arg>${portNum}+30</arg>
<doc>Evaluates the given expression in Python and returns the result.</doc>
<msg timestamp="20221101 23:00:53.493" level="INFO">${portNum} = 30</msg>
<status status="PASS" starttime="20221101 23:00:53.493" endtime="20221101 23:00:53.493"/>
</kw>
<kw name="Evaluate" library="BuiltIn">
<var>${pinNum}</var>
<arg>${pinNum}+30</arg>
<doc>Evaluates the given expression in Python and returns the result.</doc>
<msg timestamp="20221101 23:00:53.493" level="INFO">${pinNum} = 32</msg>
<status status="PASS" starttime="20221101 23:00:53.493" endtime="20221101 23:00:53.493"/>
</kw>
<kw name="TWI_Write_Byte" library="TWI_Serial_library">
<arg>Data=54 53 00 16 54 57 10 20 01 00 00 C0 00 00 00 00 FF FF FF FD 53 ${portNum} 2E ${pinNum} 3D 31</arg>
<arg>Port Number=${Port Number}</arg>
<doc>TWI KeyWord ,It writes ONE Byte on the serial port
paramaters: Data -&gt; paramarter will hold the data to be sent
Port Number -&gt; which port will write the data on
Encoding -&gt; Encoding type (ascii,utf-8)
Number of Bytes -&gt; number of bytes will be send
Returns none</doc>
<kw name="Write Data" library="SerialLibrary">
<arg>data=${Data}</arg>
<arg>encoding=${Encoding}</arg>
<arg>port_locator=${Port Number}</arg>
<doc>Writes data into the port.</doc>
<status status="PASS" starttime="20221101 23:00:53.494" endtime="20221101 23:00:53.495"/>
</kw>
<status status="PASS" starttime="20221101 23:00:53.494" endtime="20221101 23:00:53.495"/>
</kw>
<status status="PASS" starttime="20221101 23:00:53.492" endtime="20221101 23:00:53.495"/>
</kw>
<kw name="Sleep" library="BuiltIn">
<arg>5</arg>
<doc>Pauses the test executed for the given time.</doc>
<msg timestamp="20221101 23:00:58.496" level="INFO">Slept 5 seconds</msg>
<status status="PASS" starttime="20221101 23:00:53.495" endtime="20221101 23:00:58.496"/>
</kw>
<status status="PASS" starttime="20221101 23:00:43.483" endtime="20221101 23:00:58.497"/>
</kw>
<kw name="Power reset" library="Insulte_ios_app_resources">
<kw name="Evaluate" library="BuiltIn">
<var>${message}</var>
<arg>${BLUE} "\\n-&gt; Power reset"</arg>
<doc>Evaluates the given expression in Python and returns the result.</doc>
<msg timestamp="20221101 23:00:58.498" level="INFO">${message} = [34m
-&gt; Power reset</msg>
<status status="PASS" starttime="20221101 23:00:58.498" endtime="20221101 23:00:58.498"/>
</kw>
<kw name="Log To Console" library="BuiltIn">
<arg>${message}</arg>
<doc>Logs the given message to the console.</doc>
<status status="PASS" starttime="20221101 23:00:58.499" endtime="20221101 23:00:58.500"/>
</kw>
<kw name="Set HIGH" library="Insulte_ios_app_resources">
<arg>Port Number=${Port Number}</arg>
<arg>portNum=0</arg>
<arg>pinNum=0</arg>
<kw name="Evaluate" library="BuiltIn">
<var>${portNum}</var>
<arg>${portNum}+30</arg>
<doc>Evaluates the given expression in Python and returns the result.</doc>
<msg timestamp="20221101 23:00:58.503" level="INFO">${portNum} = 30</msg>
<status status="PASS" starttime="20221101 23:00:58.501" endtime="20221101 23:00:58.503"/>
</kw>
<kw name="Evaluate" library="BuiltIn">
<var>${pinNum}</var>
<arg>${pinNum}+30</arg>
<doc>Evaluates the given expression in Python and returns the result.</doc>
<msg timestamp="20221101 23:00:58.504" level="INFO">${pinNum} = 30</msg>
<status status="PASS" starttime="20221101 23:00:58.504" endtime="20221101 23:00:58.504"/>
</kw>
<kw name="TWI_Write_Byte" library="TWI_Serial_library">
<arg>Data=54 53 00 16 54 57 10 20 01 00 00 C0 00 00 00 00 FF FF FF FD 53 ${portNum} 2E ${pinNum} 3D 30</arg>
<arg>Port Number=${Port Number}</arg>
<doc>TWI KeyWord ,It writes ONE Byte on the serial port
paramaters: Data -&gt; paramarter will hold the data to be sent
Port Number -&gt; which port will write the data on
Encoding -&gt; Encoding type (ascii,utf-8)
Number of Bytes -&gt; number of bytes will be send
Returns none</doc>
<kw name="Write Data" library="SerialLibrary">
<arg>data=${Data}</arg>
<arg>encoding=${Encoding}</arg>
<arg>port_locator=${Port Number}</arg>
<doc>Writes data into the port.</doc>
<status status="PASS" starttime="20221101 23:00:58.506" endtime="20221101 23:00:58.507"/>
</kw>
<status status="PASS" starttime="20221101 23:00:58.505" endtime="20221101 23:00:58.507"/>
</kw>
<status status="PASS" starttime="20221101 23:00:58.500" endtime="20221101 23:00:58.507"/>
</kw>
<kw name="Sleep" library="BuiltIn">
<arg>5</arg>
<doc>Pauses the test executed for the given time.</doc>
<msg timestamp="20221101 23:01:03.509" level="INFO">Slept 5 seconds</msg>
<status status="PASS" starttime="20221101 23:00:58.508" endtime="20221101 23:01:03.509"/>
</kw>
<kw name="Set LOW" library="Insulte_ios_app_resources">
<arg>Port Number=${Port Number}</arg>
<arg>portNum=0</arg>
<arg>pinNum=0</arg>
<kw name="Evaluate" library="BuiltIn">
<var>${portNum}</var>
<arg>${portNum}+30</arg>
<doc>Evaluates the given expression in Python and returns the result.</doc>
<msg timestamp="20221101 23:01:03.512" level="INFO">${portNum} = 30</msg>
<status status="PASS" starttime="20221101 23:01:03.511" endtime="20221101 23:01:03.512"/>
</kw>
<kw name="Evaluate" library="BuiltIn">
<var>${pinNum}</var>
<arg>${pinNum}+30</arg>
<doc>Evaluates the given expression in Python and returns the result.</doc>
<msg timestamp="20221101 23:01:03.513" level="INFO">${pinNum} = 30</msg>
<status status="PASS" starttime="20221101 23:01:03.512" endtime="20221101 23:01:03.513"/>
</kw>
<kw name="TWI_Write_Byte" library="TWI_Serial_library">
<arg>Data=54 53 00 16 54 57 10 20 01 00 00 C0 00 00 00 00 FF FF FF FD 53 ${portNum} 2E ${pinNum} 3D 31</arg>
<arg>Port Number=${Port Number}</arg>
<doc>TWI KeyWord ,It writes ONE Byte on the serial port
paramaters: Data -&gt; paramarter will hold the data to be sent
Port Number -&gt; which port will write the data on
Encoding -&gt; Encoding type (ascii,utf-8)
Number of Bytes -&gt; number of bytes will be send
Returns none</doc>
<kw name="Write Data" library="SerialLibrary">
<arg>data=${Data}</arg>
<arg>encoding=${Encoding}</arg>
<arg>port_locator=${Port Number}</arg>
<doc>Writes data into the port.</doc>
<status status="PASS" starttime="20221101 23:01:03.515" endtime="20221101 23:01:03.516"/>
</kw>
<status status="PASS" starttime="20221101 23:01:03.513" endtime="20221101 23:01:03.516"/>
</kw>
<status status="PASS" starttime="20221101 23:01:03.510" endtime="20221101 23:01:03.516"/>
</kw>
<kw name="Sleep" library="BuiltIn">
<arg>8</arg>
<doc>Pauses the test executed for the given time.</doc>
<msg timestamp="20221101 23:01:11.518" level="INFO">Slept 8 seconds</msg>
<status status="PASS" starttime="20221101 23:01:03.516" endtime="20221101 23:01:11.518"/>
</kw>
<status status="PASS" starttime="20221101 23:00:58.497" endtime="20221101 23:01:11.518"/>
</kw>
<status status="PASS" starttime="20221101 23:00:27.443" endtime="20221101 23:01:11.519"/>
</kw>
<test id="s1-t1" name="Test Case 1" line="7">
<kw name="setup and open appdm app" library="Insulte_ios_app_resources">
<kw name="Open Application" library="AppiumLibrary">
<arg>${APPIUM_SERVER}</arg>
<arg>platformName=iOS</arg>
<arg>platformVersion=${version}</arg>
<arg>deviceName=${deviceName}</arg>
<arg>app=${app_appdm}</arg>
<arg>udid=${udid}</arg>
<arg>xcodeOrgId=${xcodeOrgId}</arg>
<arg>automationName=${automationName}</arg>
<arg>xcodeSigningId=${xcodeSigningId}</arg>
<arg>useNewWDA =false</arg>
<arg>waitForIdleTimeout =0</arg>
<arg>usePrebuiltWDA=false</arg>
<arg>derivedDataPath=/Users/user/Library/Developer/Xcode/DerivedData/WebDriverAgent-eefnhsnbzqkaizbywdkxfgbhslib</arg>
<arg>noReset=true</arg>
<arg>wdaLocalPort=8100</arg>
<doc>Opens a new application to given Appium server.
Capabilities of appium server, Android and iOS,
Please check https://github.com/appium/appium/blob/master/docs/en/writing-running-appium/server-args.md
| *Option*            | *Man.* | *Description*     |
| remote_url          | Yes    | Appium server url |
| alias               | no     | alias             |
| strict_ssl          | No     | allows you to send commands to an invalid certificate host like a self-signed one. |</doc>
<status status="PASS" starttime="20221101 23:01:11.522" endtime="20221101 23:01:12.103"/>
</kw>
<status status="PASS" starttime="20221101 23:01:11.521" endtime="20221101 23:01:12.103"/>
</kw>
<kw name="Click Element" library="AppiumLibrary">
<arg>accessibility_id=RegisterMyPhoneBtn</arg>
<doc>Click element identified by `locator`.</doc>
<msg timestamp="20221101 23:01:12.105" level="INFO">Clicking element 'accessibility_id=RegisterMyPhoneBtn'.</msg>
<status status="PASS" starttime="20221101 23:01:12.103" endtime="20221101 23:01:12.651"/>
</kw>
<kw name="Page Should Contain Element" library="AppiumLibrary">
<arg>accessibility_id=Validating your device</arg>
<doc>Verifies that current page contains `locator` element.</doc>
<msg timestamp="20221101 23:01:12.787" level="INFO">Current page contains element 'accessibility_id=Validating your device'.</msg>
<status status="PASS" starttime="20221101 23:01:12.652" endtime="20221101 23:01:12.787"/>
</kw>
<kw name="Wait Until Element Is Visible" library="AppiumLibrary">
<arg>accessibility_id=ResetSDKBtn</arg>
<arg>90s</arg>
<doc>Waits until element specified with `locator` is visible.</doc>
<status status="PASS" starttime="20221101 23:01:12.787" endtime="20221101 23:01:29.422"/>
</kw>
<kw name="Click Element" library="AppiumLibrary">
<arg>accessibility_id=ResetSDKBtn</arg>
<doc>Click element identified by `locator`.</doc>
<msg timestamp="20221101 23:01:29.424" level="INFO">Clicking element 'accessibility_id=ResetSDKBtn'.</msg>
<status status="PASS" starttime="20221101 23:01:29.422" endtime="20221101 23:01:30.227"/>
</kw>
<doc>Testing that the registration process is successful without phone number.</doc>
<tag>APPDM IOS APP</tag>
<status status="PASS" starttime="20221101 23:01:11.519" endtime="20221101 23:01:30.227"/>
</test>
<test id="s1-t2" name="Test Case 2" line="15">
<kw name="toggle wifi" library="Insulte_ios_app_resources">
<kw name="Swipe" library="AppiumLibrary">
<arg>350</arg>
<arg>5</arg>
<arg>350</arg>
<arg>100</arg>
<arg>100</arg>
<doc>Swipe from one point to another point, for an optional duration.</doc>
<status status="PASS" starttime="20221101 23:01:30.229" endtime="20221101 23:01:30.745"/>
</kw>
<kw name="Click Element" library="AppiumLibrary">
<arg>accessibility_id=wifi-button</arg>
<doc>Click element identified by `locator`.</doc>
<msg timestamp="20221101 23:01:30.749" level="INFO">Clicking element 'accessibility_id=wifi-button'.</msg>
<status status="PASS" starttime="20221101 23:01:30.745" endtime="20221101 23:01:31.649"/>
</kw>
<kw name="Swipe" library="AppiumLibrary">
<arg>350</arg>
<arg>600</arg>
<arg>350</arg>
<arg>580</arg>
<arg>100</arg>
<doc>Swipe from one point to another point, for an optional duration.</doc>
<status status="PASS" starttime="20221101 23:01:31.650" endtime="20221101 23:01:32.546"/>
</kw>
<status status="PASS" starttime="20221101 23:01:30.229" endtime="20221101 23:01:32.547"/>
</kw>
<kw name="Wait Until Element Is Visible" library="AppiumLibrary">
<arg>accessibility_id=RegisterMyPhoneBtn</arg>
<arg>10s</arg>
<doc>Waits until element specified with `locator` is visible.</doc>
<status status="PASS" starttime="20221101 23:01:32.547" endtime="20221101 23:01:32.721"/>
</kw>
<kw name="Click Element" library="AppiumLibrary">
<arg>accessibility_id=RegisterMyPhoneBtn</arg>
<doc>Click element identified by `locator`.</doc>
<msg timestamp="20221101 23:01:32.724" level="INFO">Clicking element 'accessibility_id=RegisterMyPhoneBtn'.</msg>
<status status="PASS" starttime="20221101 23:01:32.722" endtime="20221101 23:01:33.237"/>
</kw>
<kw name="Wait Until Element Is Visible" library="AppiumLibrary">
<arg>accessibility_id=No Internet connection.</arg>
<arg>20s</arg>
<doc>Waits until element specified with `locator` is visible.</doc>
<status status="PASS" starttime="20221101 23:01:33.241" endtime="20221101 23:01:33.464"/>
</kw>
<kw name="Click Element" library="AppiumLibrary">
<arg>accessibility_id=Ok</arg>
<doc>Click element identified by `locator`.</doc>
<msg timestamp="20221101 23:01:33.467" level="INFO">Clicking element 'accessibility_id=Ok'.</msg>
<status status="PASS" starttime="20221101 23:01:33.464" endtime="20221101 23:01:34.300"/>
</kw>
<kw name="toggle wifi" library="Insulte_ios_app_resources">
<kw name="Swipe" library="AppiumLibrary">
<arg>350</arg>
<arg>5</arg>
<arg>350</arg>
<arg>100</arg>
<arg>100</arg>
<doc>Swipe from one point to another point, for an optional duration.</doc>
<status status="PASS" starttime="20221101 23:01:34.300" endtime="20221101 23:01:34.813"/>
</kw>
<kw name="Click Element" library="AppiumLibrary">
<arg>accessibility_id=wifi-button</arg>
<doc>Click element identified by `locator`.</doc>
<msg timestamp="20221101 23:01:34.817" level="INFO">Clicking element 'accessibility_id=wifi-button'.</msg>
<status status="PASS" starttime="20221101 23:01:34.813" endtime="20221101 23:01:35.763"/>
</kw>
<kw name="Swipe" library="AppiumLibrary">
<arg>350</arg>
<arg>600</arg>
<arg>350</arg>
<arg>580</arg>
<arg>100</arg>
<doc>Swipe from one point to another point, for an optional duration.</doc>
<status status="PASS" starttime="20221101 23:01:35.763" endtime="20221101 23:01:36.767"/>
</kw>
<status status="PASS" starttime="20221101 23:01:34.300" endtime="20221101 23:01:36.767"/>
</kw>
<doc>Testing that the registration process will fail if there is no internet connection.</doc>
<tag>APPDM IOS APP</tag>
<status status="PASS" starttime="20221101 23:01:30.228" endtime="20221101 23:01:36.767"/>
</test>
<test id="s1-t3" name="Test Case 3" line="24">
<kw name="turn Passcode Off" library="Insulte_ios_app_resources">
<kw name="open settings app" library="Insulte_ios_app_resources">
<kw name="Open Application" library="AppiumLibrary">
<arg>${APPIUM_SERVER}</arg>
<arg>platformName=iOS</arg>
<arg>platformVersion=${version}</arg>
<arg>deviceName=${deviceName}</arg>
<arg>app=${app_settings}</arg>
<arg>udid=${udid}</arg>
<arg>xcodeOrgId=${xcodeOrgId}</arg>
<arg>automationName=${automationName}</arg>
<arg>xcodeSigningId=${xcodeSigningId}</arg>
<arg>useNewWDA =false</arg>
<arg>usePrebuiltWDA=false</arg>
<arg>waitForIdleTimeout =0</arg>
<arg>derivedDataPath=/Users/user/Library/Developer/Xcode/DerivedData/WebDriverAgent-eefnhsnbzqkaizbywdkxfgbhslib</arg>
<arg>wdaLocalPort=8100</arg>
<doc>Opens a new application to given Appium server.
Capabilities of appium server, Android and iOS,
Please check https://github.com/appium/appium/blob/master/docs/en/writing-running-appium/server-args.md
| *Option*            | *Man.* | *Description*     |
| remote_url          | Yes    | Appium server url |
| alias               | no     | alias             |
| strict_ssl          | No     | allows you to send commands to an invalid certificate host like a self-signed one. |</doc>
<status status="PASS" starttime="20221101 23:01:36.769" endtime="20221101 23:01:38.672"/>
</kw>
<status status="PASS" starttime="20221101 23:01:36.769" endtime="20221101 23:01:38.672"/>
</kw>
<kw name="Click Element" library="AppiumLibrary">
<arg>Face ID &amp; Passcode</arg>
<doc>Click element identified by `locator`.</doc>
<msg timestamp="20221101 23:01:38.674" level="INFO">Clicking element 'Face ID &amp; Passcode'.</msg>
<msg timestamp="20221101 23:01:40.801" level="INFO">criteria is Face ID &amp; Passcode</msg>
<status status="PASS" starttime="20221101 23:01:38.672" endtime="20221101 23:01:40.801"/>
</kw>
<kw name="Input Password" library="AppiumLibrary">
<arg>accessibility_id=Passcode</arg>
<arg>134679</arg>
<doc>Types the given password into text field identified by `locator`.</doc>
<msg timestamp="20221101 23:01:40.805" level="INFO">Typing password into text field 'accessibility_id=Passcode'</msg>
<status status="PASS" starttime="20221101 23:01:40.801" endtime="20221101 23:01:41.903"/>
</kw>
<kw name="Sleep" library="BuiltIn">
<arg>0.5s</arg>
<doc>Pauses the test executed for the given time.</doc>
<msg timestamp="20221101 23:01:42.404" level="INFO">Slept 500 milliseconds</msg>
<status status="PASS" starttime="20221101 23:01:41.903" endtime="20221101 23:01:42.405"/>
</kw>
<kw name="Click Text" library="AppiumLibrary">
<arg>Turn Passcode Off</arg>
<doc>Click text identified by ``text``.</doc>
<msg timestamp="20221101 23:01:44.059" level="INFO">criteria is Turn Passcode Off</msg>
<status status="PASS" starttime="20221101 23:01:42.405" endtime="20221101 23:01:44.059"/>
</kw>
<kw name="Input Password" library="AppiumLibrary">
<arg>accessibility_id=Passcode</arg>
<arg>134679</arg>
<doc>Types the given password into text field identified by `locator`.</doc>
<msg timestamp="20221101 23:01:44.061" level="INFO">Typing password into text field 'accessibility_id=Passcode'</msg>
<status status="PASS" starttime="20221101 23:01:44.059" endtime="20221101 23:01:45.131"/>
</kw>
<status status="PASS" starttime="20221101 23:01:36.768" endtime="20221101 23:01:45.132"/>
</kw>
<kw name="setup and open appdm app" library="Insulte_ios_app_resources">
<kw name="Open Application" library="AppiumLibrary">
<arg>${APPIUM_SERVER}</arg>
<arg>platformName=iOS</arg>
<arg>platformVersion=${version}</arg>
<arg>deviceName=${deviceName}</arg>
<arg>app=${app_appdm}</arg>
<arg>udid=${udid}</arg>
<arg>xcodeOrgId=${xcodeOrgId}</arg>
<arg>automationName=${automationName}</arg>
<arg>xcodeSigningId=${xcodeSigningId}</arg>
<arg>useNewWDA =false</arg>
<arg>waitForIdleTimeout =0</arg>
<arg>usePrebuiltWDA=false</arg>
<arg>derivedDataPath=/Users/user/Library/Developer/Xcode/DerivedData/WebDriverAgent-eefnhsnbzqkaizbywdkxfgbhslib</arg>
<arg>noReset=true</arg>
<arg>wdaLocalPort=8100</arg>
<doc>Opens a new application to given Appium server.
Capabilities of appium server, Android and iOS,
Please check https://github.com/appium/appium/blob/master/docs/en/writing-running-appium/server-args.md
| *Option*            | *Man.* | *Description*     |
| remote_url          | Yes    | Appium server url |
| alias               | no     | alias             |
| strict_ssl          | No     | allows you to send commands to an invalid certificate host like a self-signed one. |</doc>
<status status="PASS" starttime="20221101 23:01:45.132" endtime="20221101 23:01:50.327"/>
</kw>
<status status="PASS" starttime="20221101 23:01:45.132" endtime="20221101 23:01:50.328"/>
</kw>
<kw name="Wait Until Element Is Visible" library="AppiumLibrary">
<arg>accessibility_id=RegisterMyPhoneBtn</arg>
<doc>Waits until element specified with `locator` is visible.</doc>
<status status="PASS" starttime="20221101 23:01:50.328" endtime="20221101 23:01:50.482"/>
</kw>
<kw name="Click Element" library="AppiumLibrary">
<arg>accessibility_id=RegisterMyPhoneBtn</arg>
<doc>Click element identified by `locator`.</doc>
<msg timestamp="20221101 23:01:50.486" level="INFO">Clicking element 'accessibility_id=RegisterMyPhoneBtn'.</msg>
<status status="PASS" starttime="20221101 23:01:50.483" endtime="20221101 23:01:50.989"/>
</kw>
<kw name="Wait Until Element Is Visible" library="AppiumLibrary">
<arg>accessibility_id=Biometry Id Not Enabled.</arg>
<arg>30s</arg>
<doc>Waits until element specified with `locator` is visible.</doc>
<status status="PASS" starttime="20221101 23:01:50.989" endtime="20221101 23:01:56.613"/>
</kw>
<kw name="Click Element" library="AppiumLibrary">
<arg>accessibility_id=Ok</arg>
<doc>Click element identified by `locator`.</doc>
<msg timestamp="20221101 23:01:56.615" level="INFO">Clicking element 'accessibility_id=Ok'.</msg>
<status status="PASS" starttime="20221101 23:01:56.613" endtime="20221101 23:01:57.422"/>
</kw>
<doc>Testing that the phone doesn’t have a passcode and the cloud app requires the primary key.</doc>
<tag>APPDM IOS APP</tag>
<status status="PASS" starttime="20221101 23:01:36.768" endtime="20221101 23:01:57.422"/>
</test>
<test id="s1-t4" name="Test Case 4" line="34">
<kw name="disable primary key from cloud app" library="Insulte_ios_app_resources">
<kw name="Open Browser" library="SeleniumLibrary">
<arg>https://twi-services.com/twi-cloud-portal-r2/#/login</arg>
<arg>chrome</arg>
<doc>Opens a new browser instance to the optional ``url``.</doc>
<msg timestamp="20221101 23:01:57.424" level="INFO">Opening browser 'chrome' to base url 'https://twi-services.com/twi-cloud-portal-r2/#/login'.</msg>
<status status="PASS" starttime="20221101 23:01:57.423" endtime="20221101 23:02:02.898"/>
</kw>
<kw name="Wait Until Element Is Visible" library="SeleniumLibrary">
<arg>name=email</arg>
<doc>Waits until the element ``locator`` is visible.</doc>
<status status="PASS" starttime="20221101 23:02:02.899" endtime="20221101 23:02:02.929"/>
</kw>
<kw name="Input Text" library="SeleniumLibrary">
<arg>name=email</arg>
<arg>text=admin@thirdwayv.com</arg>
<doc>Types the given ``text`` into the text field identified by ``locator``.</doc>
<msg timestamp="20221101 23:02:02.929" level="INFO">Typing text 'admin@thirdwayv.com' into text field 'name=email'.</msg>
<status status="PASS" starttime="20221101 23:02:02.929" endtime="20221101 23:02:03.046"/>
</kw>
<kw name="Input Text" library="SeleniumLibrary">
<arg>name=password</arg>
<arg>text=Admin!123</arg>
<doc>Types the given ``text`` into the text field identified by ``locator``.</doc>
<msg timestamp="20221101 23:02:03.046" level="INFO">Typing text 'Admin!123' into text field 'name=password'.</msg>
<status status="PASS" starttime="20221101 23:02:03.046" endtime="20221101 23:02:03.121"/>
</kw>
<kw name="Click Button" library="SeleniumLibrary">
<arg>id=loginButton</arg>
<doc>Clicks the button identified by ``locator``.</doc>
<msg timestamp="20221101 23:02:03.122" level="INFO">Clicking button 'id=loginButton'.</msg>
<status status="PASS" starttime="20221101 23:02:03.122" endtime="20221101 23:02:03.195"/>
</kw>
<kw name="Wait Until Element Is Visible" library="SeleniumLibrary">
<arg>id=mat-input-0</arg>
<doc>Waits until the element ``locator`` is visible.</doc>
<status status="PASS" starttime="20221101 23:02:03.195" endtime="20221101 23:02:04.953"/>
</kw>
<kw name="Input Text" library="SeleniumLibrary">
<arg>id=mat-input-0</arg>
<arg>text=a36ae445bfd34a52ffa2e414</arg>
<doc>Types the given ``text`` into the text field identified by ``locator``.</doc>
<msg timestamp="20221101 23:02:04.953" level="INFO">Typing text 'a36ae445bfd34a52ffa2e414' into text field 'id=mat-input-0'.</msg>
<status status="PASS" starttime="20221101 23:02:04.953" endtime="20221101 23:02:05.133"/>
</kw>
<kw name="Sleep" library="BuiltIn">
<arg>1s</arg>
<doc>Pauses the test executed for the given time.</doc>
<msg timestamp="20221101 23:02:06.135" level="INFO">Slept 1 second</msg>
<status status="PASS" starttime="20221101 23:02:05.133" endtime="20221101 23:02:06.135"/>
</kw>
<kw name="Press Keys" library="SeleniumLibrary">
<arg>id=mat-input-0</arg>
<arg>RETURN</arg>
<doc>Simulates the user pressing key(s) to an element or on the active browser.</doc>
<msg timestamp="20221101 23:02:06.137" level="INFO">Sending key(s) ('RETURN',) to id=mat-input-0 element.</msg>
<msg timestamp="20221101 23:02:06.423" level="INFO">Pressing special key RETURN to element.</msg>
<msg timestamp="20221101 23:02:06.423" level="INFO">Releasing special key RETURN.</msg>
<status status="PASS" starttime="20221101 23:02:06.135" endtime="20221101 23:02:06.441"/>
</kw>
<kw name="Press Keys" library="SeleniumLibrary">
<arg>id=mat-input-0</arg>
<arg>RETURN</arg>
<doc>Simulates the user pressing key(s) to an element or on the active browser.</doc>
<msg timestamp="20221101 23:02:06.442" level="INFO">Sending key(s) ('RETURN',) to id=mat-input-0 element.</msg>
<msg timestamp="20221101 23:02:06.724" level="INFO">Pressing special key RETURN to element.</msg>
<msg timestamp="20221101 23:02:06.725" level="INFO">Releasing special key RETURN.</msg>
<status status="PASS" starttime="20221101 23:02:06.441" endtime="20221101 23:02:06.736"/>
</kw>
<kw name="Sleep" library="BuiltIn">
<arg>2s</arg>
<doc>Pauses the test executed for the given time.</doc>
<msg timestamp="20221101 23:02:08.738" level="INFO">Slept 2 seconds</msg>
<status status="PASS" starttime="20221101 23:02:06.736" endtime="20221101 23:02:08.738"/>
</kw>
<kw name="Click Button" library="SeleniumLibrary">
<arg>edit</arg>
<doc>Clicks the button identified by ``locator``.</doc>
<msg timestamp="20221101 23:02:08.739" level="INFO">Clicking button 'edit'.</msg>
<status status="PASS" starttime="20221101 23:02:08.738" endtime="20221101 23:02:08.858"/>
</kw>
<kw name="Sleep" library="BuiltIn">
<arg>2s</arg>
<doc>Pauses the test executed for the given time.</doc>
<msg timestamp="20221101 23:02:10.860" level="INFO">Slept 2 seconds</msg>
<status status="PASS" starttime="20221101 23:02:08.859" endtime="20221101 23:02:10.860"/>
</kw>
<kw name="Click Element" library="SeleniumLibrary">
<arg>id=Group_1</arg>
<doc>Click the element identified by ``locator``.</doc>
<msg timestamp="20221101 23:02:10.862" level="INFO">Clicking element 'id=Group_1'.</msg>
<status status="PASS" starttime="20221101 23:02:10.861" endtime="20221101 23:02:10.937"/>
</kw>
<kw name="Click Element" library="SeleniumLibrary">
<arg>id=mat-option-8</arg>
<doc>Click the element identified by ``locator``.</doc>
<msg timestamp="20221101 23:02:10.938" level="INFO">Clicking element 'id=mat-option-8'.</msg>
<status status="PASS" starttime="20221101 23:02:10.937" endtime="20221101 23:02:10.976"/>
</kw>
<kw name="Sleep" library="BuiltIn">
<arg>1s</arg>
<doc>Pauses the test executed for the given time.</doc>
<msg timestamp="20221101 23:02:11.977" level="INFO">Slept 1 second</msg>
<status status="PASS" starttime="20221101 23:02:10.976" endtime="20221101 23:02:11.977"/>
</kw>
<kw name="Click Button" library="SeleniumLibrary">
<arg>Edit</arg>
<doc>Clicks the button identified by ``locator``.</doc>
<msg timestamp="20221101 23:02:11.979" level="INFO">Clicking button 'Edit'.</msg>
<status status="PASS" starttime="20221101 23:02:11.978" endtime="20221101 23:02:12.048"/>
</kw>
<kw name="Sleep" library="BuiltIn">
<arg>1</arg>
<doc>Pauses the test executed for the given time.</doc>
<msg timestamp="20221101 23:02:13.050" level="INFO">Slept 1 second</msg>
<status status="PASS" starttime="20221101 23:02:12.048" endtime="20221101 23:02:13.050"/>
</kw>
<kw name="Close Browser" library="SeleniumLibrary">
<doc>Closes the current browser.</doc>
<status status="PASS" starttime="20221101 23:02:13.050" endtime="20221101 23:02:13.144"/>
</kw>
<status status="PASS" starttime="20221101 23:01:57.423" endtime="20221101 23:02:13.144"/>
</kw>
<kw name="setup and open appdm app" library="Insulte_ios_app_resources">
<kw name="Open Application" library="AppiumLibrary">
<arg>${APPIUM_SERVER}</arg>
<arg>platformName=iOS</arg>
<arg>platformVersion=${version}</arg>
<arg>deviceName=${deviceName}</arg>
<arg>app=${app_appdm}</arg>
<arg>udid=${udid}</arg>
<arg>xcodeOrgId=${xcodeOrgId}</arg>
<arg>automationName=${automationName}</arg>
<arg>xcodeSigningId=${xcodeSigningId}</arg>
<arg>useNewWDA =false</arg>
<arg>waitForIdleTimeout =0</arg>
<arg>usePrebuiltWDA=false</arg>
<arg>derivedDataPath=/Users/user/Library/Developer/Xcode/DerivedData/WebDriverAgent-eefnhsnbzqkaizbywdkxfgbhslib</arg>
<arg>noReset=true</arg>
<arg>wdaLocalPort=8100</arg>
<doc>Opens a new application to given Appium server.
Capabilities of appium server, Android and iOS,
Please check https://github.com/appium/appium/blob/master/docs/en/writing-running-appium/server-args.md
| *Option*            | *Man.* | *Description*     |
| remote_url          | Yes    | Appium server url |
| alias               | no     | alias             |
| strict_ssl          | No     | allows you to send commands to an invalid certificate host like a self-signed one. |</doc>
<status status="PASS" starttime="20221101 23:02:13.145" endtime="20221101 23:02:13.724"/>
</kw>
<status status="PASS" starttime="20221101 23:02:13.145" endtime="20221101 23:02:13.724"/>
</kw>
<kw name="Wait Until Element Is Visible" library="AppiumLibrary">
<arg>accessibility_id=RegisterMyPhoneBtn</arg>
<arg>10s</arg>
<doc>Waits until element specified with `locator` is visible.</doc>
<status status="PASS" starttime="20221101 23:02:13.725" endtime="20221101 23:02:13.897"/>
</kw>
<kw name="Click Element" library="AppiumLibrary">
<arg>accessibility_id=RegisterMyPhoneBtn</arg>
<doc>Click element identified by `locator`.</doc>
<msg timestamp="20221101 23:02:13.900" level="INFO">Clicking element 'accessibility_id=RegisterMyPhoneBtn'.</msg>
<status status="PASS" starttime="20221101 23:02:13.897" endtime="20221101 23:02:14.416"/>
</kw>
<kw name="Wait Until Element Is Visible" library="AppiumLibrary">
<arg>accessibility_id=ResetSDKBtn</arg>
<arg>90s</arg>
<doc>Waits until element specified with `locator` is visible.</doc>
<status status="PASS" starttime="20221101 23:02:14.416" endtime="20221101 23:02:30.059"/>
</kw>
<kw name="Click Element" library="AppiumLibrary">
<arg>accessibility_id=ResetSDKBtn</arg>
<doc>Click element identified by `locator`.</doc>
<msg timestamp="20221101 23:02:30.062" level="INFO">Clicking element 'accessibility_id=ResetSDKBtn'.</msg>
<status status="PASS" starttime="20221101 23:02:30.059" endtime="20221101 23:02:30.821"/>
</kw>
<kw name="enable primary key from cloud app" library="Insulte_ios_app_resources">
<kw name="Open Browser" library="SeleniumLibrary">
<arg>https://twi-services.com/twi-cloud-portal-r2/#/login</arg>
<arg>chrome</arg>
<doc>Opens a new browser instance to the optional ``url``.</doc>
<msg timestamp="20221101 23:02:30.822" level="INFO">Opening browser 'chrome' to base url 'https://twi-services.com/twi-cloud-portal-r2/#/login'.</msg>
<status status="PASS" starttime="20221101 23:02:30.822" endtime="20221101 23:02:36.572"/>
</kw>
<kw name="Wait Until Element Is Visible" library="SeleniumLibrary">
<arg>name=email</arg>
<doc>Waits until the element ``locator`` is visible.</doc>
<status status="PASS" starttime="20221101 23:02:36.572" endtime="20221101 23:02:36.603"/>
</kw>
<kw name="Input Text" library="SeleniumLibrary">
<arg>name=email</arg>
<arg>text=admin@thirdwayv.com</arg>
<doc>Types the given ``text`` into the text field identified by ``locator``.</doc>
<msg timestamp="20221101 23:02:36.604" level="INFO">Typing text 'admin@thirdwayv.com' into text field 'name=email'.</msg>
<status status="PASS" starttime="20221101 23:02:36.603" endtime="20221101 23:02:36.697"/>
</kw>
<kw name="Input Text" library="SeleniumLibrary">
<arg>name=password</arg>
<arg>text=Admin!123</arg>
<doc>Types the given ``text`` into the text field identified by ``locator``.</doc>
<msg timestamp="20221101 23:02:36.697" level="INFO">Typing text 'Admin!123' into text field 'name=password'.</msg>
<status status="PASS" starttime="20221101 23:02:36.697" endtime="20221101 23:02:36.761"/>
</kw>
<kw name="Click Button" library="SeleniumLibrary">
<arg>id=loginButton</arg>
<doc>Clicks the button identified by ``locator``.</doc>
<msg timestamp="20221101 23:02:36.762" level="INFO">Clicking button 'id=loginButton'.</msg>
<status status="PASS" starttime="20221101 23:02:36.761" endtime="20221101 23:02:36.814"/>
</kw>
<kw name="Wait Until Element Is Visible" library="SeleniumLibrary">
<arg>id=mat-input-0</arg>
<doc>Waits until the element ``locator`` is visible.</doc>
<status status="PASS" starttime="20221101 23:02:36.814" endtime="20221101 23:02:38.545"/>
</kw>
<kw name="Input Text" library="SeleniumLibrary">
<arg>id=mat-input-0</arg>
<arg>text=a36ae445bfd34a52ffa2e414</arg>
<doc>Types the given ``text`` into the text field identified by ``locator``.</doc>
<msg timestamp="20221101 23:02:38.545" level="INFO">Typing text 'a36ae445bfd34a52ffa2e414' into text field 'id=mat-input-0'.</msg>
<status status="PASS" starttime="20221101 23:02:38.545" endtime="20221101 23:02:38.717"/>
</kw>
<kw name="Sleep" library="BuiltIn">
<arg>1s</arg>
<doc>Pauses the test executed for the given time.</doc>
<msg timestamp="20221101 23:02:39.717" level="INFO">Slept 1 second</msg>
<status status="PASS" starttime="20221101 23:02:38.717" endtime="20221101 23:02:39.718"/>
</kw>
<kw name="Press Keys" library="SeleniumLibrary">
<arg>id=mat-input-0</arg>
<arg>RETURN</arg>
<doc>Simulates the user pressing key(s) to an element or on the active browser.</doc>
<msg timestamp="20221101 23:02:39.720" level="INFO">Sending key(s) ('RETURN',) to id=mat-input-0 element.</msg>
<msg timestamp="20221101 23:02:42.145" level="INFO">Pressing special key RETURN to element.</msg>
<msg timestamp="20221101 23:02:42.145" level="INFO">Releasing special key RETURN.</msg>
<status status="PASS" starttime="20221101 23:02:39.718" endtime="20221101 23:02:42.166"/>
</kw>
<kw name="Press Keys" library="SeleniumLibrary">
<arg>id=mat-input-0</arg>
<arg>RETURN</arg>
<doc>Simulates the user pressing key(s) to an element or on the active browser.</doc>
<msg timestamp="20221101 23:02:42.167" level="INFO">Sending key(s) ('RETURN',) to id=mat-input-0 element.</msg>
<msg timestamp="20221101 23:02:47.619" level="INFO">Pressing special key RETURN to element.</msg>
<msg timestamp="20221101 23:02:47.619" level="INFO">Releasing special key RETURN.</msg>
<status status="PASS" starttime="20221101 23:02:42.166" endtime="20221101 23:02:47.625"/>
</kw>
<kw name="Sleep" library="BuiltIn">
<arg>2s</arg>
<doc>Pauses the test executed for the given time.</doc>
<msg timestamp="20221101 23:02:49.626" level="INFO">Slept 2 seconds</msg>
<status status="PASS" starttime="20221101 23:02:47.625" endtime="20221101 23:02:49.626"/>
</kw>
<kw name="Click Button" library="SeleniumLibrary">
<arg>edit</arg>
<doc>Clicks the button identified by ``locator``.</doc>
<msg timestamp="20221101 23:02:49.628" level="INFO">Clicking button 'edit'.</msg>
<status status="PASS" starttime="20221101 23:02:49.627" endtime="20221101 23:02:49.762"/>
</kw>
<kw name="Sleep" library="BuiltIn">
<arg>2s</arg>
<doc>Pauses the test executed for the given time.</doc>
<msg timestamp="20221101 23:02:51.762" level="INFO">Slept 2 seconds</msg>
<status status="PASS" starttime="20221101 23:02:49.762" endtime="20221101 23:02:51.762"/>
</kw>
<kw name="Click Element" library="SeleniumLibrary">
<arg>id=Group_1</arg>
<doc>Click the element identified by ``locator``.</doc>
<msg timestamp="20221101 23:02:51.763" level="INFO">Clicking element 'id=Group_1'.</msg>
<status status="PASS" starttime="20221101 23:02:51.763" endtime="20221101 23:02:51.818"/>
</kw>
<kw name="Click Element" library="SeleniumLibrary">
<arg>id=mat-option-7</arg>
<doc>Click the element identified by ``locator``.</doc>
<msg timestamp="20221101 23:02:51.819" level="INFO">Clicking element 'id=mat-option-7'.</msg>
<status status="PASS" starttime="20221101 23:02:51.818" endtime="20221101 23:02:51.864"/>
</kw>
<kw name="Sleep" library="BuiltIn">
<arg>1s</arg>
<doc>Pauses the test executed for the given time.</doc>
<msg timestamp="20221101 23:02:52.864" level="INFO">Slept 1 second</msg>
<status status="PASS" starttime="20221101 23:02:51.864" endtime="20221101 23:02:52.864"/>
</kw>
<kw name="Click Button" library="SeleniumLibrary">
<arg>Edit</arg>
<doc>Clicks the button identified by ``locator``.</doc>
<msg timestamp="20221101 23:02:52.865" level="INFO">Clicking button 'Edit'.</msg>
<status status="PASS" starttime="20221101 23:02:52.865" endtime="20221101 23:02:52.936"/>
</kw>
<kw name="Sleep" library="BuiltIn">
<arg>1</arg>
<doc>Pauses the test executed for the given time.</doc>
<msg timestamp="20221101 23:02:53.937" level="INFO">Slept 1 second</msg>
<status status="PASS" starttime="20221101 23:02:52.936" endtime="20221101 23:02:53.937"/>
</kw>
<kw name="Close Browser" library="SeleniumLibrary">
<doc>Closes the current browser.</doc>
<status status="PASS" starttime="20221101 23:02:53.938" endtime="20221101 23:02:54.013"/>
</kw>
<status status="PASS" starttime="20221101 23:02:30.821" endtime="20221101 23:02:54.013"/>
</kw>
<kw name="turn Passcode On" library="Insulte_ios_app_resources">
<kw name="open settings app" library="Insulte_ios_app_resources">
<kw name="Open Application" library="AppiumLibrary">
<arg>${APPIUM_SERVER}</arg>
<arg>platformName=iOS</arg>
<arg>platformVersion=${version}</arg>
<arg>deviceName=${deviceName}</arg>
<arg>app=${app_settings}</arg>
<arg>udid=${udid}</arg>
<arg>xcodeOrgId=${xcodeOrgId}</arg>
<arg>automationName=${automationName}</arg>
<arg>xcodeSigningId=${xcodeSigningId}</arg>
<arg>useNewWDA =false</arg>
<arg>usePrebuiltWDA=false</arg>
<arg>waitForIdleTimeout =0</arg>
<arg>derivedDataPath=/Users/user/Library/Developer/Xcode/DerivedData/WebDriverAgent-eefnhsnbzqkaizbywdkxfgbhslib</arg>
<arg>wdaLocalPort=8100</arg>
<doc>Opens a new application to given Appium server.
Capabilities of appium server, Android and iOS,
Please check https://github.com/appium/appium/blob/master/docs/en/writing-running-appium/server-args.md
| *Option*            | *Man.* | *Description*     |
| remote_url          | Yes    | Appium server url |
| alias               | no     | alias             |
| strict_ssl          | No     | allows you to send commands to an invalid certificate host like a self-signed one. |</doc>
<status status="PASS" starttime="20221101 23:02:54.014" endtime="20221101 23:02:56.110"/>
</kw>
<status status="PASS" starttime="20221101 23:02:54.014" endtime="20221101 23:02:56.111"/>
</kw>
<kw name="Click Element" library="AppiumLibrary">
<arg>Face ID &amp; Passcode</arg>
<doc>Click element identified by `locator`.</doc>
<msg timestamp="20221101 23:02:56.115" level="INFO">Clicking element 'Face ID &amp; Passcode'.</msg>
<msg timestamp="20221101 23:02:58.261" level="INFO">criteria is Face ID &amp; Passcode</msg>
<status status="PASS" starttime="20221101 23:02:56.111" endtime="20221101 23:02:58.261"/>
</kw>
<kw name="Sleep" library="BuiltIn">
<arg>0.5s</arg>
<doc>Pauses the test executed for the given time.</doc>
<msg timestamp="20221101 23:02:58.763" level="INFO">Slept 500 milliseconds</msg>
<status status="PASS" starttime="20221101 23:02:58.262" endtime="20221101 23:02:58.763"/>
</kw>
<kw name="Click Text" library="AppiumLibrary">
<arg>Turn Passcode On</arg>
<doc>Click text identified by ``text``.</doc>
<msg timestamp="20221101 23:03:01.059" level="INFO">criteria is Turn Passcode On</msg>
<status status="PASS" starttime="20221101 23:02:58.763" endtime="20221101 23:03:01.059"/>
</kw>
<kw name="Input Password" library="AppiumLibrary">
<arg>accessibility_id=Passcode</arg>
<arg>134679</arg>
<doc>Types the given password into text field identified by `locator`.</doc>
<msg timestamp="20221101 23:03:01.063" level="INFO">Typing password into text field 'accessibility_id=Passcode'</msg>
<status status="PASS" starttime="20221101 23:03:01.059" endtime="20221101 23:03:02.158"/>
</kw>
<kw name="Sleep" library="BuiltIn">
<arg>0.5s</arg>
<doc>Pauses the test executed for the given time.</doc>
<msg timestamp="20221101 23:03:02.659" level="INFO">Slept 500 milliseconds</msg>
<status status="PASS" starttime="20221101 23:03:02.158" endtime="20221101 23:03:02.659"/>
</kw>
<kw name="Input Password" library="AppiumLibrary">
<arg>accessibility_id=Passcode</arg>
<arg>134679</arg>
<doc>Types the given password into text field identified by `locator`.</doc>
<msg timestamp="20221101 23:03:02.668" level="INFO">Typing password into text field 'accessibility_id=Passcode'</msg>
<status status="PASS" starttime="20221101 23:03:02.660" endtime="20221101 23:03:03.725"/>
</kw>
<status status="PASS" starttime="20221101 23:02:54.013" endtime="20221101 23:03:03.725"/>
</kw>
<doc>Testing that the user is able to register if it the phone doesn’t have a passcode and the cloud app doesn’t require the primary key.</doc>
<tag>APPDM IOS APP</tag>
<status status="PASS" starttime="20221101 23:01:57.422" endtime="20221101 23:03:03.725"/>
</test>
<test id="s1-t5" name="Test Case 5" line="46">
<kw name="setup and open appdm app" library="Insulte_ios_app_resources">
<kw name="Open Application" library="AppiumLibrary">
<arg>${APPIUM_SERVER}</arg>
<arg>platformName=iOS</arg>
<arg>platformVersion=${version}</arg>
<arg>deviceName=${deviceName}</arg>
<arg>app=${app_appdm}</arg>
<arg>udid=${udid}</arg>
<arg>xcodeOrgId=${xcodeOrgId}</arg>
<arg>automationName=${automationName}</arg>
<arg>xcodeSigningId=${xcodeSigningId}</arg>
<arg>useNewWDA =false</arg>
<arg>waitForIdleTimeout =0</arg>
<arg>usePrebuiltWDA=false</arg>
<arg>derivedDataPath=/Users/user/Library/Developer/Xcode/DerivedData/WebDriverAgent-eefnhsnbzqkaizbywdkxfgbhslib</arg>
<arg>noReset=true</arg>
<arg>wdaLocalPort=8100</arg>
<doc>Opens a new application to given Appium server.
Capabilities of appium server, Android and iOS,
Please check https://github.com/appium/appium/blob/master/docs/en/writing-running-appium/server-args.md
| *Option*            | *Man.* | *Description*     |
| remote_url          | Yes    | Appium server url |
| alias               | no     | alias             |
| strict_ssl          | No     | allows you to send commands to an invalid certificate host like a self-signed one. |</doc>
<status status="PASS" starttime="20221101 23:03:03.727" endtime="20221101 23:03:08.356"/>
</kw>
<status status="PASS" starttime="20221101 23:03:03.726" endtime="20221101 23:03:08.356"/>
</kw>
<kw name="Wait Until Element Is Visible" library="AppiumLibrary">
<arg>accessibility_id=RegisterMyPhoneBtn</arg>
<arg>20s</arg>
<doc>Waits until element specified with `locator` is visible.</doc>
<status status="PASS" starttime="20221101 23:03:08.357" endtime="20221101 23:03:08.528"/>
</kw>
<kw name="Click Element" library="AppiumLibrary">
<arg>accessibility_id=RegisterMyPhoneBtn</arg>
<doc>Click element identified by `locator`.</doc>
<msg timestamp="20221101 23:03:08.530" level="INFO">Clicking element 'accessibility_id=RegisterMyPhoneBtn'.</msg>
<status status="PASS" starttime="20221101 23:03:08.528" endtime="20221101 23:03:09.405"/>
</kw>
<kw name="Wait Until Element Is Visible" library="AppiumLibrary">
<arg>accessibility_id=ResetSDKBtn</arg>
<arg>180s</arg>
<doc>Waits until element specified with `locator` is visible.</doc>
<status status="PASS" starttime="20221101 23:03:09.405" endtime="20221101 23:03:25.176"/>
</kw>
<doc>Testing that TWISDK supports client authentications.</doc>
<tag>APPDM IOS APP</tag>
<status status="PASS" starttime="20221101 23:03:03.726" endtime="20221101 23:03:25.176"/>
</test>
<test id="s1-t6" name="Test Case 6" line="55">
<kw name="Wait Until Element Is Visible" library="AppiumLibrary">
<arg>accessibility_id=ResetSDKBtn</arg>
<arg>90s</arg>
<doc>Waits until element specified with `locator` is visible.</doc>
<status status="PASS" starttime="20221101 23:03:25.177" endtime="20221101 23:03:25.353"/>
</kw>
<kw name="Click Element" library="AppiumLibrary">
<arg>accessibility_id=ResetSDKBtn</arg>
<doc>Click element identified by `locator`.</doc>
<msg timestamp="20221101 23:03:25.356" level="INFO">Clicking element 'accessibility_id=ResetSDKBtn'.</msg>
<status status="PASS" starttime="20221101 23:03:25.353" endtime="20221101 23:03:26.142"/>
</kw>
<kw name="Wait Until Element Is Visible" library="AppiumLibrary">
<arg>accessibility_id=RegisterMyPhoneBtn</arg>
<arg>30s</arg>
<doc>Waits until element specified with `locator` is visible.</doc>
<status status="PASS" starttime="20221101 23:03:26.142" endtime="20221101 23:03:26.659"/>
</kw>
<kw name="Click Element" library="AppiumLibrary">
<arg>accessibility_id=RegisterMyPhoneBtn</arg>
<doc>Click element identified by `locator`.</doc>
<msg timestamp="20221101 23:03:26.662" level="INFO">Clicking element 'accessibility_id=RegisterMyPhoneBtn'.</msg>
<status status="PASS" starttime="20221101 23:03:26.659" endtime="20221101 23:03:27.169"/>
</kw>
<kw name="Wait Until Element Is Visible" library="AppiumLibrary">
<arg>accessibility_id=ResetSDKBtn</arg>
<arg>90s</arg>
<doc>Waits until element specified with `locator` is visible.</doc>
<status status="PASS" starttime="20221101 23:03:27.170" endtime="20221101 23:03:42.849"/>
</kw>
<kw name="Click Element" library="AppiumLibrary">
<arg>accessibility_id=ResetSDKBtn</arg>
<doc>Click element identified by `locator`.</doc>
<msg timestamp="20221101 23:03:42.852" level="INFO">Clicking element 'accessibility_id=ResetSDKBtn'.</msg>
<status status="PASS" starttime="20221101 23:03:42.850" endtime="20221101 23:03:43.641"/>
</kw>
<doc>Testing that TWISDK Clears the registration data to be able to register if updates occur.</doc>
<tag>APPDM IOS APP</tag>
<status status="PASS" starttime="20221101 23:03:25.176" endtime="20221101 23:03:43.642"/>
</test>
<test id="s1-t7" name="Test Case 7" line="64">
<kw name="Launch Application" library="AppiumLibrary">
<doc>*DEPRECATED!!* in selenium v4, use `Activate Application` keyword.</doc>
<msg timestamp="20221101 23:03:43.643" level="WARN">Keyword 'AppiumLibrary.Launch Application' is deprecated. in selenium v4, use `Activate Application` keyword.</msg>
<status status="PASS" starttime="20221101 23:03:43.643" endtime="20221101 23:03:43.999"/>
</kw>
<kw name="Wait Until Element Is Visible" library="AppiumLibrary">
<arg>accessibility_id=PDMIdBtn</arg>
<doc>Waits until element specified with `locator` is visible.</doc>
<status status="PASS" starttime="20221101 23:03:44.000" endtime="20221101 23:03:44.174"/>
</kw>
<kw name="Click Element" library="AppiumLibrary">
<arg>accessibility_id=PDMIdBtn</arg>
<doc>Click element identified by `locator`.</doc>
<msg timestamp="20221101 23:03:44.180" level="INFO">Clicking element 'accessibility_id=PDMIdBtn'.</msg>
<status status="PASS" starttime="20221101 23:03:44.174" endtime="20221101 23:03:44.925"/>
</kw>
<kw name="toggle bluetooth" library="Insulte_ios_app_resources">
<kw name="Swipe" library="AppiumLibrary">
<arg>350</arg>
<arg>5</arg>
<arg>350</arg>
<arg>100</arg>
<arg>100</arg>
<doc>Swipe from one point to another point, for an optional duration.</doc>
<status status="PASS" starttime="20221101 23:03:44.926" endtime="20221101 23:03:45.459"/>
</kw>
<kw name="Click Element" library="AppiumLibrary">
<arg>accessibility_id=bluetooth-button</arg>
<doc>Click element identified by `locator`.</doc>
<msg timestamp="20221101 23:03:45.463" level="INFO">Clicking element 'accessibility_id=bluetooth-button'.</msg>
<status status="PASS" starttime="20221101 23:03:45.460" endtime="20221101 23:03:46.404"/>
</kw>
<kw name="Swipe" library="AppiumLibrary">
<arg>350</arg>
<arg>600</arg>
<arg>350</arg>
<arg>580</arg>
<arg>100</arg>
<doc>Swipe from one point to another point, for an optional duration.</doc>
<status status="PASS" starttime="20221101 23:03:46.404" endtime="20221101 23:03:47.531"/>
</kw>
<status status="PASS" starttime="20221101 23:03:44.926" endtime="20221101 23:03:47.531"/>
</kw>
<kw name="Wait Until Element Is Visible" library="AppiumLibrary">
<arg>accessibility_id=RegisterMyPhoneBtn</arg>
<doc>Waits until element specified with `locator` is visible.</doc>
<status status="PASS" starttime="20221101 23:03:47.531" endtime="20221101 23:03:47.717"/>
</kw>
<kw name="Click Element" library="AppiumLibrary">
<arg>accessibility_id=RegisterMyPhoneBtn</arg>
<doc>Click element identified by `locator`.</doc>
<msg timestamp="20221101 23:03:47.721" level="INFO">Clicking element 'accessibility_id=RegisterMyPhoneBtn'.</msg>
<status status="PASS" starttime="20221101 23:03:47.717" endtime="20221101 23:03:48.226"/>
</kw>
<kw name="scan for devices" library="Insulte_ios_app_resources">
<kw name="Wait Until Keyword Succeeds" library="BuiltIn">
<arg>45x</arg>
<arg>100ms</arg>
<arg>check if device has appeared</arg>
<doc>Runs the specified keyword and retries if it fails.</doc>
<kw name="check if device has appeared" library="Insulte_ios_app_resources">
<kw name="Wait Until Element Is Visible" library="AppiumLibrary">
<arg>accessibility_id=ScanBtn</arg>
<arg>40s</arg>
<doc>Waits until element specified with `locator` is visible.</doc>
<status status="PASS" starttime="20221101 23:03:48.228" endtime="20221101 23:04:05.123"/>
</kw>
<kw name="Click Element" library="AppiumLibrary">
<arg>accessibility_id=ScanBtn</arg>
<doc>Click element identified by `locator`.</doc>
<msg timestamp="20221101 23:04:05.126" level="INFO">Clicking element 'accessibility_id=ScanBtn'.</msg>
<status status="PASS" starttime="20221101 23:04:05.123" endtime="20221101 23:04:05.927"/>
</kw>
<kw name="Wait Until Element Is Visible" library="AppiumLibrary">
<arg>accessibility_id=FoundDeviceL</arg>
<arg>10s</arg>
<doc>Waits until element specified with `locator` is visible.</doc>
<msg timestamp="20221101 23:04:16.603" level="INFO">&lt;?xml version="1.0" encoding="UTF-8"?&gt;
&lt;AppiumAUT&gt;
  &lt;XCUIElementTypeApplication type="XCUIElementTypeApplication" name="APPDM" label="APPDM" enabled="true" visible="true" accessible="false" x="0" y="0" width="428" height="926" index="0"&gt;
    &lt;XCUIElementTypeWindow type="XCUIElementTypeWindow" enabled="true" visible="true" accessible="false" x="0" y="0" width="428" height="926" index="0"&gt;
      &lt;XCUIElementTypeOther type="XCUIElementTypeOther" enabled="true" visible="false" accessible="false" x="0" y="0" width="428" height="926" index="0"&gt;
        &lt;XCUIElementTypeOther type="XCUIElementTypeOther" enabled="true" visible="false" accessible="false" x="0" y="0" width="428" height="926" index="0"&gt;
          &lt;XCUIElementTypeOther type="XCUIElementTypeOther" enabled="true" visible="false" accessible="false" x="0" y="0" width="428" height="926" index="0"&gt;
            &lt;XCUIElementTypeOther type="XCUIElementTypeOther" enabled="true" visible="false" accessible="false" x="0" y="0" width="428" height="926" index="0"&gt;
              &lt;XCUIElementTypeOther type="XCUIElementTypeOther" enabled="true" visible="false" accessible="false" x="0" y="0" width="428" height="926" index="0"&gt;
                &lt;XCUIElementTypeOther type="XCUIElementTypeOther" enabled="true" visible="false" accessible="false" x="0" y="0" width="428" height="926" index="0"&gt;
                  &lt;XCUIElementTypeOther type="XCUIElementTypeOther" enabled="true" visible="false" accessible="false" x="0" y="40" width="428" height="846" index="0"&gt;
                    &lt;XCUIElementTypeButton type="XCUIElementTypeButton" name="ScanBtn" label="Scan for PODs" enabled="true" visible="false" accessible="true" x="8" y="50" width="202" height="34" index="0"&gt;
                      &lt;XCUIElementTypeStaticText type="XCUIElementTypeStaticText" value="Scan for PODs" name="Scan for PODs" label="Scan for PODs" enabled="true" visible="false" accessible="false" x="56" y="58" width="106" height="19" index="0"/&gt;
                    &lt;/XCUIElementTypeButton&gt;
                    &lt;XCUIElementTypeButton type="XCUIElementTypeButton" name="ClearCacheBtn" label="clear cache" enabled="false" visible="false" accessible="true" x="218" y="50" width="202" height="34" index="1"&gt;
                      &lt;XCUIElementTypeStaticText type="XCUIElementTypeStaticText" value="clear cache" name="clear cache" label="clear cache" enabled="true" visible="false" accessible="false" x="277" y="58" width="84" height="19" index="0"/&gt;
                    &lt;/XCUIElementTypeButton&gt;
                    &lt;XCUIElementTypeOther type="XCUIElementTypeOther" enabled="true" visible="false" accessible="false" x="8" y="95" width="412" height="36" index="2"&gt;
                      &lt;XCUIElementTypeButton type="XCUIElementTypeButton" name="ResetSDKBtn" label="Reset SDK" enabled="true" visible="false" accessible="true" x="8" y="95" width="201" height="36" index="0"&gt;
                        &lt;XCUIElementTypeStaticText type="XCUIElementTypeStaticText" value="Reset SDK" name="Reset SDK" label="Reset SDK" enabled="true" visible="false" accessible="false" x="72" y="104" width="73" height="19" index="0"/&gt;
                      &lt;/XCUIElementTypeButton&gt;
                      &lt;XCUIElementTypeButton type="XCUIElementTypeButton" name="AssertDataBtn" label="Assert Data" enabled="true" visible="false" accessible="true" x="219" y="95" width="201" height="36" index="1"&gt;
                        &lt;XCUIElementTypeStaticText type="XCUIElementTypeStaticText" value="Assert Data" name="Assert Data" label="Assert Data" enabled="true" visible="false" accessible="false" x="279" y="104" width="81" height="19" index="0"/&gt;
                      &lt;/XCUIElementTypeButton&gt;
                    &lt;/XCUIElementTypeOther&gt;
                    &lt;XCUIElementTypeStaticText type="XCUIElementTypeStaticText" value="Notifications enabled" name="NotificationsEnabledL" label="Notifications enabled" enabled="true" visible="false" accessible="true" x="8" y="138" width="162" height="22" index="3"/&gt;
                    &lt;XCUIElementTypeSwitch type="XCUIElementTypeSwitch" value="1" name="NotificationEnableSwitchBtn" enabled="true" visible="false" accessible="true" x="371" y="133" width="51" height="32" index="4"/&gt;
                    &lt;XCUIElementTypeTable type="XCUIElementTypeTable" name="Empty list" label="Empty list" enabled="true" visible="false" accessible="true" x="8" y="174" width="412" height="702" index="5"/&gt;
                  &lt;/XCUIElementTypeOther&gt;
                &lt;/XCUIElementTypeOther&gt;
              &lt;/XCUIElementTypeOther&gt;
            &lt;/XCUIElementTypeOther&gt;
          &lt;/XCUIElementTypeOther&gt;
        &lt;/XCUIElementTypeOther&gt;
      &lt;/XCUIElementTypeOther&gt;
      &lt;XCUIElementTypeOther type="XCUIElementTypeOther" enabled="true" visible="true" accessible="false" x="0" y="0" width="428" height="926" index="1"&gt;
        &lt;XCUIElementTypeOther type="XCUIElementTypeOther" enabled="true" visible="true" accessible="false" x="0" y="0" width="428" height="926" index="0"/&gt;
        &lt;XCUIElementTypeOther type="XCUIElementTypeOther" enabled="true" visible="false" accessible="false" x="0" y="0" width="428" height="926" index="1"/&gt;
        &lt;XCUIElementTypeAlert type="XCUIElementTypeAlert" enabled="true" visible="true" accessible="false" x="79" y="417" width="270" height="105" index="2"&gt;
          &lt;XCUIElementTypeOther type="XCUIElementTypeOther" enabled="true" visible="true" accessible="false" x="79" y="417" width="270" height="105" index="0"&gt;
            &lt;XCUIElementTypeOther type="XCUIElementTypeOther" enabled="true" visible="true" accessible="false" x="79" y="417" width="270" height="105" index="0"&gt;
              &lt;XCUIElementTypeOther type="XCUIElementTypeOther" enabled="true" visible="false" accessible="false" x="79" y="417" width="270" height="105" index="0"&gt;
                &lt;XCUIElementTypeOther type="XCUIElementTypeOther" enabled="true" visible="false" accessible="false" x="79" y="417" width="270" height="105" index="0"&gt;
                  &lt;XCUIElementTypeOther type="XCUIElementTypeOther" enabled="true" visible="false" accessible="false" x="79" y="417" width="270" height="105" index="0"/&gt;
                  &lt;XCUIElementTypeOther type="XCUIElementTypeOther" enabled="true" visible="false" accessible="false" x="79" y="417" width="270" height="105" index="1"/&gt;
                &lt;/XCUIElementTypeOther&gt;
              &lt;/XCUIElementTypeOther&gt;
              &lt;XCUIElementTypeOther type="XCUIElementTypeOther" enabled="true" visible="true" accessible="false" x="79" y="417" width="270" height="105" index="1"&gt;
                &lt;XCUIElementTypeScrollView type="XCUIElementTypeScrollView" enabled="true" visible="true" accessible="false" x="79" y="417" width="270" height="61" index="0"&gt;
                  &lt;XCUIElementTypeOther type="XCUIElementTypeOther" enabled="true" visible="true" accessible="false" x="79" y="417" width="270" height="61" index="0"&gt;
                    &lt;XCUIElementTypeStaticText type="XCUIElementTypeStaticText" value="Please turn on your bluetooth" name="Please turn on your bluetooth" label="Please turn on your bluetooth" enabled="true" visible="true" accessible="true" x="95" y="435" width="238" height="24" index="0"/&gt;
                  &lt;/XCUIElementTypeOther&gt;
                  &lt;XCUIElementTypeOther type="XCUIElementTypeOther" value="0%" name="Vertical scroll bar, 1 page" label="Vertical scroll bar, 1 page" enabled="true" visible="true" accessible="false" x="316" y="417" width="30" height="61" index="1"/&gt;
                  &lt;XCUIElementTypeOther type="XCUIElementTypeOther" value="0%" name="Horizontal scroll bar, 1 page" label="Horizontal scroll bar, 1 page" enabled="true" visible="true" accessible="false" x="79" y="444" width="270" height="31" index="2"/&gt;
                &lt;/XCUIElementTypeScrollView&gt;
                &lt;XCUIElementTypeOther type="XCUIElementTypeOther" enabled="true" visible="true" accessible="false" x="79" y="477" width="270" height="1" index="1"&gt;
                  &lt;XCUIElementTypeOther type="XCUIElementTypeOther" enabled="true" visible="true" accessible="false" x="79" y="477" width="270" height="1" index="0"&gt;
                    &lt;XCUIElementTypeOther type="XCUIElementTypeOther" enabled="true" visible="true" accessible="false" x="79" y="477" width="270" height="1" index="0"/&gt;
                  &lt;/XCUIElementTypeOther&gt;
                &lt;/XCUIElementTypeOther&gt;
                &lt;XCUIElementTypeScrollView type="XCUIElementTypeScrollView" enabled="true" visible="true" accessible="false" x="79" y="477" width="270" height="45" index="2"&gt;
                  &lt;XCUIElementTypeOther type="XCUIElementTypeOther" enabled="true" visible="true" accessible="false" x="79" y="477" width="270" height="45" index="0"&gt;
                    &lt;XCUIElementTypeOther type="XCUIElementTypeOther" enabled="true" visible="true" accessible="false" x="79" y="477" width="270" height="45" index="0"&gt;
                      &lt;XCUIElementTypeOther type="XCUIElementTypeOther" enabled="true" visible="true" accessible="false" x="79" y="477" width="270" height="45" index="0"&gt;
                        &lt;XCUIElementTypeButton type="XCUIElementTypeButton" name="Ok" label="Ok" enabled="true" visible="true" accessible="true" x="79" y="477" width="270" height="45" index="0"/&gt;
                      &lt;/XCUIElementTypeOther&gt;
                    &lt;/XCUIElementTypeOther&gt;
                  &lt;/XCUIElementTypeOther&gt;
                  &lt;XCUIElementTypeOther type="XCUIElementTypeOther" value="0%" name="Vertical scroll bar, 1 page" label="Vertical scroll bar, 1 page" enabled="true" visible="true" accessible="false" x="316" y="477" width="30" height="45" index="1"/&gt;
                  &lt;XCUIElementTypeOther type="XCUIElementTypeOther" value="0%" name="Horizontal scroll bar, 1 page" label="Horizontal scroll bar, 1 page" enabled="true" visible="true" accessible="false" x="79" y="496" width="270" height="23" index="2"/&gt;
                &lt;/XCUIElementTypeScrollView&gt;
              &lt;/XCUIElementTypeOther&gt;
            &lt;/XCUIElementTypeOther&gt;
          &lt;/XCUIElementTypeOther&gt;
        &lt;/XCUIElementTypeAlert&gt;
      &lt;/XCUIElementTypeOther&gt;
    &lt;/XCUIElementTypeWindow&gt;
    &lt;XCUIElementTypeWindow type="XCUIElementTypeWindow" enabled="true" visible="false" accessible="false" x="0" y="0" width="428" height="926" index="1"&gt;
      &lt;XCUIElementTypeOther type="XCUIElementTypeOther" enabled="true" visible="false" accessible="false" x="0" y="0" width="428" height="926" index="0"&gt;
        &lt;XCUIElementTypeOther type="XCUIElementTypeOther" enabled="true" visible="false" accessible="false" x="0" y="0" width="428" height="926" index="0"/&gt;
        &lt;XCUIElementTypeOther type="XCUIElementTypeOther" enabled="true" visible="false" accessible="false" x="0" y="926" width="428" height="243" index="1"/&gt;
      &lt;/XCUIElementTypeOther&gt;
    &lt;/XCUIElementTypeWindow&gt;
  &lt;/XCUIElementTypeApplication&gt;
&lt;/AppiumAUT&gt;
</msg>
<kw name="Capture Page Screenshot">
<msg timestamp="20221101 23:04:16.604" level="FAIL">Multiple keywords with name 'Capture Page Screenshot' found. Give the full name of the keyword you want to use:
    AppiumLibrary.Capture Page Screenshot
    SeleniumLibrary.Capture Page Screenshot</msg>
<status status="FAIL" starttime="20221101 23:04:16.604" endtime="20221101 23:04:16.604"/>
</kw>
<msg timestamp="20221101 23:04:16.607" level="WARN">Keyword 'Capture Page Screenshot' could not be run on failure: Multiple keywords with name 'Capture Page Screenshot' found. Give the full name of the keyword you want to use:
    AppiumLibrary.Capture Page Screenshot
    SeleniumLibrary.Capture Page Screenshot</msg>
<msg timestamp="20221101 23:04:16.607" level="FAIL">Element locator 'accessibility_id=FoundDeviceL' did not match any elements after 10 seconds</msg>
<status status="FAIL" starttime="20221101 23:04:05.927" endtime="20221101 23:04:16.607"/>
</kw>
<status status="FAIL" starttime="20221101 23:03:48.227" endtime="20221101 23:04:16.608"/>
</kw>
<kw name="check if device has appeared" library="Insulte_ios_app_resources">
<kw name="Wait Until Element Is Visible" library="AppiumLibrary">
<arg>accessibility_id=ScanBtn</arg>
<arg>40s</arg>
<doc>Waits until element specified with `locator` is visible.</doc>
<msg timestamp="20221101 23:04:57.710" level="INFO">&lt;?xml version="1.0" encoding="UTF-8"?&gt;
&lt;AppiumAUT&gt;
  &lt;XCUIElementTypeApplication type="XCUIElementTypeApplication" name="APPDM" label="APPDM" enabled="true" visible="true" accessible="false" x="0" y="0" width="428" height="926" index="0"&gt;
    &lt;XCUIElementTypeWindow type="XCUIElementTypeWindow" enabled="true" visible="true" accessible="false" x="0" y="0" width="428" height="926" index="0"&gt;
      &lt;XCUIElementTypeOther type="XCUIElementTypeOther" enabled="true" visible="false" accessible="false" x="0" y="0" width="428" height="926" index="0"&gt;
        &lt;XCUIElementTypeOther type="XCUIElementTypeOther" enabled="true" visible="false" accessible="false" x="0" y="0" width="428" height="926" index="0"&gt;
          &lt;XCUIElementTypeOther type="XCUIElementTypeOther" enabled="true" visible="false" accessible="false" x="0" y="0" width="428" height="926" index="0"&gt;
            &lt;XCUIElementTypeOther type="XCUIElementTypeOther" enabled="true" visible="false" accessible="false" x="0" y="0" width="428" height="926" index="0"&gt;
              &lt;XCUIElementTypeOther type="XCUIElementTypeOther" enabled="true" visible="false" accessible="false" x="0" y="0" width="428" height="926" index="0"&gt;
                &lt;XCUIElementTypeOther type="XCUIElementTypeOther" enabled="true" visible="false" accessible="false" x="0" y="0" width="428" height="926" index="0"&gt;
                  &lt;XCUIElementTypeOther type="XCUIElementTypeOther" enabled="true" visible="false" accessible="false" x="0" y="40" width="428" height="846" index="0"&gt;
                    &lt;XCUIElementTypeButton type="XCUIElementTypeButton" name="ScanBtn" label="Scan for PODs" enabled="true" visible="false" accessible="true" x="8" y="50" width="202" height="34" index="0"&gt;
                      &lt;XCUIElementTypeStaticText type="XCUIElementTypeStaticText" value="Scan for PODs" name="Scan for PODs" label="Scan for PODs" enabled="true" visible="false" accessible="false" x="56" y="58" width="106" height="19" index="0"/&gt;
                    &lt;/XCUIElementTypeButton&gt;
                    &lt;XCUIElementTypeButton type="XCUIElementTypeButton" name="ClearCacheBtn" label="clear cache" enabled="false" visible="false" accessible="true" x="218" y="50" width="202" height="34" index="1"&gt;
                      &lt;XCUIElementTypeStaticText type="XCUIElementTypeStaticText" value="clear cache" name="clear cache" label="clear cache" enabled="true" visible="false" accessible="false" x="277" y="58" width="84" height="19" index="0"/&gt;
                    &lt;/XCUIElementTypeButton&gt;
                    &lt;XCUIElementTypeOther type="XCUIElementTypeOther" enabled="true" visible="false" accessible="false" x="8" y="95" width="412" height="36" index="2"&gt;
                      &lt;XCUIElementTypeButton type="XCUIElementTypeButton" name="ResetSDKBtn" label="Reset SDK" enabled="true" visible="false" accessible="true" x="8" y="95" width="201" height="36" index="0"&gt;
                        &lt;XCUIElementTypeStaticText type="XCUIElementTypeStaticText" value="Reset SDK" name="Reset SDK" label="Reset SDK" enabled="true" visible="false" accessible="false" x="72" y="104" width="73" height="19" index="0"/&gt;
                      &lt;/XCUIElementTypeButton&gt;
                      &lt;XCUIElementTypeButton type="XCUIElementTypeButton" name="AssertDataBtn" label="Assert Data" enabled="true" visible="false" accessible="true" x="219" y="95" width="201" height="36" index="1"&gt;
                        &lt;XCUIElementTypeStaticText type="XCUIElementTypeStaticText" value="Assert Data" name="Assert Data" label="Assert Data" enabled="true" visible="false" accessible="false" x="279" y="104" width="81" height="19" index="0"/&gt;
                      &lt;/XCUIElementTypeButton&gt;
                    &lt;/XCUIElementTypeOther&gt;
                    &lt;XCUIElementTypeStaticText type="XCUIElementTypeStaticText" value="Notifications enabled" name="NotificationsEnabledL" label="Notifications enabled" enabled="true" visible="false" accessible="true" x="8" y="138" width="162" height="22" index="3"/&gt;
                    &lt;XCUIElementTypeSwitch type="XCUIElementTypeSwitch" value="1" name="NotificationEnableSwitchBtn" enabled="true" visible="false" accessible="true" x="371" y="133" width="51" height="32" index="4"/&gt;
                    &lt;XCUIElementTypeTable type="XCUIElementTypeTable" name="Empty list" label="Empty list" enabled="true" visible="false" accessible="true" x="8" y="174" width="412" height="702" index="5"/&gt;
                  &lt;/XCUIElementTypeOther&gt;
                &lt;/XCUIElementTypeOther&gt;
              &lt;/XCUIElementTypeOther&gt;
            &lt;/XCUIElementTypeOther&gt;
          &lt;/XCUIElementTypeOther&gt;
        &lt;/XCUIElementTypeOther&gt;
      &lt;/XCUIElementTypeOther&gt;
      &lt;XCUIElementTypeOther type="XCUIElementTypeOther" enabled="true" visible="true" accessible="false" x="0" y="0" width="428" height="926" index="1"&gt;
        &lt;XCUIElementTypeOther type="XCUIElementTypeOther" enabled="true" visible="true" accessible="false" x="0" y="0" width="428" height="926" index="0"/&gt;
        &lt;XCUIElementTypeOther type="XCUIElementTypeOther" enabled="true" visible="false" accessible="false" x="0" y="0" width="428" height="926" index="1"/&gt;
[...]
<msg timestamp="20221101 23:06:41.589" level="WARN">Retrying (Retry(total=1, connect=None, read=None, redirect=None, status=None)) after connection broken by 'NewConnectionError('&lt;urllib3.connection.HTTPConnection object at 0x7fad06ede7f0&gt;: Failed to establish a new connection: [Errno 61] Connection refused')': /wd/hub/session/ee633773-c103-49cb-9727-71caa64cece3/elements</msg>
<msg timestamp="20221101 23:06:41.590" level="WARN">Retrying (Retry(total=0, connect=None, read=None, redirect=None, status=None)) after connection broken by 'NewConnectionError('&lt;urllib3.connection.HTTPConnection object at 0x7fad06edea00&gt;: Failed to establish a new connection: [Errno 61] Connection refused')': /wd/hub/session/ee633773-c103-49cb-9727-71caa64cece3/elements</msg>
<msg timestamp="20221101 23:06:41.593" level="WARN">Keyword 'Capture Page Screenshot' could not be run on failure: Multiple keywords with name 'Capture Page Screenshot' found. Give the full name of the keyword you want to use:
    AppiumLibrary.Capture Page Screenshot
    SeleniumLibrary.Capture Page Screenshot</msg>
<msg timestamp="20221101 23:06:41.697" level="WARN">Retrying (Retry(total=2, connect=None, read=None, redirect=None, status=None)) after connection broken by 'NewConnectionError('&lt;urllib3.connection.HTTPConnection object at 0x7fad06eaa700&gt;: Failed to establish a new connection: [Errno 61] Connection refused')': /wd/hub/session/ee633773-c103-49cb-9727-71caa64cece3/elements</msg>
<msg timestamp="20221101 23:06:41.698" level="WARN">Retrying (Retry(total=1, connect=None, read=None, redirect=None, status=None)) after connection broken by 'NewConnectionError('&lt;urllib3.connection.HTTPConnection object at 0x7fad06eaa7c0&gt;: Failed to establish a new connection: [Errno 61] Connection refused')': /wd/hub/session/ee633773-c103-49cb-9727-71caa64cece3/elements</msg>
<msg timestamp="20221101 23:06:41.698" level="WARN">Retrying (Retry(total=0, connect=None, read=None, redirect=None, status=None)) after connection broken by 'NewConnectionError('&lt;urllib3.connection.HTTPConnection object at 0x7fad06b75670&gt;: Failed to establish a new connection: [Errno 61] Connection refused')': /wd/hub/session/ee633773-c103-49cb-9727-71caa64cece3/elements</msg>
<msg timestamp="20221101 23:06:41.701" level="WARN">Keyword 'Capture Page Screenshot' could not be run on failure: Multiple keywords with name 'Capture Page Screenshot' found. Give the full name of the keyword you want to use:
    AppiumLibrary.Capture Page Screenshot
    SeleniumLibrary.Capture Page Screenshot</msg>
<msg timestamp="20221101 23:06:41.805" level="WARN">Retrying (Retry(total=2, connect=None, read=None, redirect=None, status=None)) after connection broken by 'NewConnectionError('&lt;urllib3.connection.HTTPConnection object at 0x7fad06ef18e0&gt;: Failed to establish a new connection: [Errno 61] Connection refused')': /wd/hub/session/ee633773-c103-49cb-9727-71caa64cece3/elements</msg>
<msg timestamp="20221101 23:06:41.805" level="WARN">Retrying (Retry(total=1, connect=None, read=None, redirect=None, status=None)) after connection broken by 'NewConnectionError('&lt;urllib3.connection.HTTPConnection object at 0x7fad06ef19a0&gt;: Failed to establish a new connection: [Errno 61] Connection refused')': /wd/hub/session/ee633773-c103-49cb-9727-71caa64cece3/elements</msg>
<msg timestamp="20221101 23:06:41.806" level="WARN">Retrying (Retry(total=0, connect=None, read=None, redirect=None, status=None)) after connection broken by 'NewConnectionError('&lt;urllib3.connection.HTTPConnection object at 0x7fad0520e340&gt;: Failed to establish a new connection: [Errno 61] Connection refused')': /wd/hub/session/ee633773-c103-49cb-9727-71caa64cece3/elements</msg>
<msg timestamp="20221101 23:06:41.810" level="WARN">Keyword 'Capture Page Screenshot' could not be run on failure: Multiple keywords with name 'Capture Page Screenshot' found. Give the full name of the keyword you want to use:
    AppiumLibrary.Capture Page Screenshot
    SeleniumLibrary.Capture Page Screenshot</msg>
<msg timestamp="20221101 23:06:41.914" level="WARN">Retrying (Retry(total=2, connect=None, read=None, redirect=None, status=None)) after connection broken by 'NewConnectionError('&lt;urllib3.connection.HTTPConnection object at 0x7fad06ecbd00&gt;: Failed to establish a new connection: [Errno 61] Connection refused')': /wd/hub/session/ee633773-c103-49cb-9727-71caa64cece3/elements</msg>
<msg timestamp="20221101 23:06:41.915" level="WARN">Retrying (Retry(total=1, connect=None, read=None, redirect=None, status=None)) after connection broken by 'NewConnectionError('&lt;urllib3.connection.HTTPConnection object at 0x7fad06e92370&gt;: Failed to establish a new connection: [Errno 61] Connection refused')': /wd/hub/session/ee633773-c103-49cb-9727-71caa64cece3/elements</msg>
<msg timestamp="20221101 23:06:41.916" level="WARN">Retrying (Retry(total=0, connect=None, read=None, redirect=None, status=None)) after connection broken by 'NewConnectionError('&lt;urllib3.connection.HTTPConnection object at 0x7fad06e74eb0&gt;: Failed to establish a new connection: [Errno 61] Connection refused')': /wd/hub/session/ee633773-c103-49cb-9727-71caa64cece3/elements</msg>
<msg timestamp="20221101 23:06:41.921" level="WARN">Keyword 'Capture Page Screenshot' could not be run on failure: Multiple keywords with name 'Capture Page Screenshot' found. Give the full name of the keyword you want to use:
    AppiumLibrary.Capture Page Screenshot
    SeleniumLibrary.Capture Page Screenshot</msg>
<msg timestamp="20221101 23:06:42.025" level="WARN">Retrying (Retry(total=2, connect=None, read=None, redirect=None, status=None)) after connection broken by 'NewConnectionError('&lt;urllib3.connection.HTTPConnection object at 0x7fad06ef9a90&gt;: Failed to establish a new connection: [Errno 61] Connection refused')': /wd/hub/session/ee633773-c103-49cb-9727-71caa64cece3/elements</msg>
<msg timestamp="20221101 23:06:42.026" level="WARN">Retrying (Retry(total=1, connect=None, read=None, redirect=None, status=None)) after connection broken by 'NewConnectionError('&lt;urllib3.connection.HTTPConnection object at 0x7fad06ef9b50&gt;: Failed to establish a new connection: [Errno 61] Connection refused')': /wd/hub/session/ee633773-c103-49cb-9727-71caa64cece3/elements</msg>
<msg timestamp="20221101 23:06:42.027" level="WARN">Retrying (Retry(total=0, connect=None, read=None, redirect=None, status=None)) after connection broken by 'NewConnectionError('&lt;urllib3.connection.HTTPConnection object at 0x7fad06ef1e80&gt;: Failed to establish a new connection: [Errno 61] Connection refused')': /wd/hub/session/ee633773-c103-49cb-9727-71caa64cece3/elements</msg>
<msg timestamp="20221101 23:06:42.030" level="WARN">Keyword 'Capture Page Screenshot' could not be run on failure: Multiple keywords with name 'Capture Page Screenshot' found. Give the full name of the keyword you want to use:
    AppiumLibrary.Capture Page Screenshot
    SeleniumLibrary.Capture Page Screenshot</msg>
<msg timestamp="20221101 23:06:42.134" level="WARN">Retrying (Retry(total=2, connect=None, read=None, redirect=None, status=None)) after connection broken by 'NewConnectionError('&lt;urllib3.connection.HTTPConnection object at 0x7fad06b75520&gt;: Failed to establish a new connection: [Errno 61] Connection refused')': /wd/hub/session/ee633773-c103-49cb-9727-71caa64cece3/elements</msg>
<msg timestamp="20221101 23:06:42.134" level="WARN">Retrying (Retry(total=1, connect=None, read=None, redirect=None, status=None)) after connection broken by 'NewConnectionError('&lt;urllib3.connection.HTTPConnection object at 0x7fad06edef10&gt;: Failed to establish a new connection: [Errno 61] Connection refused')': /wd/hub/session/ee633773-c103-49cb-9727-71caa64cece3/elements</msg>
<msg timestamp="20221101 23:06:42.135" level="WARN">Retrying (Retry(total=0, connect=None, read=None, redirect=None, status=None)) after connection broken by 'NewConnectionError('&lt;urllib3.connection.HTTPConnection object at 0x7fad06ede610&gt;: Failed to establish a new connection: [Errno 61] Connection refused')': /wd/hub/session/ee633773-c103-49cb-9727-71caa64cece3/elements</msg>
<msg timestamp="20221101 23:06:42.138" level="WARN">Keyword 'Capture Page Screenshot' could not be run on failure: Multiple keywords with name 'Capture Page Screenshot' found. Give the full name of the keyword you want to use:
    AppiumLibrary.Capture Page Screenshot
    SeleniumLibrary.Capture Page Screenshot</msg>
<msg timestamp="20221101 23:06:42.242" level="WARN">Retrying (Retry(total=2, connect=None, read=None, redirect=None, status=None)) after connection broken by 'NewConnectionError('&lt;urllib3.connection.HTTPConnection object at 0x7fad06f16c40&gt;: Failed to establish a new connection: [Errno 61] Connection refused')': /wd/hub/session/ee633773-c103-49cb-9727-71caa64cece3/elements</msg>
<msg timestamp="20221101 23:06:42.242" level="WARN">Retrying (Retry(total=1, connect=None, read=None, redirect=None, status=None)) after connection broken by 'NewConnectionError('&lt;urllib3.connection.HTTPConnection object at 0x7fad06ef9e80&gt;: Failed to establish a new connection: [Errno 61] Connection refused')': /wd/hub/session/ee633773-c103-49cb-9727-71caa64cece3/elements</msg>
<msg timestamp="20221101 23:06:42.243" level="WARN">Retrying (Retry(total=0, connect=None, read=None, redirect=None, status=None)) after connection broken by 'NewConnectionError('&lt;urllib3.connection.HTTPConnection object at 0x7fad06ef9e50&gt;: Failed to establish a new connection: [Errno 61] Connection refused')': /wd/hub/session/ee633773-c103-49cb-9727-71caa64cece3/elements</msg>
<msg timestamp="20221101 23:06:42.246" level="WARN">Keyword 'Capture Page Screenshot' could not be run on failure: Multiple keywords with name 'Capture Page Screenshot' found. Give the full name of the keyword you want to use:
    AppiumLibrary.Capture Page Screenshot
    SeleniumLibrary.Capture Page Screenshot</msg>
<msg timestamp="20221101 23:06:42.349" level="WARN">Retrying (Retry(total=2, connect=None, read=None, redirect=None, status=None)) after connection broken by 'NewConnectionError('&lt;urllib3.connection.HTTPConnection object at 0x7fad06ef1730&gt;: Failed to establish a new connection: [Errno 61] Connection refused')': /wd/hub/session/ee633773-c103-49cb-9727-71caa64cece3/elements</msg>
<msg timestamp="20221101 23:06:42.349" level="WARN">Retrying (Retry(total=1, connect=None, read=None, redirect=None, status=None)) after connection broken by 'NewConnectionError('&lt;urllib3.connection.HTTPConnection object at 0x7fad06f16040&gt;: Failed to establish a new connection: [Errno 61] Connection refused')': /wd/hub/session/ee633773-c103-49cb-9727-71caa64cece3/elements</msg>
<msg timestamp="20221101 23:06:42.350" level="WARN">Retrying (Retry(total=0, connect=None, read=None, redirect=None, status=None)) after connection broken by 'NewConnectionError('&lt;urllib3.connection.HTTPConnection object at 0x7fad06f16bb0&gt;: Failed to establish a new connection: [Errno 61] Connection refused')': /wd/hub/session/ee633773-c103-49cb-9727-71caa64cece3/elements</msg>
<msg timestamp="20221101 23:06:42.353" level="WARN">Keyword 'Capture Page Screenshot' could not be run on failure: Multiple keywords with name 'Capture Page Screenshot' found. Give the full name of the keyword you want to use:
    AppiumLibrary.Capture Page Screenshot
    SeleniumLibrary.Capture Page Screenshot</msg>
<msg timestamp="20221101 23:06:42.458" level="WARN">Retrying (Retry(total=2, connect=None, read=None, redirect=None, status=None)) after connection broken by 'NewConnectionError('&lt;urllib3.connection.HTTPConnection object at 0x7fad06f1bdf0&gt;: Failed to establish a new connection: [Errno 61] Connection refused')': /wd/hub/session/ee633773-c103-49cb-9727-71caa64cece3/elements</msg>
<msg timestamp="20221101 23:06:42.459" level="WARN">Retrying (Retry(total=1, connect=None, read=None, redirect=None, status=None)) after connection broken by 'NewConnectionError('&lt;urllib3.connection.HTTPConnection object at 0x7fad06f16fa0&gt;: Failed to establish a new connection: [Errno 61] Connection refused')': /wd/hub/session/ee633773-c103-49cb-9727-71caa64cece3/elements</msg>
<msg timestamp="20221101 23:06:42.460" level="WARN">Retrying (Retry(total=0, connect=None, read=None, redirect=None, status=None)) after connection broken by 'NewConnectionError('&lt;urllib3.connection.HTTPConnection object at 0x7fad06f16e50&gt;: Failed to establish a new connection: [Errno 61] Connection refused')': /wd/hub/session/ee633773-c103-49cb-9727-71caa64cece3/elements</msg>
<msg timestamp="20221101 23:06:42.465" level="WARN">Keyword 'Capture Page Screenshot' could not be run on failure: Multiple keywords with name 'Capture Page Screenshot' found. Give the full name of the keyword you want to use:
    AppiumLibrary.Capture Page Screenshot
    SeleniumLibrary.Capture Page Screenshot</msg>
<msg timestamp="20221101 23:06:42.469" level="WARN">Keyword 'AppiumLibrary.Launch Application' is deprecated. in selenium v4, use `Activate Application` keyword.</msg>
<msg timestamp="20221101 23:06:42.470" level="WARN">Retrying (Retry(total=2, connect=None, read=None, redirect=None, status=None)) after connection broken by 'NewConnectionError('&lt;urllib3.connection.HTTPConnection object at 0x7fad06ef9e50&gt;: Failed to establish a new connection: [Errno 61] Connection refused')': /wd/hub/session/ee633773-c103-49cb-9727-71caa64cece3/appium/app/launch</msg>
<msg timestamp="20221101 23:06:42.471" level="WARN">Retrying (Retry(total=1, connect=None, read=None, redirect=None, status=None)) after connection broken by 'NewConnectionError('&lt;urllib3.connection.HTTPConnection object at 0x7fad06ef9e20&gt;: Failed to establish a new connection: [Errno 61] Connection refused')': /wd/hub/session/ee633773-c103-49cb-9727-71caa64cece3/appium/app/launch</msg>
<msg timestamp="20221101 23:06:42.471" level="WARN">Retrying (Retry(total=0, connect=None, read=None, redirect=None, status=None)) after connection broken by 'NewConnectionError('&lt;urllib3.connection.HTTPConnection object at 0x7fad06ef95e0&gt;: Failed to establish a new connection: [Errno 61] Connection refused')': /wd/hub/session/ee633773-c103-49cb-9727-71caa64cece3/appium/app/launch</msg>
<msg timestamp="20221101 23:06:42.475" level="WARN">Keyword 'Capture Page Screenshot' could not be run on failure: Multiple keywords with name 'Capture Page Screenshot' found. Give the full name of the keyword you want to use:
    AppiumLibrary.Capture Page Screenshot
    SeleniumLibrary.Capture Page Screenshot</msg>
<msg timestamp="20221101 23:06:42.482" level="WARN">Retrying (Retry(total=2, connect=None, read=None, redirect=None, status=None)) after connection broken by 'NewConnectionError('&lt;urllib3.connection.HTTPConnection object at 0x7fad06ef98b0&gt;: Failed to establish a new connection: [Errno 61] Connection refused')': /wd/hub/session</msg>
<msg timestamp="20221101 23:06:42.482" level="WARN">Retrying (Retry(total=1, connect=None, read=None, redirect=None, status=None)) after connection broken by 'NewConnectionError('&lt;urllib3.connection.HTTPConnection object at 0x7fad06ef97f0&gt;: Failed to establish a new connection: [Errno 61] Connection refused')': /wd/hub/session</msg>
<msg timestamp="20221101 23:06:42.483" level="WARN">Retrying (Retry(total=0, connect=None, read=None, redirect=None, status=None)) after connection broken by 'NewConnectionError('&lt;urllib3.connection.HTTPConnection object at 0x7fad06ef9100&gt;: Failed to establish a new connection: [Errno 61] Connection refused')': /wd/hub/session</msg>
<msg timestamp="20221101 23:06:42.486" level="WARN">Keyword 'Capture Page Screenshot' could not be run on failure: Multiple keywords with name 'Capture Page Screenshot' found. Give the full name of the keyword you want to use:
    AppiumLibrary.Capture Page Screenshot
    SeleniumLibrary.Capture Page Screenshot</msg>
<msg timestamp="20221101 23:06:42.493" level="WARN">Retrying (Retry(total=2, connect=None, read=None, redirect=None, status=None)) after connection broken by 'NewConnectionError('&lt;urllib3.connection.HTTPConnection object at 0x7fad06ede490&gt;: Failed to establish a new connection: [Errno 61] Connection refused')': /wd/hub/session</msg>
<msg timestamp="20221101 23:06:42.493" level="WARN">Retrying (Retry(total=1, connect=None, read=None, redirect=None, status=None)) after connection broken by 'NewConnectionError('&lt;urllib3.connection.HTTPConnection object at 0x7fad06ede760&gt;: Failed to establish a new connection: [Errno 61] Connection refused')': /wd/hub/session</msg>
<msg timestamp="20221101 23:06:42.494" level="WARN">Retrying (Retry(total=0, connect=None, read=None, redirect=None, status=None)) after connection broken by 'NewConnectionError('&lt;urllib3.connection.HTTPConnection object at 0x7fad06ede9d0&gt;: Failed to establish a new connection: [Errno 61] Connection refused')': /wd/hub/session</msg>
<msg timestamp="20221101 23:06:42.497" level="WARN">Keyword 'Capture Page Screenshot' could not be run on failure: Multiple keywords with name 'Capture Page Screenshot' found. Give the full name of the keyword you want to use:
    AppiumLibrary.Capture Page Screenshot
    SeleniumLibrary.Capture Page Screenshot</msg>
<msg timestamp="20221101 23:06:42.502" level="WARN">Retrying (Retry(total=2, connect=None, read=None, redirect=None, status=None)) after connection broken by 'NewConnectionError('&lt;urllib3.connection.HTTPConnection object at 0x7fad06f166a0&gt;: Failed to establish a new connection: [Errno 61] Connection refused')': /wd/hub/session</msg>
<msg timestamp="20221101 23:06:42.503" level="WARN">Retrying (Retry(total=1, connect=None, read=None, redirect=None, status=None)) after connection broken by 'NewConnectionError('&lt;urllib3.connection.HTTPConnection object at 0x7fad06f16760&gt;: Failed to establish a new connection: [Errno 61] Connection refused')': /wd/hub/session</msg>
<msg timestamp="20221101 23:06:42.503" level="WARN">Retrying (Retry(total=0, connect=None, read=None, redirect=None, status=None)) after connection broken by 'NewConnectionError('&lt;urllib3.connection.HTTPConnection object at 0x7fad06ef1220&gt;: Failed to establish a new connection: [Errno 61] Connection refused')': /wd/hub/session</msg>
<msg timestamp="20221101 23:06:42.507" level="WARN">Keyword 'Capture Page Screenshot' could not be run on failure: Multiple keywords with name 'Capture Page Screenshot' found. Give the full name of the keyword you want to use:
    AppiumLibrary.Capture Page Screenshot
    SeleniumLibrary.Capture Page Screenshot</msg>
<msg timestamp="20221101 23:06:42.513" level="WARN">Retrying (Retry(total=2, connect=None, read=None, redirect=None, status=None)) after connection broken by 'NewConnectionError('&lt;urllib3.connection.HTTPConnection object at 0x7fad06aaee80&gt;: Failed to establish a new connection: [Errno 61] Connection refused')': /wd/hub/session</msg>
<msg timestamp="20221101 23:06:42.514" level="WARN">Retrying (Retry(total=1, connect=None, read=None, redirect=None, status=None)) after connection broken by 'NewConnectionError('&lt;urllib3.connection.HTTPConnection object at 0x7fad06adc5e0&gt;: Failed to establish a new connection: [Errno 61] Connection refused')': /wd/hub/session</msg>
<msg timestamp="20221101 23:06:42.515" level="WARN">Retrying (Retry(total=0, connect=None, read=None, redirect=None, status=None)) after connection broken by 'NewConnectionError('&lt;urllib3.connection.HTTPConnection object at 0x7fad06ecbfa0&gt;: Failed to establish a new connection: [Errno 61] Connection refused')': /wd/hub/session</msg>
<msg timestamp="20221101 23:06:42.519" level="WARN">Keyword 'Capture Page Screenshot' could not be run on failure: Multiple keywords with name 'Capture Page Screenshot' found. Give the full name of the keyword you want to use:
    AppiumLibrary.Capture Page Screenshot
    SeleniumLibrary.Capture Page Screenshot</msg>
</errors>
</robot>
