<?xml version="1.0" encoding="UTF-8"?>
<robot generator="Robot 5.0.1 (Python 3.8.1 on win32)" generated="20220825 11:13:49.930" rpa="false" schemaversion="3">
<suite id="s1" name="Tests" source="C:\Users\mohamed.wagdy\Downloads\robotframework-seriallibrary-develop (1)\robotframework-seriallibrary-develop\tests">
<suite id="s1-s1" name="TempletesForRobotFramwork" source="C:\Users\mohamed.wagdy\Downloads\robotframework-seriallibrary-develop (1)\robotframework-seriallibrary-develop\tests\TempletesForRobotFramwork">
<suite id="s1-s1-s1" name="Console Colors Templete" source="C:\Users\mohamed.wagdy\Downloads\robotframework-seriallibrary-develop (1)\robotframework-seriallibrary-develop\tests\TempletesForRobotFramwork\Console_Colors_Templete.robot">
<test id="s1-s1-s1-t1" name="Text color tests" line="17">
<kw name="Evaluate" library="BuiltIn">
<var>${message}</var>
<arg>${WHITE} "\\nThis is WHITE bagkground Text\\033[0m\\n"</arg>
<doc>Evaluates the given expression in Python and returns the result.</doc>
<msg timestamp="20220825 11:13:49.966" level="INFO">${message} = [7m
This is WHITE bagkground Text[0m
</msg>
<status status="PASS" starttime="20220825 11:13:49.966" endtime="20220825 11:13:49.966"/>
</kw>
<kw name="Log To Console" library="BuiltIn">
<arg>${message}</arg>
<doc>Logs the given message to the console.</doc>
<status status="PASS" starttime="20220825 11:13:49.966" endtime="20220825 11:13:49.966"/>
</kw>
<kw name="Evaluate" library="BuiltIn">
<var>${message}</var>
<arg>${GREY} "\\nThis is GREY bagkground Text\\033[0m\\n"</arg>
<doc>Evaluates the given expression in Python and returns the result.</doc>
<msg timestamp="20220825 11:13:49.967" level="INFO">${message} = [5m
This is GREY bagkground Text[0m
</msg>
<status status="PASS" starttime="20220825 11:13:49.967" endtime="20220825 11:13:49.967"/>
</kw>
<kw name="Log To Console" library="BuiltIn">
<arg>${message}</arg>
<doc>Logs the given message to the console.</doc>
<status status="PASS" starttime="20220825 11:13:49.967" endtime="20220825 11:13:49.967"/>
</kw>
<kw name="Evaluate" library="BuiltIn">
<var>${message}</var>
<arg>${REDBK} "\\nThis is RED bagkground Text\\033[0m\\n"</arg>
<doc>Evaluates the given expression in Python and returns the result.</doc>
<msg timestamp="20220825 11:13:49.968" level="INFO">${message} = [41m
This is RED bagkground Text[0m
</msg>
<status status="PASS" starttime="20220825 11:13:49.967" endtime="20220825 11:13:49.968"/>
</kw>
<kw name="Log To Console" library="BuiltIn">
<arg>${message}</arg>
<doc>Logs the given message to the console.</doc>
<status status="PASS" starttime="20220825 11:13:49.968" endtime="20220825 11:13:49.968"/>
</kw>
<kw name="Evaluate" library="BuiltIn">
<var>${message}</var>
<arg>${UNDERSCORE} "\\nThis is UNDERSCORE bagkground Text\\033[0m\\n"</arg>
<doc>Evaluates the given expression in Python and returns the result.</doc>
<msg timestamp="20220825 11:13:49.968" level="INFO">${message} = [4m
This is UNDERSCORE bagkground Text[0m
</msg>
<status status="PASS" starttime="20220825 11:13:49.968" endtime="20220825 11:13:49.968"/>
</kw>
<kw name="Log To Console" library="BuiltIn">
<arg>${message}</arg>
<doc>Logs the given message to the console.</doc>
<status status="PASS" starttime="20220825 11:13:49.969" endtime="20220825 11:13:49.969"/>
</kw>
<kw name="Evaluate" library="BuiltIn">
<var>${message}</var>
<arg>${RED} "\\nThis is RED Text\\033[0m\\n"</arg>
<doc>Evaluates the given expression in Python and returns the result.</doc>
<msg timestamp="20220825 11:13:49.969" level="INFO">${message} = [31m
This is RED Text[0m
</msg>
<status status="PASS" starttime="20220825 11:13:49.969" endtime="20220825 11:13:49.969"/>
</kw>
<kw name="Log To Console" library="BuiltIn">
<arg>${message}</arg>
<doc>Logs the given message to the console.</doc>
<status status="PASS" starttime="20220825 11:13:49.969" endtime="20220825 11:13:49.969"/>
</kw>
<kw name="Evaluate" library="BuiltIn">
<var>${message}</var>
<arg>${BLUE} "\\nThis is BLUE Text\\033[0m\\n"</arg>
<doc>Evaluates the given expression in Python and returns the result.</doc>
<msg timestamp="20220825 11:13:49.970" level="INFO">${message} = [34m
This is BLUE Text[0m
</msg>
<status status="PASS" starttime="20220825 11:13:49.970" endtime="20220825 11:13:49.970"/>
</kw>
<kw name="Log To Console" library="BuiltIn">
<arg>${message}</arg>
<doc>Logs the given message to the console.</doc>
<status status="PASS" starttime="20220825 11:13:49.970" endtime="20220825 11:13:49.970"/>
</kw>
<kw name="Evaluate" library="BuiltIn">
<var>${message}</var>
<arg>${GREEN} "\\nThis is GREEN Text\\033[0m\\n"</arg>
<doc>Evaluates the given expression in Python and returns the result.</doc>
<msg timestamp="20220825 11:13:49.971" level="INFO">${message} = [32m
This is GREEN Text[0m
</msg>
<status status="PASS" starttime="20220825 11:13:49.970" endtime="20220825 11:13:49.971"/>
</kw>
<kw name="Log To Console" library="BuiltIn">
<arg>${message}</arg>
<doc>Logs the given message to the console.</doc>
<status status="PASS" starttime="20220825 11:13:49.971" endtime="20220825 11:13:49.971"/>
</kw>
<kw name="Evaluate" library="BuiltIn">
<var>${message}</var>
<arg>${YELLOW} "\\nThis is YELLOW Text\\033[0m\\n"</arg>
<doc>Evaluates the given expression in Python and returns the result.</doc>
<msg timestamp="20220825 11:13:49.971" level="INFO">${message} = [33m
This is YELLOW Text[0m
</msg>
<status status="PASS" starttime="20220825 11:13:49.971" endtime="20220825 11:13:49.971"/>
</kw>
<kw name="Log To Console" library="BuiltIn">
<arg>${message}</arg>
<doc>Logs the given message to the console.</doc>
<status status="PASS" starttime="20220825 11:13:49.971" endtime="20220825 11:13:49.972"/>
</kw>
<kw name="Evaluate" library="BuiltIn">
<var>${message}</var>
<arg>${PINK} "\\nThis is PINK Text\\033[0m\\n"</arg>
<doc>Evaluates the given expression in Python and returns the result.</doc>
<msg timestamp="20220825 11:13:49.972" level="INFO">${message} = [35m
This is PINK Text[0m
</msg>
<status status="PASS" starttime="20220825 11:13:49.972" endtime="20220825 11:13:49.972"/>
</kw>
<kw name="Log To Console" library="BuiltIn">
<arg>${message}</arg>
<doc>Logs the given message to the console.</doc>
<status status="PASS" starttime="20220825 11:13:49.972" endtime="20220825 11:13:49.972"/>
</kw>
<status status="PASS" starttime="20220825 11:13:49.965" endtime="20220825 11:13:49.972"/>
</test>
<status status="PASS" starttime="20220825 11:13:49.962" endtime="20220825 11:13:49.973"/>
</suite>
<suite id="s1-s1-s2" name="SetupAndTearDownTemplate" source="C:\Users\mohamed.wagdy\Downloads\robotframework-seriallibrary-develop (1)\robotframework-seriallibrary-develop\tests\TempletesForRobotFramwork\SetupAndTearDownTemplate.robot">
<test id="s1-s1-s2-t1" name="Default values" line="11">
<doc>Setup and teardown from setting table</doc>
<status status="FAIL" starttime="20220825 11:13:49.976" endtime="20220825 11:13:49.977">Test contains no keywords.</status>
</test>
<test id="s1-s1-s2-t2" name="Overridden setup" line="15">
<doc>Own setup, teardown from setting table</doc>
<status status="FAIL" starttime="20220825 11:13:49.978" endtime="20220825 11:13:49.978">Test contains no keywords.</status>
</test>
<test id="s1-s1-s2-t3" name="No teardown" line="20">
<doc>Default setup, no teardown at all</doc>
<status status="FAIL" starttime="20220825 11:13:49.979" endtime="20220825 11:13:49.979">Test contains no keywords.</status>
</test>
<test id="s1-s1-s2-t4" name="No teardown 2" line="25">
<doc>Setup and teardown can be disabled also with special value NONE</doc>
<status status="FAIL" starttime="20220825 11:13:49.980" endtime="20220825 11:13:49.980">Test contains no keywords.</status>
</test>
<test id="s1-s1-s2-t5" name="Using variables" line="30">
<doc>Setup and teardown specified using variables</doc>
<status status="FAIL" starttime="20220825 11:13:49.980" endtime="20220825 11:13:49.981">Test contains no keywords.</status>
</test>
<status status="FAIL" starttime="20220825 11:13:49.974" endtime="20220825 11:13:49.982"/>
</suite>
<suite id="s1-s1-s3" name="Test Cases Template" source="C:\Users\mohamed.wagdy\Downloads\robotframework-seriallibrary-develop (1)\robotframework-seriallibrary-develop\tests\TempletesForRobotFramwork\Test_Cases_Template.robot">
<test id="s1-s1-s3-t1" name="Normal test case" line="13">
<kw name="Example keyword">
<arg>Example keyword</arg>
<arg>first argument</arg>
<arg>second argument</arg>
<msg timestamp="20220825 11:13:49.988" level="FAIL">No keyword with name 'Example keyword' found.</msg>
<status status="FAIL" starttime="20220825 11:13:49.988" endtime="20220825 11:13:49.988"/>
</kw>
<status status="FAIL" starttime="20220825 11:13:49.986" endtime="20220825 11:13:49.988">No keyword with name 'Example keyword' found.</status>
</test>
<test id="s1-s1-s3-t2" name="Templated test case" line="16">
<kw name="Example keyword">
<arg>first argument</arg>
<arg>second argument</arg>
<msg timestamp="20220825 11:13:49.991" level="FAIL">No keyword with name 'Example keyword' found.</msg>
<status status="FAIL" starttime="20220825 11:13:49.991" endtime="20220825 11:13:49.991"/>
</kw>
<status status="FAIL" starttime="20220825 11:13:49.989" endtime="20220825 11:13:49.991">No keyword with name 'Example keyword' found.</status>
</test>
<test id="s1-s1-s3-t3" name="As the example illustrates, it is possible to specify the template for an individual test case using the [Template] setting. An alternative approach is using the Test Template setting in the Setting section, in which case the template is applied for all test cases in that test case file. The [Template] setting overrides the possible template set in the Setting section, and an empty value for [Template] means that the test has no template even when Test Template is used. It is also possible to use value NONE to indicate that a test has no template." line="19">
<status status="FAIL" starttime="20220825 11:13:49.991" endtime="20220825 11:13:49.994">Test contains no keywords.</status>
</test>
<test id="s1-s1-s3-t4" name="If a templated test case has multiple data rows in its body, the template is applied for all the rows one by one. This means that the same keyword is executed multiple times, once with data on each row. Templated tests are also special so that all the rounds are executed even if one or more of them fails. It is possible to use this kind of continue on failure mode with normal tests too, but with the templated tests the mode is on automatically." line="21">
<status status="FAIL" starttime="20220825 11:13:49.994" endtime="20220825 11:13:49.996">Test contains no keywords.</status>
</test>
<test id="s1-s1-s3-t5" name="Templated test case" line="27">
<kw name="Example keyword">
<arg>first round 1</arg>
<arg>first round 2</arg>
<msg timestamp="20220825 11:13:49.998" level="FAIL">No keyword with name 'Example keyword' found.</msg>
<status status="FAIL" starttime="20220825 11:13:49.998" endtime="20220825 11:13:49.998"/>
</kw>
<kw name="Example keyword">
<arg>second round 1</arg>
<arg>second round 2</arg>
<msg timestamp="20220825 11:13:50.000" level="FAIL">No keyword with name 'Example keyword' found.</msg>
<status status="FAIL" starttime="20220825 11:13:50.000" endtime="20220825 11:13:50.000"/>
</kw>
<kw name="Example keyword">
<arg>third round 1</arg>
<arg>third round 2</arg>
<msg timestamp="20220825 11:13:50.002" level="FAIL">No keyword with name 'Example keyword' found.</msg>
<status status="FAIL" starttime="20220825 11:13:50.002" endtime="20220825 11:13:50.002"/>
</kw>
<status status="FAIL" starttime="20220825 11:13:49.996" endtime="20220825 11:13:50.002">Several failures occurred:

1) No keyword with name 'Example keyword' found.

2) No keyword with name 'Example keyword' found.

3) No keyword with name 'Example keyword' found.</status>
</test>
<test id="s1-s1-s3-t6" name="Using keywords with default values or accepting variable number of arguments, as well as using named arguments and free named arguments, work with templates exactly like they work otherwise. Using variables in arguments is also supported normally." line="31">
<status status="FAIL" starttime="20220825 11:13:50.002" endtime="20220825 11:13:50.004">Test contains no keywords.</status>
</test>
<status status="FAIL" starttime="20220825 11:13:49.983" endtime="20220825 11:13:50.004"/>
</suite>
<status status="FAIL" starttime="20220825 11:13:49.960" endtime="20220825 11:13:50.005"/>
</suite>
<suite id="s1-s2" name="Test Serial Library" source="C:\Users\mohamed.wagdy\Downloads\robotframework-seriallibrary-develop (1)\robotframework-seriallibrary-develop\tests\Test_Serial_Library.robot">
<test id="s1-s2-t1" name="Default port is None" line="7">
<kw name="Get Library Instance" library="BuiltIn">
<var>${ins}</var>
<arg>SerialLibrary</arg>
<doc>Returns the currently active instance of the specified library.</doc>
<msg timestamp="20220825 11:13:50.043" level="INFO">${ins} = &lt;SerialLibrary.SerialLibrary object at 0x03F94130&gt;</msg>
<status status="PASS" starttime="20220825 11:13:50.042" endtime="20220825 11:13:50.043"/>
</kw>
<kw name="Should Be Equal" library="BuiltIn">
<arg>${ins._current_port_locator}</arg>
<arg>${NONE}</arg>
<doc>Fails if the given objects are unequal.</doc>
<status status="PASS" starttime="20220825 11:13:50.043" endtime="20220825 11:13:50.044"/>
</kw>
<status status="PASS" starttime="20220825 11:13:50.042" endtime="20220825 11:13:50.044"/>
</test>
<test id="s1-s2-t2" name="Default encoding is hexlify" line="11">
<kw name="Get Library Instance" library="BuiltIn">
<var>${ins}</var>
<arg>SerialLibrary</arg>
<doc>Returns the currently active instance of the specified library.</doc>
<msg timestamp="20220825 11:13:50.045" level="INFO">${ins} = &lt;SerialLibrary.SerialLibrary object at 0x03F94130&gt;</msg>
<status status="PASS" starttime="20220825 11:13:50.045" endtime="20220825 11:13:50.046"/>
</kw>
<kw name="Should Be Equal" library="BuiltIn">
<arg>${ins._encoding}</arg>
<arg>hexlify</arg>
<doc>Fails if the given objects are unequal.</doc>
<status status="PASS" starttime="20220825 11:13:50.046" endtime="20220825 11:13:50.047"/>
</kw>
<status status="PASS" starttime="20220825 11:13:50.044" endtime="20220825 11:13:50.047"/>
</test>
<test id="s1-s2-t3" name="Default parameters are set as same as a vanilla SerialBase instance" line="15">
<kw name="Parameter Matches to SerialBase attributes">
<arg>baudrate</arg>
<kw name="Get Library Instance" library="BuiltIn">
<var>${instance}</var>
<arg>SerialLibrary</arg>
<doc>Returns the currently active instance of the specified library.</doc>
<msg timestamp="20220825 11:13:50.049" level="INFO">${instance} = &lt;SerialLibrary.SerialLibrary object at 0x03F94130&gt;</msg>
<status status="PASS" starttime="20220825 11:13:50.048" endtime="20220825 11:13:50.049"/>
</kw>
<kw name="Get SerialBase Instance">
<var>${sb}</var>
<kw name="Evaluate" library="BuiltIn">
<var>${ins}</var>
<arg>__import__('serial').SerialBase(timeout=1.0, write_timeout=1.0, inter_byte_timeout=0.0)</arg>
<doc>Evaluates the given expression in Python and returns the result.</doc>
<msg timestamp="20220825 11:13:50.050" level="INFO">${ins} = SerialBase&lt;id=0x401f8f8, open=False&gt;(port=None, baudrate=9600, bytesize=8, parity='N', stopbits=1, timeout=1.0, xonxoff=False, rtscts=False, dsrdtr=False)</msg>
<status status="PASS" starttime="20220825 11:13:50.049" endtime="20220825 11:13:50.050"/>
</kw>
<msg timestamp="20220825 11:13:50.050" level="INFO">${sb} = SerialBase&lt;id=0x401f8f8, open=False&gt;(port=None, baudrate=9600, bytesize=8, parity='N', stopbits=1, timeout=1.0, xonxoff=False, rtscts=False, dsrdtr=False)</msg>
<status status="PASS" starttime="20220825 11:13:50.049" endtime="20220825 11:13:50.050"/>
</kw>
<kw name="Dictionary Should Contain Item" library="Collections">
<arg>${instance._defaults}</arg>
<arg>${key}</arg>
<arg>${sb.${key}}</arg>
<doc>An item of ``key`` / ``value`` must be found in a ``dictionary``.</doc>
<status status="PASS" starttime="20220825 11:13:50.050" endtime="20220825 11:13:50.052"/>
</kw>
<status status="PASS" starttime="20220825 11:13:50.048" endtime="20220825 11:13:50.052"/>
</kw>
<kw name="Parameter Matches to SerialBase attributes">
<arg>bytesize</arg>
<kw name="Get Library Instance" library="BuiltIn">
<var>${instance}</var>
<arg>SerialLibrary</arg>
<doc>Returns the currently active instance of the specified library.</doc>
<msg timestamp="20220825 11:13:50.053" level="INFO">${instance} = &lt;SerialLibrary.SerialLibrary object at 0x03F94130&gt;</msg>
<status status="PASS" starttime="20220825 11:13:50.052" endtime="20220825 11:13:50.053"/>
</kw>
<kw name="Get SerialBase Instance">
<var>${sb}</var>
<kw name="Evaluate" library="BuiltIn">
<var>${ins}</var>
<arg>__import__('serial').SerialBase(timeout=1.0, write_timeout=1.0, inter_byte_timeout=0.0)</arg>
<doc>Evaluates the given expression in Python and returns the result.</doc>
<msg timestamp="20220825 11:13:50.053" level="INFO">${ins} = SerialBase&lt;id=0x402e640, open=False&gt;(port=None, baudrate=9600, bytesize=8, parity='N', stopbits=1, timeout=1.0, xonxoff=False, rtscts=False, dsrdtr=False)</msg>
<status status="PASS" starttime="20220825 11:13:50.053" endtime="20220825 11:13:50.053"/>
</kw>
<msg timestamp="20220825 11:13:50.054" level="INFO">${sb} = SerialBase&lt;id=0x402e640, open=False&gt;(port=None, baudrate=9600, bytesize=8, parity='N', stopbits=1, timeout=1.0, xonxoff=False, rtscts=False, dsrdtr=False)</msg>
<status status="PASS" starttime="20220825 11:13:50.053" endtime="20220825 11:13:50.054"/>
</kw>
<kw name="Dictionary Should Contain Item" library="Collections">
<arg>${instance._defaults}</arg>
<arg>${key}</arg>
<arg>${sb.${key}}</arg>
<doc>An item of ``key`` / ``value`` must be found in a ``dictionary``.</doc>
<status status="PASS" starttime="20220825 11:13:50.054" endtime="20220825 11:13:50.056"/>
</kw>
<status status="PASS" starttime="20220825 11:13:50.052" endtime="20220825 11:13:50.056"/>
</kw>
<kw name="Parameter Matches to SerialBase attributes">
<arg>parity</arg>
<kw name="Get Library Instance" library="BuiltIn">
<var>${instance}</var>
<arg>SerialLibrary</arg>
<doc>Returns the currently active instance of the specified library.</doc>
<msg timestamp="20220825 11:13:50.056" level="INFO">${instance} = &lt;SerialLibrary.SerialLibrary object at 0x03F94130&gt;</msg>
<status status="PASS" starttime="20220825 11:13:50.056" endtime="20220825 11:13:50.056"/>
</kw>
<kw name="Get SerialBase Instance">
<var>${sb}</var>
<kw name="Evaluate" library="BuiltIn">
<var>${ins}</var>
<arg>__import__('serial').SerialBase(timeout=1.0, write_timeout=1.0, inter_byte_timeout=0.0)</arg>
<doc>Evaluates the given expression in Python and returns the result.</doc>
<msg timestamp="20220825 11:13:50.057" level="INFO">${ins} = SerialBase&lt;id=0x402eb80, open=False&gt;(port=None, baudrate=9600, bytesize=8, parity='N', stopbits=1, timeout=1.0, xonxoff=False, rtscts=False, dsrdtr=False)</msg>
<status status="PASS" starttime="20220825 11:13:50.057" endtime="20220825 11:13:50.057"/>
</kw>
<msg timestamp="20220825 11:13:50.058" level="INFO">${sb} = SerialBase&lt;id=0x402eb80, open=False&gt;(port=None, baudrate=9600, bytesize=8, parity='N', stopbits=1, timeout=1.0, xonxoff=False, rtscts=False, dsrdtr=False)</msg>
<status status="PASS" starttime="20220825 11:13:50.057" endtime="20220825 11:13:50.058"/>
</kw>
<kw name="Dictionary Should Contain Item" library="Collections">
<arg>${instance._defaults}</arg>
<arg>${key}</arg>
<arg>${sb.${key}}</arg>
<doc>An item of ``key`` / ``value`` must be found in a ``dictionary``.</doc>
<status status="PASS" starttime="20220825 11:13:50.058" endtime="20220825 11:13:50.059"/>
</kw>
<status status="PASS" starttime="20220825 11:13:50.056" endtime="20220825 11:13:50.059"/>
</kw>
<kw name="Parameter Matches to SerialBase attributes">
<arg>stopbits</arg>
<kw name="Get Library Instance" library="BuiltIn">
<var>${instance}</var>
<arg>SerialLibrary</arg>
<doc>Returns the currently active instance of the specified library.</doc>
<msg timestamp="20220825 11:13:50.060" level="INFO">${instance} = &lt;SerialLibrary.SerialLibrary object at 0x03F94130&gt;</msg>
<status status="PASS" starttime="20220825 11:13:50.060" endtime="20220825 11:13:50.060"/>
</kw>
<kw name="Get SerialBase Instance">
<var>${sb}</var>
<kw name="Evaluate" library="BuiltIn">
<var>${ins}</var>
<arg>__import__('serial').SerialBase(timeout=1.0, write_timeout=1.0, inter_byte_timeout=0.0)</arg>
<doc>Evaluates the given expression in Python and returns the result.</doc>
<msg timestamp="20220825 11:13:50.061" level="INFO">${ins} = SerialBase&lt;id=0x40360e8, open=False&gt;(port=None, baudrate=9600, bytesize=8, parity='N', stopbits=1, timeout=1.0, xonxoff=False, rtscts=False, dsrdtr=False)</msg>
<status status="PASS" starttime="20220825 11:13:50.060" endtime="20220825 11:13:50.061"/>
</kw>
<msg timestamp="20220825 11:13:50.061" level="INFO">${sb} = SerialBase&lt;id=0x40360e8, open=False&gt;(port=None, baudrate=9600, bytesize=8, parity='N', stopbits=1, timeout=1.0, xonxoff=False, rtscts=False, dsrdtr=False)</msg>
<status status="PASS" starttime="20220825 11:13:50.060" endtime="20220825 11:13:50.061"/>
</kw>
<kw name="Dictionary Should Contain Item" library="Collections">
<arg>${instance._defaults}</arg>
<arg>${key}</arg>
<arg>${sb.${key}}</arg>
<doc>An item of ``key`` / ``value`` must be found in a ``dictionary``.</doc>
<status status="PASS" starttime="20220825 11:13:50.062" endtime="20220825 11:13:50.063"/>
</kw>
<status status="PASS" starttime="20220825 11:13:50.059" endtime="20220825 11:13:50.063"/>
</kw>
<kw name="Parameter Matches to SerialBase attributes">
<arg>timeout</arg>
<kw name="Get Library Instance" library="BuiltIn">
<var>${instance}</var>
<arg>SerialLibrary</arg>
<doc>Returns the currently active instance of the specified library.</doc>
<msg timestamp="20220825 11:13:50.064" level="INFO">${instance} = &lt;SerialLibrary.SerialLibrary object at 0x03F94130&gt;</msg>
<status status="PASS" starttime="20220825 11:13:50.064" endtime="20220825 11:13:50.064"/>
</kw>
<kw name="Get SerialBase Instance">
<var>${sb}</var>
<kw name="Evaluate" library="BuiltIn">
<var>${ins}</var>
<arg>__import__('serial').SerialBase(timeout=1.0, write_timeout=1.0, inter_byte_timeout=0.0)</arg>
<doc>Evaluates the given expression in Python and returns the result.</doc>
<msg timestamp="20220825 11:13:50.065" level="INFO">${ins} = SerialBase&lt;id=0x4036628, open=False&gt;(port=None, baudrate=9600, bytesize=8, parity='N', stopbits=1, timeout=1.0, xonxoff=False, rtscts=False, dsrdtr=False)</msg>
<status status="PASS" starttime="20220825 11:13:50.064" endtime="20220825 11:13:50.065"/>
</kw>
<msg timestamp="20220825 11:13:50.065" level="INFO">${sb} = SerialBase&lt;id=0x4036628, open=False&gt;(port=None, baudrate=9600, bytesize=8, parity='N', stopbits=1, timeout=1.0, xonxoff=False, rtscts=False, dsrdtr=False)</msg>
<status status="PASS" starttime="20220825 11:13:50.064" endtime="20220825 11:13:50.065"/>
</kw>
<kw name="Dictionary Should Contain Item" library="Collections">
<arg>${instance._defaults}</arg>
<arg>${key}</arg>
<arg>${sb.${key}}</arg>
<doc>An item of ``key`` / ``value`` must be found in a ``dictionary``.</doc>
<status status="PASS" starttime="20220825 11:13:50.065" endtime="20220825 11:13:50.067"/>
</kw>
<status status="PASS" starttime="20220825 11:13:50.063" endtime="20220825 11:13:50.067"/>
</kw>
<kw name="Parameter Matches to SerialBase attributes">
<arg>write_timeout</arg>
<kw name="Get Library Instance" library="BuiltIn">
<var>${instance}</var>
<arg>SerialLibrary</arg>
<doc>Returns the currently active instance of the specified library.</doc>
<msg timestamp="20220825 11:13:50.067" level="INFO">${instance} = &lt;SerialLibrary.SerialLibrary object at 0x03F94130&gt;</msg>
<status status="PASS" starttime="20220825 11:13:50.067" endtime="20220825 11:13:50.067"/>
</kw>
<kw name="Get SerialBase Instance">
<var>${sb}</var>
<kw name="Evaluate" library="BuiltIn">
<var>${ins}</var>
<arg>__import__('serial').SerialBase(timeout=1.0, write_timeout=1.0, inter_byte_timeout=0.0)</arg>
<doc>Evaluates the given expression in Python and returns the result.</doc>
<msg timestamp="20220825 11:13:50.068" level="INFO">${ins} = SerialBase&lt;id=0x4036b80, open=False&gt;(port=None, baudrate=9600, bytesize=8, parity='N', stopbits=1, timeout=1.0, xonxoff=False, rtscts=False, dsrdtr=False)</msg>
<status status="PASS" starttime="20220825 11:13:50.068" endtime="20220825 11:13:50.068"/>
</kw>
<msg timestamp="20220825 11:13:50.069" level="INFO">${sb} = SerialBase&lt;id=0x4036b80, open=False&gt;(port=None, baudrate=9600, bytesize=8, parity='N', stopbits=1, timeout=1.0, xonxoff=False, rtscts=False, dsrdtr=False)</msg>
<status status="PASS" starttime="20220825 11:13:50.068" endtime="20220825 11:13:50.069"/>
</kw>
<kw name="Dictionary Should Contain Item" library="Collections">
<arg>${instance._defaults}</arg>
<arg>${key}</arg>
<arg>${sb.${key}}</arg>
<doc>An item of ``key`` / ``value`` must be found in a ``dictionary``.</doc>
<status status="PASS" starttime="20220825 11:13:50.069" endtime="20220825 11:13:50.070"/>
</kw>
<status status="PASS" starttime="20220825 11:13:50.067" endtime="20220825 11:13:50.070"/>
</kw>
<kw name="Parameter Matches to SerialBase attributes">
<arg>xonxoff</arg>
<kw name="Get Library Instance" library="BuiltIn">
<var>${instance}</var>
<arg>SerialLibrary</arg>
<doc>Returns the currently active instance of the specified library.</doc>
<msg timestamp="20220825 11:13:50.071" level="INFO">${instance} = &lt;SerialLibrary.SerialLibrary object at 0x03F94130&gt;</msg>
<status status="PASS" starttime="20220825 11:13:50.071" endtime="20220825 11:13:50.071"/>
</kw>
<kw name="Get SerialBase Instance">
<var>${sb}</var>
<kw name="Evaluate" library="BuiltIn">
<var>${ins}</var>
<arg>__import__('serial').SerialBase(timeout=1.0, write_timeout=1.0, inter_byte_timeout=0.0)</arg>
<doc>Evaluates the given expression in Python and returns the result.</doc>
<msg timestamp="20220825 11:13:50.072" level="INFO">${ins} = SerialBase&lt;id=0x402eef8, open=False&gt;(port=None, baudrate=9600, bytesize=8, parity='N', stopbits=1, timeout=1.0, xonxoff=False, rtscts=False, dsrdtr=False)</msg>
<status status="PASS" starttime="20220825 11:13:50.072" endtime="20220825 11:13:50.072"/>
</kw>
<msg timestamp="20220825 11:13:50.072" level="INFO">${sb} = SerialBase&lt;id=0x402eef8, open=False&gt;(port=None, baudrate=9600, bytesize=8, parity='N', stopbits=1, timeout=1.0, xonxoff=False, rtscts=False, dsrdtr=False)</msg>
<status status="PASS" starttime="20220825 11:13:50.071" endtime="20220825 11:13:50.072"/>
</kw>
<kw name="Dictionary Should Contain Item" library="Collections">
<arg>${instance._defaults}</arg>
<arg>${key}</arg>
<arg>${sb.${key}}</arg>
<doc>An item of ``key`` / ``value`` must be found in a ``dictionary``.</doc>
<status status="PASS" starttime="20220825 11:13:50.072" endtime="20220825 11:13:50.074"/>
</kw>
<status status="PASS" starttime="20220825 11:13:50.070" endtime="20220825 11:13:50.074"/>
</kw>
<kw name="Parameter Matches to SerialBase attributes">
<arg>rtscts</arg>
<kw name="Get Library Instance" library="BuiltIn">
<var>${instance}</var>
<arg>SerialLibrary</arg>
<doc>Returns the currently active instance of the specified library.</doc>
<msg timestamp="20220825 11:13:50.075" level="INFO">${instance} = &lt;SerialLibrary.SerialLibrary object at 0x03F94130&gt;</msg>
<status status="PASS" starttime="20220825 11:13:50.074" endtime="20220825 11:13:50.075"/>
</kw>
<kw name="Get SerialBase Instance">
<var>${sb}</var>
<kw name="Evaluate" library="BuiltIn">
<var>${ins}</var>
<arg>__import__('serial').SerialBase(timeout=1.0, write_timeout=1.0, inter_byte_timeout=0.0)</arg>
<doc>Evaluates the given expression in Python and returns the result.</doc>
<msg timestamp="20220825 11:13:50.075" level="INFO">${ins} = SerialBase&lt;id=0x402e490, open=False&gt;(port=None, baudrate=9600, bytesize=8, parity='N', stopbits=1, timeout=1.0, xonxoff=False, rtscts=False, dsrdtr=False)</msg>
<status status="PASS" starttime="20220825 11:13:50.075" endtime="20220825 11:13:50.075"/>
</kw>
<msg timestamp="20220825 11:13:50.076" level="INFO">${sb} = SerialBase&lt;id=0x402e490, open=False&gt;(port=None, baudrate=9600, bytesize=8, parity='N', stopbits=1, timeout=1.0, xonxoff=False, rtscts=False, dsrdtr=False)</msg>
<status status="PASS" starttime="20220825 11:13:50.075" endtime="20220825 11:13:50.076"/>
</kw>
<kw name="Dictionary Should Contain Item" library="Collections">
<arg>${instance._defaults}</arg>
<arg>${key}</arg>
<arg>${sb.${key}}</arg>
<doc>An item of ``key`` / ``value`` must be found in a ``dictionary``.</doc>
<status status="PASS" starttime="20220825 11:13:50.076" endtime="20220825 11:13:50.077"/>
</kw>
<status status="PASS" starttime="20220825 11:13:50.074" endtime="20220825 11:13:50.078"/>
</kw>
<kw name="Parameter Matches to SerialBase attributes">
<arg>dsrdtr</arg>
<kw name="Get Library Instance" library="BuiltIn">
<var>${instance}</var>
<arg>SerialLibrary</arg>
<doc>Returns the currently active instance of the specified library.</doc>
<msg timestamp="20220825 11:13:50.078" level="INFO">${instance} = &lt;SerialLibrary.SerialLibrary object at 0x03F94130&gt;</msg>
<status status="PASS" starttime="20220825 11:13:50.078" endtime="20220825 11:13:50.079"/>
</kw>
<kw name="Get SerialBase Instance">
<var>${sb}</var>
<kw name="Evaluate" library="BuiltIn">
<var>${ins}</var>
<arg>__import__('serial').SerialBase(timeout=1.0, write_timeout=1.0, inter_byte_timeout=0.0)</arg>
<doc>Evaluates the given expression in Python and returns the result.</doc>
<msg timestamp="20220825 11:13:50.079" level="INFO">${ins} = SerialBase&lt;id=0x401f5f8, open=False&gt;(port=None, baudrate=9600, bytesize=8, parity='N', stopbits=1, timeout=1.0, xonxoff=False, rtscts=False, dsrdtr=False)</msg>
<status status="PASS" starttime="20220825 11:13:50.079" endtime="20220825 11:13:50.079"/>
</kw>
<msg timestamp="20220825 11:13:50.080" level="INFO">${sb} = SerialBase&lt;id=0x401f5f8, open=False&gt;(port=None, baudrate=9600, bytesize=8, parity='N', stopbits=1, timeout=1.0, xonxoff=False, rtscts=False, dsrdtr=False)</msg>
<status status="PASS" starttime="20220825 11:13:50.079" endtime="20220825 11:13:50.080"/>
</kw>
<kw name="Dictionary Should Contain Item" library="Collections">
<arg>${instance._defaults}</arg>
<arg>${key}</arg>
<arg>${sb.${key}}</arg>
<doc>An item of ``key`` / ``value`` must be found in a ``dictionary``.</doc>
<status status="PASS" starttime="20220825 11:13:50.080" endtime="20220825 11:13:50.081"/>
</kw>
<status status="PASS" starttime="20220825 11:13:50.078" endtime="20220825 11:13:50.081"/>
</kw>
<kw name="Parameter Matches to SerialBase attributes">
<arg>inter_byte_timeout</arg>
<kw name="Get Library Instance" library="BuiltIn">
<var>${instance}</var>
<arg>SerialLibrary</arg>
<doc>Returns the currently active instance of the specified library.</doc>
<msg timestamp="20220825 11:13:50.082" level="INFO">${instance} = &lt;SerialLibrary.SerialLibrary object at 0x03F94130&gt;</msg>
<status status="PASS" starttime="20220825 11:13:50.082" endtime="20220825 11:13:50.082"/>
</kw>
<kw name="Get SerialBase Instance">
<var>${sb}</var>
<kw name="Evaluate" library="BuiltIn">
<var>${ins}</var>
<arg>__import__('serial').SerialBase(timeout=1.0, write_timeout=1.0, inter_byte_timeout=0.0)</arg>
<doc>Evaluates the given expression in Python and returns the result.</doc>
<msg timestamp="20220825 11:13:50.083" level="INFO">${ins} = SerialBase&lt;id=0x4036d60, open=False&gt;(port=None, baudrate=9600, bytesize=8, parity='N', stopbits=1, timeout=1.0, xonxoff=False, rtscts=False, dsrdtr=False)</msg>
<status status="PASS" starttime="20220825 11:13:50.082" endtime="20220825 11:13:50.083"/>
</kw>
<msg timestamp="20220825 11:13:50.083" level="INFO">${sb} = SerialBase&lt;id=0x4036d60, open=False&gt;(port=None, baudrate=9600, bytesize=8, parity='N', stopbits=1, timeout=1.0, xonxoff=False, rtscts=False, dsrdtr=False)</msg>
<status status="PASS" starttime="20220825 11:13:50.082" endtime="20220825 11:13:50.083"/>
</kw>
<kw name="Dictionary Should Contain Item" library="Collections">
<arg>${instance._defaults}</arg>
<arg>${key}</arg>
<arg>${sb.${key}}</arg>
<doc>An item of ``key`` / ``value`` must be found in a ``dictionary``.</doc>
<status status="PASS" starttime="20220825 11:13:50.083" endtime="20220825 11:13:50.085"/>
</kw>
<status status="PASS" starttime="20220825 11:13:50.081" endtime="20220825 11:13:50.085"/>
</kw>
<status status="PASS" starttime="20220825 11:13:50.047" endtime="20220825 11:13:50.085"/>
</test>
<test id="s1-s2-t4" name="Get Encoding should return current encoding" line="28">
<kw name="Get Library Instance" library="BuiltIn">
<var>${ins}</var>
<arg>SerialLibrary</arg>
<doc>Returns the currently active instance of the specified library.</doc>
<msg timestamp="20220825 11:13:50.086" level="INFO">${ins} = &lt;SerialLibrary.SerialLibrary object at 0x03F94130&gt;</msg>
<status status="PASS" starttime="20220825 11:13:50.086" endtime="20220825 11:13:50.086"/>
</kw>
<kw name="Get Encoding" library="SerialLibrary">
<var>${encoding}</var>
<doc>Returns default encoding for the library instance.</doc>
<msg timestamp="20220825 11:13:50.087" level="INFO">${encoding} = hexlify</msg>
<status status="PASS" starttime="20220825 11:13:50.086" endtime="20220825 11:13:50.087"/>
</kw>
<kw name="Should Be Equal" library="BuiltIn">
<arg>${ins._encoding}</arg>
<arg>${encoding}</arg>
<doc>Fails if the given objects are unequal.</doc>
<status status="PASS" starttime="20220825 11:13:50.087" endtime="20220825 11:13:50.088"/>
</kw>
<kw name="Should Be Equal" library="BuiltIn">
<arg>${encoding}</arg>
<arg>hexlify</arg>
<doc>Fails if the given objects are unequal.</doc>
<status status="PASS" starttime="20220825 11:13:50.088" endtime="20220825 11:13:50.088"/>
</kw>
<status status="PASS" starttime="20220825 11:13:50.086" endtime="20220825 11:13:50.088"/>
</test>
<test id="s1-s2-t5" name="Set Encoding should change current encoding, returning previous value" line="34">
<kw name="Get Library Instance" library="BuiltIn">
<var>${ins}</var>
<arg>SerialLibrary</arg>
<doc>Returns the currently active instance of the specified library.</doc>
<msg timestamp="20220825 11:13:50.090" level="INFO">${ins} = &lt;SerialLibrary.SerialLibrary object at 0x03F94130&gt;</msg>
<status status="PASS" starttime="20220825 11:13:50.089" endtime="20220825 11:13:50.090"/>
</kw>
<kw name="Set Encoding" library="SerialLibrary">
<var>${encoding}</var>
<arg>hex</arg>
<doc>Sets default encoding for the library instance.</doc>
<msg timestamp="20220825 11:13:50.090" level="INFO">${encoding} = hexlify</msg>
<status status="PASS" starttime="20220825 11:13:50.090" endtime="20220825 11:13:50.090"/>
</kw>
<kw name="Should Be Equal" library="BuiltIn">
<arg>${encoding}</arg>
<arg>hexlify</arg>
<doc>Fails if the given objects are unequal.</doc>
<status status="PASS" starttime="20220825 11:13:50.090" endtime="20220825 11:13:50.090"/>
</kw>
<kw name="Should Be Equal" library="BuiltIn">
<arg>${ins._encoding}</arg>
<arg>hex</arg>
<doc>Fails if the given objects are unequal.</doc>
<status status="PASS" starttime="20220825 11:13:50.091" endtime="20220825 11:13:50.091"/>
</kw>
<kw name="Set Encoding" library="SerialLibrary" type="TEARDOWN">
<arg>hexlify</arg>
<doc>Sets default encoding for the library instance.</doc>
<status status="PASS" starttime="20220825 11:13:50.091" endtime="20220825 11:13:50.092"/>
</kw>
<status status="PASS" starttime="20220825 11:13:50.089" endtime="20220825 11:13:50.092"/>
</test>
<test id="s1-s2-t6" name="List Com Ports should return list of ports" line="41">
<kw name="List Com Ports" library="SerialLibrary">
<var>@{ports}</var>
<doc>Returns list of com ports found on the system.</doc>
<msg timestamp="20220825 11:13:50.099" level="INFO">@{ports} = [ ]</msg>
<status status="PASS" starttime="20220825 11:13:50.093" endtime="20220825 11:13:50.099"/>
</kw>
<kw name="Should Not Be Empty" library="BuiltIn">
<arg>${ports}</arg>
<doc>Verifies that the given item is not empty.</doc>
<msg timestamp="20220825 11:13:50.099" level="INFO">Length is 0</msg>
<msg timestamp="20220825 11:13:50.100" level="FAIL">'[]' should not be empty.</msg>
<status status="FAIL" starttime="20220825 11:13:50.099" endtime="20220825 11:13:50.100"/>
</kw>
<tag>Bluetooth-osx</tag>
<status status="FAIL" starttime="20220825 11:13:50.092" endtime="20220825 11:13:50.100">'[]' should not be empty.</status>
</test>
<test id="s1-s2-t7" name="Com Port Should Exist Regexp should find some port" line="46">
<kw name="Com Port Should Exist Regexp" library="SerialLibrary">
<var>@{ports}</var>
<arg>.</arg>
<doc>Fails if com port matching given pattern is not found on the system.</doc>
<msg timestamp="20220825 11:13:50.106" level="FAIL">Matching port does not exist.</msg>
<status status="FAIL" starttime="20220825 11:13:50.101" endtime="20220825 11:13:50.107"/>
</kw>
<kw name="Should Not Be Empty" library="BuiltIn">
<arg>${ports}</arg>
<doc>Verifies that the given item is not empty.</doc>
<status status="NOT RUN" starttime="20220825 11:13:50.107" endtime="20220825 11:13:50.107"/>
</kw>
<kw name="Run Keyword And Expect Error" library="BuiltIn">
<arg>Matching port does not exist.</arg>
<arg>Com Port Should Exist Regexp</arg>
<arg>__NONEXISTENT__</arg>
<doc>Runs the keyword and checks that the expected error occurred.</doc>
<status status="NOT RUN" starttime="20220825 11:13:50.107" endtime="20220825 11:13:50.107"/>
</kw>
<tag>Bluetooth-osx</tag>
<status status="FAIL" starttime="20220825 11:13:50.101" endtime="20220825 11:13:50.107">Matching port does not exist.</status>
</test>
<test id="s1-s2-t8" name="Set Default Parameters changes internal default dictionary" line="53">
<kw name="Get Library Instance" library="BuiltIn">
<var>${ins}</var>
<arg>SerialLibrary</arg>
<doc>Returns the currently active instance of the specified library.</doc>
<msg timestamp="20220825 11:13:50.109" level="INFO">${ins} = &lt;SerialLibrary.SerialLibrary object at 0x03F94130&gt;</msg>
<status status="PASS" starttime="20220825 11:13:50.108" endtime="20220825 11:13:50.109"/>
</kw>
<kw name="Should Be Equal As Integers" library="BuiltIn">
<arg>${ins._defaults['baudrate']}</arg>
<arg>9600</arg>
<doc>Fails if objects are unequal after converting them to integers.</doc>
<msg timestamp="20220825 11:13:50.110" level="INFO">Argument types are:
&lt;class 'int'&gt;
&lt;class 'str'&gt;</msg>
<status status="PASS" starttime="20220825 11:13:50.109" endtime="20220825 11:13:50.110"/>
</kw>
<kw name="Create Dictionary" library="BuiltIn">
<var>&amp;{params}</var>
<arg>baudrate=128000</arg>
<doc>Creates and returns a dictionary based on the given ``items``.</doc>
<msg timestamp="20220825 11:13:50.110" level="INFO">&amp;{params} = { baudrate=128000 }</msg>
<status status="PASS" starttime="20220825 11:13:50.110" endtime="20220825 11:13:50.110"/>
</kw>
<kw name="Set Default Parameters" library="SerialLibrary">
<var>&amp;{prev}</var>
<arg>${params}</arg>
<doc>Updates default parameters with given dictionary.</doc>
<msg timestamp="20220825 11:13:50.111" level="INFO">&amp;{prev} = { baudrate=9600 | bytesize=8 | parity=N | stopbits=1 | xonxoff=False | dsrdtr=False | rtscts=False | timeout=1.0 | write_timeout=1.0 | inter_byte_timeout=0.0 }</msg>
<status status="PASS" starttime="20220825 11:13:50.110" endtime="20220825 11:13:50.111"/>
</kw>
<kw name="Should Be Type Of">
<arg>${ins._defaults['baudrate']}</arg>
<arg>int</arg>
<kw name="Should Be Equal" library="BuiltIn">
<arg>${object.__class__.__name__}</arg>
<arg>${typestr}</arg>
<doc>Fails if the given objects are unequal.</doc>
<status status="PASS" starttime="20220825 11:13:50.112" endtime="20220825 11:13:50.113"/>
</kw>
<status status="PASS" starttime="20220825 11:13:50.111" endtime="20220825 11:13:50.113"/>
</kw>
<kw name="Should Be Equal As Integers" library="BuiltIn">
<arg>${ins._defaults['baudrate']}</arg>
<arg>128000</arg>
<doc>Fails if objects are unequal after converting them to integers.</doc>
<msg timestamp="20220825 11:13:50.113" level="INFO">Argument types are:
&lt;class 'int'&gt;
&lt;class 'str'&gt;</msg>
<status status="PASS" starttime="20220825 11:13:50.113" endtime="20220825 11:13:50.114"/>
</kw>
<kw name="Reset Default Parameters" library="SerialLibrary">
<doc>Resets default parameters to those defined in serial.SerialBase.</doc>
<status status="PASS" starttime="20220825 11:13:50.114" endtime="20220825 11:13:50.114"/>
</kw>
<kw name="Should Be Equal As Integers" library="BuiltIn">
<arg>${ins._defaults['baudrate']}</arg>
<arg>9600</arg>
<doc>Fails if objects are unequal after converting them to integers.</doc>
<msg timestamp="20220825 11:13:50.115" level="INFO">Argument types are:
&lt;class 'int'&gt;
&lt;class 'str'&gt;</msg>
<status status="PASS" starttime="20220825 11:13:50.114" endtime="20220825 11:13:50.115"/>
</kw>
<status status="PASS" starttime="20220825 11:13:50.108" endtime="20220825 11:13:50.115"/>
</test>
<test id="s1-s2-t9" name="Get Current Port Locator returns current port locator" line="63">
<kw name="Get Library Instance" library="BuiltIn">
<var>${ins}</var>
<arg>SerialLibrary</arg>
<doc>Returns the currently active instance of the specified library.</doc>
<msg timestamp="20220825 11:13:50.116" level="INFO">${ins} = &lt;SerialLibrary.SerialLibrary object at 0x03F94130&gt;</msg>
<status status="PASS" starttime="20220825 11:13:50.116" endtime="20220825 11:13:50.116"/>
</kw>
<kw name="Get Current Port Locator" library="SerialLibrary">
<var>${locator}</var>
<doc>Returns port locator of current port.
If no port is associated to the current port (implies no port
in the library instance), None is returned.</doc>
<msg timestamp="20220825 11:13:50.116" level="INFO">${locator} = None</msg>
<status status="PASS" starttime="20220825 11:13:50.116" endtime="20220825 11:13:50.116"/>
</kw>
<kw name="Should Be Equal" library="BuiltIn">
<arg>${ins._current_port_locator}</arg>
<arg>${locator}</arg>
<doc>Fails if the given objects are unequal.</doc>
<status status="PASS" starttime="20220825 11:13:50.117" endtime="20220825 11:13:50.117"/>
</kw>
<status status="PASS" starttime="20220825 11:13:50.115" endtime="20220825 11:13:50.118"/>
</test>
<test id="s1-s2-t10" name="Current Port Should Be confirms current port locator" line="68">
<kw name="Get Library Instance" library="BuiltIn">
<var>${ins}</var>
<arg>SerialLibrary</arg>
<doc>Returns the currently active instance of the specified library.</doc>
<msg timestamp="20220825 11:13:50.119" level="INFO">${ins} = &lt;SerialLibrary.SerialLibrary object at 0x03F94130&gt;</msg>
<status status="PASS" starttime="20220825 11:13:50.119" endtime="20220825 11:13:50.119"/>
</kw>
<kw name="Get Current Port Locator" library="SerialLibrary">
<var>${locator}</var>
<doc>Returns port locator of current port.
If no port is associated to the current port (implies no port
in the library instance), None is returned.</doc>
<msg timestamp="20220825 11:13:50.119" level="INFO">${locator} = None</msg>
<status status="PASS" starttime="20220825 11:13:50.119" endtime="20220825 11:13:50.119"/>
</kw>
<kw name="Current Port Should Be" library="SerialLibrary">
<arg>${locator}</arg>
<doc>Fails if given port locator does not match current port locator.</doc>
<status status="PASS" starttime="20220825 11:13:50.119" endtime="20220825 11:13:50.120"/>
</kw>
<kw name="Run Keyword And Expect Error" library="BuiltIn">
<arg>Port does not match.</arg>
<arg>Current Port Should Be</arg>
<arg>SOMETHING_WRONG</arg>
<doc>Runs the keyword and checks that the expected error occurred.</doc>
<kw name="Current Port Should Be" library="SerialLibrary">
<arg>SOMETHING_WRONG</arg>
<doc>Fails if given port locator does not match current port locator.</doc>
<msg timestamp="20220825 11:13:50.120" level="FAIL">Port does not match.</msg>
<status status="FAIL" starttime="20220825 11:13:50.120" endtime="20220825 11:13:50.121"/>
</kw>
<status status="PASS" starttime="20220825 11:13:50.120" endtime="20220825 11:13:50.121"/>
</kw>
<status status="PASS" starttime="20220825 11:13:50.118" endtime="20220825 11:13:50.121"/>
</test>
<test id="s1-s2-t11" name="Current Port Should Be Regexp confirms current port locator by regular expression" line="75">
<kw name="Get Library Instance" library="BuiltIn">
<var>${ins}</var>
<arg>SerialLibrary</arg>
<doc>Returns the currently active instance of the specified library.</doc>
<msg timestamp="20220825 11:13:50.122" level="INFO">${ins} = &lt;SerialLibrary.SerialLibrary object at 0x03F94130&gt;</msg>
<status status="PASS" starttime="20220825 11:13:50.122" endtime="20220825 11:13:50.122"/>
</kw>
<kw name="Current Port Should Be Regexp" library="SerialLibrary">
<arg>${EMPTY}</arg>
<doc>Fails if given regexp does not match current port locator.</doc>
<status status="PASS" starttime="20220825 11:13:50.123" endtime="20220825 11:13:50.123"/>
</kw>
<kw name="Run Keyword And Expect Error" library="BuiltIn">
<arg>Port does not match.</arg>
<arg>Current Port Should Be Regexp</arg>
<arg>THIS_NEVER_MATCHES</arg>
<doc>Runs the keyword and checks that the expected error occurred.</doc>
<kw name="Current Port Should Be Regexp" library="SerialLibrary">
<arg>THIS_NEVER_MATCHES</arg>
<doc>Fails if given regexp does not match current port locator.</doc>
<msg timestamp="20220825 11:13:50.124" level="FAIL">Port does not match.</msg>
<status status="FAIL" starttime="20220825 11:13:50.124" endtime="20220825 11:13:50.124"/>
</kw>
<status status="PASS" starttime="20220825 11:13:50.123" endtime="20220825 11:13:50.124"/>
</kw>
<kw name="Add Port" library="SerialLibrary">
<arg>loop://</arg>
<doc>Adds new port with specified locator.</doc>
<status status="PASS" starttime="20220825 11:13:50.125" endtime="20220825 11:13:50.128"/>
</kw>
<kw name="Current Port Should Be Regexp" library="SerialLibrary">
<arg>\\w+://</arg>
<doc>Fails if given regexp does not match current port locator.</doc>
<status status="PASS" starttime="20220825 11:13:50.128" endtime="20220825 11:13:50.129"/>
</kw>
<kw name="Current Port Should Be Regexp" library="SerialLibrary">
<arg>lo..://</arg>
<doc>Fails if given regexp does not match current port locator.</doc>
<status status="PASS" starttime="20220825 11:13:50.129" endtime="20220825 11:13:50.129"/>
</kw>
<kw name="Current Port Should Be Regexp" library="SerialLibrary">
<arg>lo{1,2}p:/{2}</arg>
<doc>Fails if given regexp does not match current port locator.</doc>
<status status="PASS" starttime="20220825 11:13:50.129" endtime="20220825 11:13:50.129"/>
</kw>
<kw name="Run Keyword And Expect Error" library="BuiltIn">
<arg>Port does not match.</arg>
<arg>Current Port Should Be</arg>
<arg>THIS_NEVER_MATCHES</arg>
<doc>Runs the keyword and checks that the expected error occurred.</doc>
<kw name="Current Port Should Be" library="SerialLibrary">
<arg>THIS_NEVER_MATCHES</arg>
<doc>Fails if given port locator does not match current port locator.</doc>
<msg timestamp="20220825 11:13:50.130" level="FAIL">Port does not match.</msg>
<status status="FAIL" starttime="20220825 11:13:50.130" endtime="20220825 11:13:50.130"/>
</kw>
<status status="PASS" starttime="20220825 11:13:50.130" endtime="20220825 11:13:50.131"/>
</kw>
<kw name="Call Method" library="BuiltIn" type="TEARDOWN">
<arg>${ins}</arg>
<arg>delete_port</arg>
<doc>Calls the named method of the given object with the provided arguments.</doc>
<status status="PASS" starttime="20220825 11:13:50.131" endtime="20220825 11:13:50.131"/>
</kw>
<status status="PASS" starttime="20220825 11:13:50.121" endtime="20220825 11:13:50.131"/>
</test>
<test id="s1-s2-t12" name="If no current port is assigned, Add Port will add one and make it current" line="89">
<kw name="Get Library Instance" library="BuiltIn">
<var>${ins}</var>
<arg>SerialLibrary</arg>
<doc>Returns the currently active instance of the specified library.</doc>
<msg timestamp="20220825 11:13:50.132" level="INFO">${ins} = &lt;SerialLibrary.SerialLibrary object at 0x03F94130&gt;</msg>
<status status="PASS" starttime="20220825 11:13:50.132" endtime="20220825 11:13:50.132"/>
</kw>
<kw name="Should Be Equal" library="BuiltIn">
<arg>${ins._current_port_locator}</arg>
<arg>${NONE}</arg>
<doc>Fails if the given objects are unequal.</doc>
<status status="PASS" starttime="20220825 11:13:50.133" endtime="20220825 11:13:50.133"/>
</kw>
<kw name="Add Port" library="SerialLibrary">
<arg>loop://</arg>
<doc>Adds new port with specified locator.</doc>
<status status="PASS" starttime="20220825 11:13:50.133" endtime="20220825 11:13:50.134"/>
</kw>
<kw name="Should Be Equal" library="BuiltIn">
<arg>${ins._current_port_locator}</arg>
<arg>loop://</arg>
<doc>Fails if the given objects are unequal.</doc>
<status status="PASS" starttime="20220825 11:13:50.134" endtime="20220825 11:13:50.135"/>
</kw>
<kw name="Port Should Be Open" library="SerialLibrary">
<doc>Fails if specified port is closed.</doc>
<status status="PASS" starttime="20220825 11:13:50.135" endtime="20220825 11:13:50.135"/>
</kw>
<kw name="Call Method" library="BuiltIn" type="TEARDOWN">
<arg>${ins}</arg>
<arg>delete_port</arg>
<doc>Calls the named method of the given object with the provided arguments.</doc>
<status status="PASS" starttime="20220825 11:13:50.135" endtime="20220825 11:13:50.136"/>
</kw>
<status status="PASS" starttime="20220825 11:13:50.132" endtime="20220825 11:13:50.136"/>
</test>
<test id="s1-s2-t13" name="Add Port fails if invalid or duplicaed port is tried" line="97">
<kw name="Get Library Instance" library="BuiltIn">
<var>${ins}</var>
<arg>SerialLibrary</arg>
<doc>Returns the currently active instance of the specified library.</doc>
<msg timestamp="20220825 11:13:50.137" level="INFO">${ins} = &lt;SerialLibrary.SerialLibrary object at 0x03F94130&gt;</msg>
<status status="PASS" starttime="20220825 11:13:50.137" endtime="20220825 11:13:50.137"/>
</kw>
<kw name="Run Keyword And Expect Error" library="BuiltIn">
<arg>Invalid port locator.</arg>
<arg>Add Port</arg>
<arg>${NONE}</arg>
<doc>Runs the keyword and checks that the expected error occurred.</doc>
<kw name="Add Port" library="SerialLibrary">
<arg>${NONE}</arg>
<doc>Adds new port with specified locator.</doc>
<msg timestamp="20220825 11:13:50.139" level="FAIL">Invalid port locator.</msg>
<status status="FAIL" starttime="20220825 11:13:50.138" endtime="20220825 11:13:50.139"/>
</kw>
<status status="PASS" starttime="20220825 11:13:50.138" endtime="20220825 11:13:50.139"/>
</kw>
<kw name="Run Keyword And Expect Error" library="BuiltIn">
<arg>Invalid port locator.</arg>
<arg>Add Port</arg>
<arg>${EMPTY}</arg>
<doc>Runs the keyword and checks that the expected error occurred.</doc>
<kw name="Add Port" library="SerialLibrary">
<arg>${EMPTY}</arg>
<doc>Adds new port with specified locator.</doc>
<msg timestamp="20220825 11:13:50.142" level="FAIL">Invalid port locator.</msg>
<status status="FAIL" starttime="20220825 11:13:50.140" endtime="20220825 11:13:50.142"/>
</kw>
<status status="PASS" starttime="20220825 11:13:50.140" endtime="20220825 11:13:50.142"/>
</kw>
<kw name="Run Keyword And Expect Error" library="BuiltIn">
<arg>Invalid port locator.</arg>
<arg>Add Port</arg>
<arg>_</arg>
<doc>Runs the keyword and checks that the expected error occurred.</doc>
<kw name="Add Port" library="SerialLibrary">
<arg>_</arg>
<doc>Adds new port with specified locator.</doc>
<msg timestamp="20220825 11:13:50.143" level="FAIL">Invalid port locator.</msg>
<status status="FAIL" starttime="20220825 11:13:50.142" endtime="20220825 11:13:50.143"/>
</kw>
<status status="PASS" starttime="20220825 11:13:50.142" endtime="20220825 11:13:50.143"/>
</kw>
<kw name="Add Port" library="SerialLibrary">
<arg>loop://</arg>
<doc>Adds new port with specified locator.</doc>
<status status="PASS" starttime="20220825 11:13:50.143" endtime="20220825 11:13:50.143"/>
</kw>
<kw name="Run Keyword And Expect Error" library="BuiltIn">
<arg>Port already exists.</arg>
<arg>Add Port</arg>
<arg>loop://</arg>
<doc>Runs the keyword and checks that the expected error occurred.</doc>
<kw name="Add Port" library="SerialLibrary">
<arg>loop://</arg>
<doc>Adds new port with specified locator.</doc>
<msg timestamp="20220825 11:13:50.144" level="FAIL">Port already exists.</msg>
<status status="FAIL" starttime="20220825 11:13:50.144" endtime="20220825 11:13:50.144"/>
</kw>
<status status="PASS" starttime="20220825 11:13:50.144" endtime="20220825 11:13:50.144"/>
</kw>
<kw name="Call Method" library="BuiltIn" type="TEARDOWN">
<arg>${ins}</arg>
<arg>delete_port</arg>
<doc>Calls the named method of the given object with the provided arguments.</doc>
<status status="PASS" starttime="20220825 11:13:50.144" endtime="20220825 11:13:50.145"/>
</kw>
<status status="PASS" starttime="20220825 11:13:50.136" endtime="20220825 11:13:50.145"/>
</test>
<test id="s1-s2-t14" name="Delete Port deletes specified port (or current port)" line="110">
<kw name="Get Library Instance" library="BuiltIn">
<var>${ins}</var>
<arg>SerialLibrary</arg>
<doc>Returns the currently active instance of the specified library.</doc>
<msg timestamp="20220825 11:13:50.146" level="INFO">${ins} = &lt;SerialLibrary.SerialLibrary object at 0x03F94130&gt;</msg>
<status status="PASS" starttime="20220825 11:13:50.146" endtime="20220825 11:13:50.146"/>
</kw>
<kw name="Add Port" library="SerialLibrary">
<arg>loop://</arg>
<doc>Adds new port with specified locator.</doc>
<status status="PASS" starttime="20220825 11:13:50.146" endtime="20220825 11:13:50.146"/>
</kw>
<kw name="Should Be Equal" library="BuiltIn">
<arg>${ins._current_port_locator}</arg>
<arg>loop://</arg>
<doc>Fails if the given objects are unequal.</doc>
<status status="PASS" starttime="20220825 11:13:50.147" endtime="20220825 11:13:50.148"/>
</kw>
<kw name="Delete Port" library="SerialLibrary">
<arg>loop://</arg>
<doc>Deletes specified port.</doc>
<status status="PASS" starttime="20220825 11:13:50.148" endtime="20220825 11:13:50.148"/>
</kw>
<kw name="Should Be Equal" library="BuiltIn">
<arg>${ins._current_port_locator}</arg>
<arg>${NONE}</arg>
<doc>Fails if the given objects are unequal.</doc>
<status status="PASS" starttime="20220825 11:13:50.148" endtime="20220825 11:13:50.149"/>
</kw>
<kw name="Add Port" library="SerialLibrary">
<arg>loop://</arg>
<doc>Adds new port with specified locator.</doc>
<status status="PASS" starttime="20220825 11:13:50.149" endtime="20220825 11:13:50.149"/>
</kw>
<kw name="Should Be Equal" library="BuiltIn">
<arg>${ins._current_port_locator}</arg>
<arg>loop://</arg>
<doc>Fails if the given objects are unequal.</doc>
<status status="PASS" starttime="20220825 11:13:50.150" endtime="20220825 11:13:50.150"/>
</kw>
<kw name="Delete Port" library="SerialLibrary">
<doc>Deletes specified port.</doc>
<status status="PASS" starttime="20220825 11:13:50.150" endtime="20220825 11:13:50.151"/>
</kw>
<kw name="Should Be Equal" library="BuiltIn">
<arg>${ins._current_port_locator}</arg>
<arg>${NONE}</arg>
<doc>Fails if the given objects are unequal.</doc>
<status status="PASS" starttime="20220825 11:13:50.151" endtime="20220825 11:13:50.151"/>
</kw>
<status status="PASS" starttime="20220825 11:13:50.145" endtime="20220825 11:13:50.151"/>
</test>
<test id="s1-s2-t15" name="Delete All Ports deletes all ports added so far" line="121">
<kw name="Get Library Instance" library="BuiltIn">
<var>${ins}</var>
<arg>SerialLibrary</arg>
<doc>Returns the currently active instance of the specified library.</doc>
<msg timestamp="20220825 11:13:50.152" level="INFO">${ins} = &lt;SerialLibrary.SerialLibrary object at 0x03F94130&gt;</msg>
<status status="PASS" starttime="20220825 11:13:50.152" endtime="20220825 11:13:50.152"/>
</kw>
<kw name="Add Port" library="SerialLibrary">
<arg>loop://</arg>
<doc>Adds new port with specified locator.</doc>
<status status="PASS" starttime="20220825 11:13:50.152" endtime="20220825 11:13:50.153"/>
</kw>
<kw name="Add Port" library="SerialLibrary">
<arg>loop://debug</arg>
<doc>Adds new port with specified locator.</doc>
<status status="PASS" starttime="20220825 11:13:50.153" endtime="20220825 11:13:50.153"/>
</kw>
<kw name="Get Length" library="BuiltIn">
<var>${n_ports}</var>
<arg>${ins._ports}</arg>
<doc>Returns and logs the length of the given item as an integer.</doc>
<msg timestamp="20220825 11:13:50.154" level="INFO">Length is 2</msg>
<msg timestamp="20220825 11:13:50.154" level="INFO">${n_ports} = 2</msg>
<status status="PASS" starttime="20220825 11:13:50.153" endtime="20220825 11:13:50.155"/>
</kw>
<kw name="Should Be Equal As Strings" library="BuiltIn">
<arg>${n_ports}</arg>
<arg>2</arg>
<doc>Fails if objects are unequal after converting them to strings.</doc>
<msg timestamp="20220825 11:13:50.155" level="INFO">Argument types are:
&lt;class 'int'&gt;
&lt;class 'str'&gt;</msg>
<status status="PASS" starttime="20220825 11:13:50.155" endtime="20220825 11:13:50.155"/>
</kw>
<kw name="Delete All Ports" library="SerialLibrary">
<doc>Deletes all ports maintained in the library instance.</doc>
<status status="PASS" starttime="20220825 11:13:50.155" endtime="20220825 11:13:50.155"/>
</kw>
<kw name="Should Be Empty" library="BuiltIn">
<arg>${ins._ports}</arg>
<doc>Verifies that the given item is empty.</doc>
<msg timestamp="20220825 11:13:50.156" level="INFO">Length is 0</msg>
<status status="PASS" starttime="20220825 11:13:50.155" endtime="20220825 11:13:50.156"/>
</kw>
<status status="PASS" starttime="20220825 11:13:50.152" endtime="20220825 11:13:50.156"/>
</test>
<test id="s1-s2-t16" name="Open Port should open closed port" line="130">
<kw name="Get Library Instance" library="BuiltIn">
<var>${ins}</var>
<arg>SerialLibrary</arg>
<doc>Returns the currently active instance of the specified library.</doc>
<msg timestamp="20220825 11:13:50.158" level="INFO">${ins} = &lt;SerialLibrary.SerialLibrary object at 0x03F94130&gt;</msg>
<status status="PASS" starttime="20220825 11:13:50.157" endtime="20220825 11:13:50.158"/>
</kw>
<kw name="Add Port" library="SerialLibrary">
<arg>loop://</arg>
<arg>open=False</arg>
<doc>Adds new port with specified locator.</doc>
<status status="PASS" starttime="20220825 11:13:50.158" endtime="20220825 11:13:50.158"/>
</kw>
<kw name="Should Not Be True" library="BuiltIn">
<arg>${ins._ports['loop://'].is_open}</arg>
<doc>Fails if the given condition is true.</doc>
<status status="PASS" starttime="20220825 11:13:50.159" endtime="20220825 11:13:50.160"/>
</kw>
<kw name="Open Port" library="SerialLibrary">
<doc>Opens specified port.</doc>
<status status="PASS" starttime="20220825 11:13:50.160" endtime="20220825 11:13:50.160"/>
</kw>
<kw name="Should Be True" library="BuiltIn">
<arg>${ins._ports['loop://'].is_open}</arg>
<doc>Fails if the given condition is not true.</doc>
<status status="PASS" starttime="20220825 11:13:50.160" endtime="20220825 11:13:50.161"/>
</kw>
<kw name="Delete All Ports" library="SerialLibrary" type="TEARDOWN">
<doc>Deletes all ports maintained in the library instance.</doc>
<status status="PASS" starttime="20220825 11:13:50.161" endtime="20220825 11:13:50.161"/>
</kw>
<status status="PASS" starttime="20220825 11:13:50.157" endtime="20220825 11:13:50.161"/>
</test>
<test id="s1-s2-t17" name="Port Should Be Open/Closed should pass/fail depending on port status" line="138">
<kw name="Get Library Instance" library="BuiltIn">
<var>${ins}</var>
<arg>SerialLibrary</arg>
<doc>Returns the currently active instance of the specified library.</doc>
<msg timestamp="20220825 11:13:50.162" level="INFO">${ins} = &lt;SerialLibrary.SerialLibrary object at 0x03F94130&gt;</msg>
<status status="PASS" starttime="20220825 11:13:50.162" endtime="20220825 11:13:50.162"/>
</kw>
<kw name="Add Port" library="SerialLibrary">
<arg>loop://</arg>
<arg>open=False</arg>
<doc>Adds new port with specified locator.</doc>
<status status="PASS" starttime="20220825 11:13:50.163" endtime="20220825 11:13:50.163"/>
</kw>
<kw name="Run Keyword And Expect Error" library="BuiltIn">
<arg>Port is closed.</arg>
<arg>Port Should Be Open</arg>
<doc>Runs the keyword and checks that the expected error occurred.</doc>
<kw name="Port Should Be Open" library="SerialLibrary">
<doc>Fails if specified port is closed.</doc>
<msg timestamp="20220825 11:13:50.164" level="FAIL">Port is closed.</msg>
<status status="FAIL" starttime="20220825 11:13:50.163" endtime="20220825 11:13:50.164"/>
</kw>
<status status="PASS" starttime="20220825 11:13:50.163" endtime="20220825 11:13:50.164"/>
</kw>
<kw name="Port Should Be Closed" library="SerialLibrary">
<doc>Fails if specified port is open.</doc>
<status status="PASS" starttime="20220825 11:13:50.164" endtime="20220825 11:13:50.165"/>
</kw>
<kw name="Open Port" library="SerialLibrary">
<doc>Opens specified port.</doc>
<status status="PASS" starttime="20220825 11:13:50.165" endtime="20220825 11:13:50.165"/>
</kw>
<kw name="Run Keyword And Expect Error" library="BuiltIn">
<arg>Port is open.</arg>
<arg>Port Should Be Closed</arg>
<doc>Runs the keyword and checks that the expected error occurred.</doc>
<kw name="Port Should Be Closed" library="SerialLibrary">
<doc>Fails if specified port is open.</doc>
<msg timestamp="20220825 11:13:50.165" level="FAIL">Port is open.</msg>
<status status="FAIL" starttime="20220825 11:13:50.165" endtime="20220825 11:13:50.166"/>
</kw>
<status status="PASS" starttime="20220825 11:13:50.165" endtime="20220825 11:13:50.166"/>
</kw>
<kw name="Port Should Be Open" library="SerialLibrary">
<doc>Fails if specified port is closed.</doc>
<status status="PASS" starttime="20220825 11:13:50.166" endtime="20220825 11:13:50.166"/>
</kw>
<kw name="Delete All Ports" library="SerialLibrary" type="TEARDOWN">
<doc>Deletes all ports maintained in the library instance.</doc>
<status status="PASS" starttime="20220825 11:13:50.166" endtime="20220825 11:13:50.167"/>
</kw>
<status status="PASS" starttime="20220825 11:13:50.162" endtime="20220825 11:13:50.167"/>
</test>
<test id="s1-s2-t18" name="Switch Port should switch port" line="148">
<kw name="Get Library Instance" library="BuiltIn">
<var>${ins}</var>
<arg>SerialLibrary</arg>
<doc>Returns the currently active instance of the specified library.</doc>
<msg timestamp="20220825 11:13:50.168" level="INFO">${ins} = &lt;SerialLibrary.SerialLibrary object at 0x03F94130&gt;</msg>
<status status="PASS" starttime="20220825 11:13:50.168" endtime="20220825 11:13:50.168"/>
</kw>
<kw name="Add Port" library="SerialLibrary">
<arg>loop://</arg>
<doc>Adds new port with specified locator.</doc>
<status status="PASS" starttime="20220825 11:13:50.168" endtime="20220825 11:13:50.168"/>
</kw>
<kw name="Add Port" library="SerialLibrary">
<arg>loop://debug</arg>
<arg>make_current=True</arg>
<doc>Adds new port with specified locator.</doc>
<status status="PASS" starttime="20220825 11:13:50.169" endtime="20220825 11:13:50.169"/>
</kw>
<kw name="Current Port Should Be" library="SerialLibrary">
<arg>loop://debug</arg>
<doc>Fails if given port locator does not match current port locator.</doc>
<status status="PASS" starttime="20220825 11:13:50.169" endtime="20220825 11:13:50.169"/>
</kw>
<kw name="Switch Port" library="SerialLibrary">
<arg>loop://</arg>
<doc>Make specified port as current port.</doc>
<status status="PASS" starttime="20220825 11:13:50.169" endtime="20220825 11:13:50.169"/>
</kw>
<kw name="Current Port Should Be" library="SerialLibrary">
<arg>loop://</arg>
<doc>Fails if given port locator does not match current port locator.</doc>
<status status="PASS" starttime="20220825 11:13:50.169" endtime="20220825 11:13:50.170"/>
</kw>
<kw name="Delete All Ports" library="SerialLibrary" type="TEARDOWN">
<doc>Deletes all ports maintained in the library instance.</doc>
<status status="PASS" starttime="20220825 11:13:50.170" endtime="20220825 11:13:50.170"/>
</kw>
<status status="PASS" starttime="20220825 11:13:50.167" endtime="20220825 11:13:50.170"/>
</test>
<test id="s1-s2-t19" name="Get/Set Port Parameter should get/set specified parameter" line="157">
<kw name="Add Port" library="SerialLibrary">
<arg>loop://</arg>
<doc>Adds new port with specified locator.</doc>
<status status="PASS" starttime="20220825 11:13:50.171" endtime="20220825 11:13:50.171"/>
</kw>
<kw name="Add Port" library="SerialLibrary">
<arg>loop://debug</arg>
<doc>Adds new port with specified locator.</doc>
<status status="PASS" starttime="20220825 11:13:50.171" endtime="20220825 11:13:50.172"/>
</kw>
<kw name="Get Port Parameter" library="SerialLibrary">
<var>${baudrate}</var>
<arg>baudrate</arg>
<doc>Returns specified parameter of the port.</doc>
<msg timestamp="20220825 11:13:50.172" level="INFO">${baudrate} = 9600</msg>
<status status="PASS" starttime="20220825 11:13:50.172" endtime="20220825 11:13:50.172"/>
</kw>
<kw name="Should Be Equal As Strings" library="BuiltIn">
<arg>${baudrate}</arg>
<arg>9600</arg>
<doc>Fails if objects are unequal after converting them to strings.</doc>
<msg timestamp="20220825 11:13:50.172" level="INFO">Argument types are:
&lt;class 'int'&gt;
&lt;class 'str'&gt;</msg>
<status status="PASS" starttime="20220825 11:13:50.172" endtime="20220825 11:13:50.172"/>
</kw>
<kw name="Set Port Parameter" library="SerialLibrary">
<arg>baudrate</arg>
<arg>128000</arg>
<arg>port_locator=loop://debug</arg>
<doc>Sets port parameter.</doc>
<status status="PASS" starttime="20220825 11:13:50.172" endtime="20220825 11:13:50.173"/>
</kw>
<kw name="Should Be Equal As Strings" library="BuiltIn">
<arg>${baudrate}</arg>
<arg>9600</arg>
<doc>Fails if objects are unequal after converting them to strings.</doc>
<msg timestamp="20220825 11:13:50.174" level="INFO">Argument types are:
&lt;class 'int'&gt;
&lt;class 'str'&gt;</msg>
<status status="PASS" starttime="20220825 11:13:50.173" endtime="20220825 11:13:50.174"/>
</kw>
<kw name="Get Port Parameter" library="SerialLibrary">
<var>${baudrate}</var>
<arg>baudrate</arg>
<arg>port_locator=loop://debug</arg>
<doc>Returns specified parameter of the port.</doc>
<msg timestamp="20220825 11:13:50.174" level="INFO">${baudrate} = 128000</msg>
<status status="PASS" starttime="20220825 11:13:50.174" endtime="20220825 11:13:50.174"/>
</kw>
<kw name="Should Be Equal As Strings" library="BuiltIn">
<arg>${baudrate}</arg>
<arg>128000</arg>
<doc>Fails if objects are unequal after converting them to strings.</doc>
<msg timestamp="20220825 11:13:50.175" level="INFO">Argument types are:
&lt;class 'int'&gt;
&lt;class 'str'&gt;</msg>
<status status="PASS" starttime="20220825 11:13:50.175" endtime="20220825 11:13:50.175"/>
</kw>
<kw name="Run Keyword And Expect Error" library="BuiltIn">
<arg>Wrong parameter name.</arg>
<arg>Set Port Parameter</arg>
<arg>NONEXISTENT</arg>
<arg>1234</arg>
<doc>Runs the keyword and checks that the expected error occurred.</doc>
<kw name="Set Port Parameter" library="SerialLibrary">
<arg>NONEXISTENT</arg>
<arg>1234</arg>
<doc>Sets port parameter.</doc>
<msg timestamp="20220825 11:13:50.176" level="FAIL">Wrong parameter name.</msg>
<status status="FAIL" starttime="20220825 11:13:50.176" endtime="20220825 11:13:50.176"/>
</kw>
<status status="PASS" starttime="20220825 11:13:50.175" endtime="20220825 11:13:50.177"/>
</kw>
<kw name="Delete All Ports" library="SerialLibrary" type="TEARDOWN">
<doc>Deletes all ports maintained in the library instance.</doc>
<status status="PASS" starttime="20220825 11:13:50.177" endtime="20220825 11:13:50.177"/>
</kw>
<status status="PASS" starttime="20220825 11:13:50.170" endtime="20220825 11:13:50.177"/>
</test>
<test id="s1-s2-t20" name="Read All Data should read all data arrived to the port" line="170">
<kw name="Add Port" library="SerialLibrary">
<arg>loop://</arg>
<doc>Adds new port with specified locator.</doc>
<status status="PASS" starttime="20220825 11:13:50.178" endtime="20220825 11:13:50.179"/>
</kw>
<kw name="Set Variable" library="BuiltIn">
<var>${bytes}</var>
<arg>01 23 45 67 89 AB CD EF</arg>
<doc>Returns the given values which can then be assigned to a variables.</doc>
<msg timestamp="20220825 11:13:50.179" level="INFO">${bytes} = 01 23 45 67 89 AB CD EF</msg>
<status status="PASS" starttime="20220825 11:13:50.179" endtime="20220825 11:13:50.179"/>
</kw>
<kw name="Write Data" library="SerialLibrary">
<arg>${bytes}</arg>
<doc>Writes data into the port.</doc>
<status status="PASS" starttime="20220825 11:13:50.179" endtime="20220825 11:13:50.180"/>
</kw>
<kw name="Read All Data" library="SerialLibrary">
<var>${read}</var>
<doc>Read all available data from the port's incoming buffer.</doc>
<msg timestamp="20220825 11:13:50.181" level="INFO">${read} = 01 23 45 67 89 AB CD EF</msg>
<status status="PASS" starttime="20220825 11:13:50.181" endtime="20220825 11:13:50.181"/>
</kw>
<kw name="Should Be Equal As Strings" library="BuiltIn">
<arg>${read}</arg>
<arg>${bytes}</arg>
<doc>Fails if objects are unequal after converting them to strings.</doc>
<status status="PASS" starttime="20220825 11:13:50.181" endtime="20220825 11:13:50.181"/>
</kw>
<kw name="Delete All Ports" library="SerialLibrary" type="TEARDOWN">
<doc>Deletes all ports maintained in the library instance.</doc>
<status status="PASS" starttime="20220825 11:13:50.182" endtime="20220825 11:13:50.182"/>
</kw>
<status status="PASS" starttime="20220825 11:13:50.178" endtime="20220825 11:13:50.182"/>
</test>
<test id="s1-s2-t21" name="Read Data Should Be should fail if read bytes not equals to specified data." line="178">
<kw name="Add Port" library="SerialLibrary">
<arg>loop://</arg>
<doc>Adds new port with specified locator.</doc>
<status status="PASS" starttime="20220825 11:13:50.183" endtime="20220825 11:13:50.183"/>
</kw>
<kw name="Set Variable" library="BuiltIn">
<var>${bytes}</var>
<arg>01 23 45 67 89 AB CD EF</arg>
<doc>Returns the given values which can then be assigned to a variables.</doc>
<msg timestamp="20220825 11:13:50.184" level="INFO">${bytes} = 01 23 45 67 89 AB CD EF</msg>
<status status="PASS" starttime="20220825 11:13:50.183" endtime="20220825 11:13:50.184"/>
</kw>
<kw name="Write Data" library="SerialLibrary">
<arg>${bytes}</arg>
<doc>Writes data into the port.</doc>
<status status="PASS" starttime="20220825 11:13:50.184" endtime="20220825 11:13:50.184"/>
</kw>
<kw name="Read Data Should Be" library="SerialLibrary">
<arg>${bytes}</arg>
<doc>Fails if all read bytes from the port not equals to specifed data.</doc>
<status status="PASS" starttime="20220825 11:13:50.184" endtime="20220825 11:13:50.184"/>
</kw>
<kw name="Write Data" library="SerialLibrary">
<arg>FE DC BA</arg>
<doc>Writes data into the port.</doc>
<status status="PASS" starttime="20220825 11:13:50.184" endtime="20220825 11:13:50.185"/>
</kw>
<kw name="Run Keyword And Expect Error" library="BuiltIn">
<arg>'FE DC BA'(read) != 'AB CD EF'(data)</arg>
<arg>Read Data Should Be</arg>
<arg>AB CD EF</arg>
<doc>Runs the keyword and checks that the expected error occurred.</doc>
<kw name="Read Data Should Be" library="SerialLibrary">
<arg>AB CD EF</arg>
<doc>Fails if all read bytes from the port not equals to specifed data.</doc>
<msg timestamp="20220825 11:13:50.185" level="FAIL">'FE DC BA'(read) != 'AB CD EF'(data)</msg>
<status status="FAIL" starttime="20220825 11:13:50.185" endtime="20220825 11:13:50.186"/>
</kw>
<status status="PASS" starttime="20220825 11:13:50.185" endtime="20220825 11:13:50.186"/>
</kw>
<kw name="Delete All Ports" library="SerialLibrary" type="TEARDOWN">
<doc>Deletes all ports maintained in the library instance.</doc>
<status status="PASS" starttime="20220825 11:13:50.186" endtime="20220825 11:13:50.186"/>
</kw>
<status status="PASS" starttime="20220825 11:13:50.182" endtime="20220825 11:13:50.187"/>
</test>
<test id="s1-s2-t22" name="Read All And Log should write log in specified loglevel." line="188">
<kw name="Add Port" library="SerialLibrary">
<arg>loop://</arg>
<doc>Adds new port with specified locator.</doc>
<status status="PASS" starttime="20220825 11:13:50.188" endtime="20220825 11:13:50.188"/>
</kw>
<kw name="Set Variable" library="BuiltIn">
<var>${bytes}</var>
<arg>01 23 45 67 89 AB CD EF</arg>
<doc>Returns the given values which can then be assigned to a variables.</doc>
<msg timestamp="20220825 11:13:50.188" level="INFO">${bytes} = 01 23 45 67 89 AB CD EF</msg>
<status status="PASS" starttime="20220825 11:13:50.188" endtime="20220825 11:13:50.188"/>
</kw>
<kw name="Write Data" library="SerialLibrary">
<arg>${bytes}</arg>
<doc>Writes data into the port.</doc>
<status status="PASS" starttime="20220825 11:13:50.188" endtime="20220825 11:13:50.189"/>
</kw>
<kw name="Read All And Log" library="SerialLibrary">
<doc>Read all available data and write it to log.</doc>
<status status="PASS" starttime="20220825 11:13:50.189" endtime="20220825 11:13:50.189"/>
</kw>
<kw name="Write Data" library="SerialLibrary">
<arg>${bytes}</arg>
<doc>Writes data into the port.</doc>
<status status="PASS" starttime="20220825 11:13:50.189" endtime="20220825 11:13:50.190"/>
</kw>
<kw name="Read All And Log" library="SerialLibrary">
<arg>loglevel=info</arg>
<doc>Read all available data and write it to log.</doc>
<msg timestamp="20220825 11:13:50.190" level="INFO">01 23 45 67 89 AB CD EF</msg>
<status status="PASS" starttime="20220825 11:13:50.190" endtime="20220825 11:13:50.190"/>
</kw>
<kw name="Write Data" library="SerialLibrary">
<arg>${bytes}</arg>
<doc>Writes data into the port.</doc>
<status status="PASS" starttime="20220825 11:13:50.190" endtime="20220825 11:13:50.191"/>
</kw>
<kw name="Read All And Log" library="SerialLibrary">
<arg>loglevel=debug</arg>
<doc>Read all available data and write it to log.</doc>
<status status="PASS" starttime="20220825 11:13:50.191" endtime="20220825 11:13:50.191"/>
</kw>
<kw name="Write Data" library="SerialLibrary">
<arg>${bytes}</arg>
<doc>Writes data into the port.</doc>
<status status="PASS" starttime="20220825 11:13:50.191" endtime="20220825 11:13:50.191"/>
</kw>
<kw name="Read All And Log" library="SerialLibrary">
<arg>loglevel=WARN</arg>
<doc>Read all available data and write it to log.</doc>
<msg timestamp="20220825 11:13:50.192" level="WARN">01 23 45 67 89 AB CD EF</msg>
<status status="PASS" starttime="20220825 11:13:50.192" endtime="20220825 11:13:50.192"/>
</kw>
<kw name="Write Data" library="SerialLibrary">
<arg>${bytes}</arg>
<doc>Writes data into the port.</doc>
<status status="PASS" starttime="20220825 11:13:50.192" endtime="20220825 11:13:50.193"/>
</kw>
<kw name="Run Keyword And Expect Error" library="BuiltIn">
<arg>Invalid loglevel.</arg>
<arg>Read All And Log</arg>
<arg>loglevel='MYLEVEL'</arg>
<doc>Runs the keyword and checks that the expected error occurred.</doc>
<kw name="Read All And Log" library="SerialLibrary">
<arg>loglevel='MYLEVEL'</arg>
<doc>Read all available data and write it to log.</doc>
<msg timestamp="20220825 11:13:50.193" level="FAIL">Invalid loglevel.</msg>
<status status="FAIL" starttime="20220825 11:13:50.193" endtime="20220825 11:13:50.194"/>
</kw>
<status status="PASS" starttime="20220825 11:13:50.193" endtime="20220825 11:13:50.194"/>
</kw>
<kw name="Delete All Ports" library="SerialLibrary" type="TEARDOWN">
<doc>Deletes all ports maintained in the library instance.</doc>
<status status="PASS" starttime="20220825 11:13:50.194" endtime="20220825 11:13:50.195"/>
</kw>
<status status="PASS" starttime="20220825 11:13:50.187" endtime="20220825 11:13:50.195"/>
</test>
<test id="s1-s2-t23" name="Read Until should read until terminator or size" line="203">
<kw name="Add Port" library="SerialLibrary">
<arg>loop://</arg>
<arg>timeout=0.1</arg>
<doc>Adds new port with specified locator.</doc>
<status status="PASS" starttime="20220825 11:13:50.196" endtime="20220825 11:13:50.196"/>
</kw>
<kw name="Write Data" library="SerialLibrary">
<arg>01 23 45 0A 67 89 AB CD EF</arg>
<doc>Writes data into the port.</doc>
<status status="PASS" starttime="20220825 11:13:50.197" endtime="20220825 11:13:50.197"/>
</kw>
<kw name="Read Until" library="SerialLibrary">
<var>${read}</var>
<doc>Read until a termination sequence is found, size exceeded or timeout.</doc>
<msg timestamp="20220825 11:13:50.197" level="INFO">${read} = 01 23 45 0A</msg>
<status status="PASS" starttime="20220825 11:13:50.197" endtime="20220825 11:13:50.197"/>
</kw>
<kw name="Should Be Equal As Strings" library="BuiltIn">
<arg>${read}</arg>
<arg>01 23 45 0A</arg>
<doc>Fails if objects are unequal after converting them to strings.</doc>
<status status="PASS" starttime="20220825 11:13:50.198" endtime="20220825 11:13:50.198"/>
</kw>
<kw name="Read Until" library="SerialLibrary">
<var>${read}</var>
<arg>size=2</arg>
<doc>Read until a termination sequence is found, size exceeded or timeout.</doc>
<msg timestamp="20220825 11:13:50.198" level="INFO">${read} = 67 89</msg>
<status status="PASS" starttime="20220825 11:13:50.198" endtime="20220825 11:13:50.198"/>
</kw>
<kw name="Should Be Equal As Strings" library="BuiltIn">
<arg>${read}</arg>
<arg>67 89</arg>
<doc>Fails if objects are unequal after converting them to strings.</doc>
<status status="PASS" starttime="20220825 11:13:50.198" endtime="20220825 11:13:50.199"/>
</kw>
<kw name="Read Until" library="SerialLibrary">
<var>${read}</var>
<arg>terminator=CD</arg>
<doc>Read until a termination sequence is found, size exceeded or timeout.</doc>
<msg timestamp="20220825 11:13:50.199" level="INFO">${read} = AB CD</msg>
<status status="PASS" starttime="20220825 11:13:50.199" endtime="20220825 11:13:50.199"/>
</kw>
<kw name="Should Be Equal As Strings" library="BuiltIn">
<arg>${read}</arg>
<arg>AB CD</arg>
<doc>Fails if objects are unequal after converting them to strings.</doc>
<status status="PASS" starttime="20220825 11:13:50.199" endtime="20220825 11:13:50.199"/>
</kw>
<kw name="Read Until" library="SerialLibrary">
<var>${read}</var>
<doc>Read until a termination sequence is found, size exceeded or timeout.</doc>
<msg timestamp="20220825 11:13:50.300" level="INFO">${read} = EF</msg>
<status status="PASS" starttime="20220825 11:13:50.200" endtime="20220825 11:13:50.300"/>
</kw>
<kw name="Should Be Equal As Strings" library="BuiltIn">
<arg>${read}</arg>
<arg>EF</arg>
<doc>Fails if objects are unequal after converting them to strings.</doc>
<status status="PASS" starttime="20220825 11:13:50.300" endtime="20220825 11:13:50.300"/>
</kw>
<kw name="Read Until" library="SerialLibrary">
<var>${read}</var>
<doc>Read until a termination sequence is found, size exceeded or timeout.</doc>
<msg timestamp="20220825 11:13:50.410" level="INFO">${read} = </msg>
<status status="PASS" starttime="20220825 11:13:50.300" endtime="20220825 11:13:50.410"/>
</kw>
<kw name="Should Be Equal As Strings" library="BuiltIn">
<arg>${read}</arg>
<arg>${EMPTY}</arg>
[...]
<arg>encoding=${Encoding}</arg>
<doc>Sets default encoding for the library instance.</doc>
<status status="NOT RUN" starttime="20220825 11:13:51.506" endtime="20220825 11:13:51.506"/>
</kw>
<status status="FAIL" starttime="20220825 11:13:51.504" endtime="20220825 11:13:51.507"/>
</kw>
<kw name="Get Port Parameter" library="SerialLibrary">
<var>${baudrate}</var>
<arg>baudrate</arg>
<arg>port_locator=${Port Number}</arg>
<doc>Returns specified parameter of the port.</doc>
<status status="NOT RUN" starttime="20220825 11:13:51.507" endtime="20220825 11:13:51.507"/>
</kw>
<kw name="Should Be Equal As Strings" library="BuiltIn">
<arg>${baudrate}</arg>
<arg>${Buad Rate}</arg>
<doc>Fails if objects are unequal after converting them to strings.</doc>
<status status="NOT RUN" starttime="20220825 11:13:51.507" endtime="20220825 11:13:51.507"/>
</kw>
<kw name="TWI_Close_Port" library="TWI_Serial_library">
<arg>Port Number=${Port Number}</arg>
<doc>Deletes (Closes) passed port</doc>
<status status="NOT RUN" starttime="20220825 11:13:51.507" endtime="20220825 11:13:51.507"/>
</kw>
<tag>Functional</tag>
<status status="FAIL" starttime="20220825 11:13:51.503" endtime="20220825 11:13:51.507">SerialException: could not open port 'COM1': FileNotFoundError(2, 'The system cannot find the file specified.', None, 2)</status>
</test>
<test id="s1-s3-t4" name="Test_Set_Encoding_Type_Sucssesfully" line="52">
<kw name="TWI_Open_Port" library="TWI_Serial_library">
<arg>Port Number=${Port Number}</arg>
<arg>Buad Rate=${Buad Rate}</arg>
<arg>Encoding=${Encoding}</arg>
<arg>timeout=10</arg>
<doc>Sets configurations(Port Number,Buad Rate,Encoding and Timeout)
And Opens passed port</doc>
<kw name="Add Port" library="SerialLibrary">
<var>${PortConfigurations}</var>
<arg>port_locator=${Port Number}</arg>
<arg>timeout=${timeout}</arg>
<doc>Adds new port with specified locator.</doc>
<msg timestamp="20220825 11:13:51.510" level="FAIL">SerialException: could not open port 'COM1': FileNotFoundError(2, 'The system cannot find the file specified.', None, 2)</msg>
<status status="FAIL" starttime="20220825 11:13:51.509" endtime="20220825 11:13:51.510"/>
</kw>
<kw name="Port Should Be Open" library="SerialLibrary">
<arg>${Port Number}</arg>
<doc>Fails if specified port is closed.</doc>
<status status="NOT RUN" starttime="20220825 11:13:51.510" endtime="20220825 11:13:51.510"/>
</kw>
<kw name="Set Port Parameter" library="SerialLibrary">
<arg>param_name=baudrate</arg>
<arg>value=${Buad Rate}</arg>
<arg>port_locator=${Port Number}</arg>
<doc>Sets port parameter.</doc>
<status status="NOT RUN" starttime="20220825 11:13:51.510" endtime="20220825 11:13:51.510"/>
</kw>
<kw name="Set Encoding" library="SerialLibrary">
<arg>encoding=${Encoding}</arg>
<doc>Sets default encoding for the library instance.</doc>
<status status="NOT RUN" starttime="20220825 11:13:51.510" endtime="20220825 11:13:51.510"/>
</kw>
<status status="FAIL" starttime="20220825 11:13:51.508" endtime="20220825 11:13:51.511"/>
</kw>
<kw name="Get Encoding" library="SerialLibrary">
<var>${encoding}</var>
<doc>Returns default encoding for the library instance.</doc>
<status status="NOT RUN" starttime="20220825 11:13:51.511" endtime="20220825 11:13:51.511"/>
</kw>
<kw name="Should Be Equal As Strings" library="BuiltIn">
<arg>${encoding}</arg>
<arg>${Encoding}</arg>
<doc>Fails if objects are unequal after converting them to strings.</doc>
<status status="NOT RUN" starttime="20220825 11:13:51.511" endtime="20220825 11:13:51.511"/>
</kw>
<kw name="TWI_Close_Port" library="TWI_Serial_library">
<arg>Port Number=${Port Number}</arg>
<doc>Deletes (Closes) passed port</doc>
<status status="NOT RUN" starttime="20220825 11:13:51.511" endtime="20220825 11:13:51.511"/>
</kw>
<tag>Functional</tag>
<status status="FAIL" starttime="20220825 11:13:51.508" endtime="20220825 11:13:51.512">SerialException: could not open port 'COM1': FileNotFoundError(2, 'The system cannot find the file specified.', None, 2)</status>
</test>
<test id="s1-s3-t5" name="Test_Set_Timeout_Sucssesfully" line="59">
<kw name="TWI_Open_Port" library="TWI_Serial_library">
<arg>Port Number=${Port Number}</arg>
<arg>Buad Rate=${Buad Rate}</arg>
<arg>Encoding=${Encoding}</arg>
<arg>timeout=${Time out}</arg>
<doc>Sets configurations(Port Number,Buad Rate,Encoding and Timeout)
And Opens passed port</doc>
<kw name="Add Port" library="SerialLibrary">
<var>${PortConfigurations}</var>
<arg>port_locator=${Port Number}</arg>
<arg>timeout=${timeout}</arg>
<doc>Adds new port with specified locator.</doc>
<msg timestamp="20220825 11:13:51.514" level="FAIL">SerialException: could not open port 'COM1': FileNotFoundError(2, 'The system cannot find the file specified.', None, 2)</msg>
<status status="FAIL" starttime="20220825 11:13:51.513" endtime="20220825 11:13:51.514"/>
</kw>
<kw name="Port Should Be Open" library="SerialLibrary">
<arg>${Port Number}</arg>
<doc>Fails if specified port is closed.</doc>
<status status="NOT RUN" starttime="20220825 11:13:51.514" endtime="20220825 11:13:51.514"/>
</kw>
<kw name="Set Port Parameter" library="SerialLibrary">
<arg>param_name=baudrate</arg>
<arg>value=${Buad Rate}</arg>
<arg>port_locator=${Port Number}</arg>
<doc>Sets port parameter.</doc>
<status status="NOT RUN" starttime="20220825 11:13:51.514" endtime="20220825 11:13:51.514"/>
</kw>
<kw name="Set Encoding" library="SerialLibrary">
<arg>encoding=${Encoding}</arg>
<doc>Sets default encoding for the library instance.</doc>
<status status="NOT RUN" starttime="20220825 11:13:51.514" endtime="20220825 11:13:51.514"/>
</kw>
<status status="FAIL" starttime="20220825 11:13:51.512" endtime="20220825 11:13:51.515"/>
</kw>
<kw name="Get Port Parameter" library="SerialLibrary">
<var>${timeout}</var>
<arg>timeout</arg>
<doc>Returns specified parameter of the port.</doc>
<status status="NOT RUN" starttime="20220825 11:13:51.515" endtime="20220825 11:13:51.515"/>
</kw>
<kw name="Should Be Equal As Numbers" library="BuiltIn">
<arg>${timeout}</arg>
<arg>${Time out}</arg>
<doc>Fails if objects are unequal after converting them to real numbers.</doc>
<status status="NOT RUN" starttime="20220825 11:13:51.515" endtime="20220825 11:13:51.515"/>
</kw>
<kw name="TWI_Close_Port" library="TWI_Serial_library">
<arg>Port Number=${Port Number}</arg>
<doc>Deletes (Closes) passed port</doc>
<status status="NOT RUN" starttime="20220825 11:13:51.515" endtime="20220825 11:13:51.515"/>
</kw>
<tag>Functional</tag>
<status status="FAIL" starttime="20220825 11:13:51.512" endtime="20220825 11:13:51.516">SerialException: could not open port 'COM1': FileNotFoundError(2, 'The system cannot find the file specified.', None, 2)</status>
</test>
<test id="s1-s3-t6" name="Nordic_Board_Is_Waked_Up" line="69">
<kw name="TWI_Open_Port" library="TWI_Serial_library">
<arg>Port Number=${Port Number}</arg>
<arg>Buad Rate=${Buad Rate}</arg>
<arg>Encoding=${Encoding}</arg>
<arg>timeout=${Time out}</arg>
<doc>Sets configurations(Port Number,Buad Rate,Encoding and Timeout)
And Opens passed port</doc>
<kw name="Add Port" library="SerialLibrary">
<var>${PortConfigurations}</var>
<arg>port_locator=${Port Number}</arg>
<arg>timeout=${timeout}</arg>
<doc>Adds new port with specified locator.</doc>
<msg timestamp="20220825 11:13:51.518" level="FAIL">SerialException: could not open port 'COM1': FileNotFoundError(2, 'The system cannot find the file specified.', None, 2)</msg>
<status status="FAIL" starttime="20220825 11:13:51.517" endtime="20220825 11:13:51.518"/>
</kw>
<kw name="Port Should Be Open" library="SerialLibrary">
<arg>${Port Number}</arg>
<doc>Fails if specified port is closed.</doc>
<status status="NOT RUN" starttime="20220825 11:13:51.518" endtime="20220825 11:13:51.518"/>
</kw>
<kw name="Set Port Parameter" library="SerialLibrary">
<arg>param_name=baudrate</arg>
<arg>value=${Buad Rate}</arg>
<arg>port_locator=${Port Number}</arg>
<doc>Sets port parameter.</doc>
<status status="NOT RUN" starttime="20220825 11:13:51.518" endtime="20220825 11:13:51.518"/>
</kw>
<kw name="Set Encoding" library="SerialLibrary">
<arg>encoding=${Encoding}</arg>
<doc>Sets default encoding for the library instance.</doc>
<status status="NOT RUN" starttime="20220825 11:13:51.519" endtime="20220825 11:13:51.519"/>
</kw>
<status status="FAIL" starttime="20220825 11:13:51.516" endtime="20220825 11:13:51.519"/>
</kw>
<kw name="Evaluate" library="BuiltIn">
<var>${message}</var>
<arg>${BLUE} "\\nPlease Press on Reset Button you have 10 seconds"</arg>
<doc>Evaluates the given expression in Python and returns the result.</doc>
<status status="NOT RUN" starttime="20220825 11:13:51.519" endtime="20220825 11:13:51.519"/>
</kw>
<kw name="Log To Console" library="BuiltIn">
<arg>${message}</arg>
<doc>Logs the given message to the console.</doc>
<status status="NOT RUN" starttime="20220825 11:13:51.519" endtime="20220825 11:13:51.519"/>
</kw>
<kw name="TWI_read_Bytes" library="TWI_Serial_library">
<var>${Actual}</var>
<arg>terminator=:</arg>
<arg>Port Number=${Port Number}</arg>
<arg>Encoding=ascii</arg>
<arg>size=10</arg>
<arg>terminator_encoding=ascii</arg>
<doc>TWI KeyWord ,It reads Number of Bytes on the serial port untill detect passed terminator or passed size
paramaters: Port Number -&gt; which port will write the data on
size -&gt; number of bytes will be recieved
Encoding -&gt; Encoding type (ascii,utf-8)
terminator -&gt; reading is terminated when found in recieved bytes
returns readed data</doc>
<status status="NOT RUN" starttime="20220825 11:13:51.519" endtime="20220825 11:13:51.520"/>
</kw>
<kw name="Should Be Equal As Strings" library="BuiltIn">
<arg>first=${Actual}</arg>
<arg>second=Start:</arg>
<arg>strip_spaces=True</arg>
<doc>Fails if objects are unequal after converting them to strings.</doc>
<status status="NOT RUN" starttime="20220825 11:13:51.520" endtime="20220825 11:13:51.520"/>
</kw>
<kw name="TWI_Close_Port" library="TWI_Serial_library">
<arg>${Port Number}</arg>
<doc>Deletes (Closes) passed port</doc>
<status status="NOT RUN" starttime="20220825 11:13:51.520" endtime="20220825 11:13:51.520"/>
</kw>
<tag>Power on</tag>
<status status="FAIL" starttime="20220825 11:13:51.516" endtime="20220825 11:13:51.520">SerialException: could not open port 'COM1': FileNotFoundError(2, 'The system cannot find the file specified.', None, 2)</status>
</test>
<test id="s1-s3-t7" name="Test_Send&amp;Recieve_One_Byte" line="83">
<kw name="TWI_Open_Port" library="TWI_Serial_library">
<var>${PortConfigurations}</var>
<arg>Port Number=${Port Number}</arg>
<arg>Buad Rate=${Buad Rate}</arg>
<arg>Encoding=${Encoding}</arg>
<doc>Sets configurations(Port Number,Buad Rate,Encoding and Timeout)
And Opens passed port</doc>
<kw name="Add Port" library="SerialLibrary">
<var>${PortConfigurations}</var>
<arg>port_locator=${Port Number}</arg>
<arg>timeout=${timeout}</arg>
<doc>Adds new port with specified locator.</doc>
<msg timestamp="20220825 11:13:51.523" level="FAIL">SerialException: could not open port 'COM1': FileNotFoundError(2, 'The system cannot find the file specified.', None, 2)</msg>
<status status="FAIL" starttime="20220825 11:13:51.522" endtime="20220825 11:13:51.523"/>
</kw>
<kw name="Port Should Be Open" library="SerialLibrary">
<arg>${Port Number}</arg>
<doc>Fails if specified port is closed.</doc>
<status status="NOT RUN" starttime="20220825 11:13:51.523" endtime="20220825 11:13:51.523"/>
</kw>
<kw name="Set Port Parameter" library="SerialLibrary">
<arg>param_name=baudrate</arg>
<arg>value=${Buad Rate}</arg>
<arg>port_locator=${Port Number}</arg>
<doc>Sets port parameter.</doc>
<status status="NOT RUN" starttime="20220825 11:13:51.523" endtime="20220825 11:13:51.523"/>
</kw>
<kw name="Set Encoding" library="SerialLibrary">
<arg>encoding=${Encoding}</arg>
<doc>Sets default encoding for the library instance.</doc>
<status status="NOT RUN" starttime="20220825 11:13:51.523" endtime="20220825 11:13:51.523"/>
</kw>
<status status="FAIL" starttime="20220825 11:13:51.521" endtime="20220825 11:13:51.524"/>
</kw>
<kw name="TWI_Write_Byte" library="TWI_Serial_library">
<arg>Data=${ExpectedValue}</arg>
<arg>Port Number=${Port Number}</arg>
<arg>Encoding=${Encoding}</arg>
<doc>TWI KeyWord ,It writes ONE Byte on the serial port
paramaters: Data -&gt; paramarter will hold the data to be sent
Port Number -&gt; which port will write the data on
Encoding -&gt; Encoding type (ascii,utf-8)
Number of Bytes -&gt; number of bytes will be send
Returns none</doc>
<status status="NOT RUN" starttime="20220825 11:13:51.524" endtime="20220825 11:13:51.524"/>
</kw>
<kw name="TWI_read_Bytes" library="TWI_Serial_library">
<var>${Actual}</var>
<arg>${Port Number}</arg>
<arg>size=1</arg>
<doc>TWI KeyWord ,It reads Number of Bytes on the serial port untill detect passed terminator or passed size
paramaters: Port Number -&gt; which port will write the data on
size -&gt; number of bytes will be recieved
Encoding -&gt; Encoding type (ascii,utf-8)
terminator -&gt; reading is terminated when found in recieved bytes
returns readed data</doc>
<status status="NOT RUN" starttime="20220825 11:13:51.524" endtime="20220825 11:13:51.524"/>
</kw>
<kw name="Should Be Equal As Numbers" library="BuiltIn">
<arg>${Actual}</arg>
<arg>${ExpectedValue}</arg>
<doc>Fails if objects are unequal after converting them to real numbers.</doc>
<status status="NOT RUN" starttime="20220825 11:13:51.524" endtime="20220825 11:13:51.524"/>
</kw>
<kw name="TWI_Close_Port" library="TWI_Serial_library">
<arg>${Port Number}</arg>
<doc>Deletes (Closes) passed port</doc>
<status status="NOT RUN" starttime="20220825 11:13:51.524" endtime="20220825 11:13:51.524"/>
</kw>
<tag>Send</tag>
<status status="FAIL" starttime="20220825 11:13:51.520" endtime="20220825 11:13:51.525">SerialException: could not open port 'COM1': FileNotFoundError(2, 'The system cannot find the file specified.', None, 2)</status>
</test>
<test id="s1-s3-t8" name="Test_Send&amp;Recieve_Stream_of_Bytes" line="92">
<kw name="Create List" library="BuiltIn">
<var>@{SendList}</var>
<arg>${0x0F}</arg>
<arg>2</arg>
<arg>${0B1010}</arg>
<arg>5</arg>
<doc>Returns a list containing given items.</doc>
<msg timestamp="20220825 11:13:51.527" level="INFO">@{SendList} = [ 15 | 2 | 10 | 5 ]</msg>
<status status="PASS" starttime="20220825 11:13:51.526" endtime="20220825 11:13:51.527"/>
</kw>
<kw name="TWI_Open_Port" library="TWI_Serial_library">
<arg>Port Number=${Port Number}</arg>
<arg>Buad Rate=${Buad Rate}</arg>
<arg>Encoding=${Encoding}</arg>
<doc>Sets configurations(Port Number,Buad Rate,Encoding and Timeout)
And Opens passed port</doc>
<kw name="Add Port" library="SerialLibrary">
<var>${PortConfigurations}</var>
<arg>port_locator=${Port Number}</arg>
<arg>timeout=${timeout}</arg>
<doc>Adds new port with specified locator.</doc>
<msg timestamp="20220825 11:13:51.529" level="FAIL">SerialException: could not open port 'COM1': FileNotFoundError(2, 'The system cannot find the file specified.', None, 2)</msg>
<status status="FAIL" starttime="20220825 11:13:51.528" endtime="20220825 11:13:51.529"/>
</kw>
<kw name="Port Should Be Open" library="SerialLibrary">
<arg>${Port Number}</arg>
<doc>Fails if specified port is closed.</doc>
<status status="NOT RUN" starttime="20220825 11:13:51.529" endtime="20220825 11:13:51.529"/>
</kw>
<kw name="Set Port Parameter" library="SerialLibrary">
<arg>param_name=baudrate</arg>
<arg>value=${Buad Rate}</arg>
<arg>port_locator=${Port Number}</arg>
<doc>Sets port parameter.</doc>
<status status="NOT RUN" starttime="20220825 11:13:51.529" endtime="20220825 11:13:51.529"/>
</kw>
<kw name="Set Encoding" library="SerialLibrary">
<arg>encoding=${Encoding}</arg>
<doc>Sets default encoding for the library instance.</doc>
<status status="NOT RUN" starttime="20220825 11:13:51.529" endtime="20220825 11:13:51.529"/>
</kw>
<status status="FAIL" starttime="20220825 11:13:51.527" endtime="20220825 11:13:51.530"/>
</kw>
<kw name="TWI_Write_Bytes" library="TWI_Serial_library">
<arg>@{SendList}</arg>
<arg>Port Number=${Port Number}</arg>
<arg>Encoding=${Encoding}</arg>
<arg>Number of Bytes=4</arg>
<doc>TWI KeyWord ,It writes Number of Bytes on the serial port
paramaters: Data -&gt; paramarter will hold the data to be sent
Port Number -&gt; which port will write the data on
Number of Bytes -&gt; number of bytes will be send
Encoding -&gt; Encoding type (ascii,utf-8)
Returns none</doc>
<status status="NOT RUN" starttime="20220825 11:13:51.530" endtime="20220825 11:13:51.530"/>
</kw>
<kw name="TWI_read_Bytes" library="TWI_Serial_library">
<var>${Actual}</var>
<arg>Port Number=${Port Number}</arg>
<arg>Encoding=${Encoding}</arg>
<arg>size=4</arg>
<doc>TWI KeyWord ,It reads Number of Bytes on the serial port untill detect passed terminator or passed size
paramaters: Port Number -&gt; which port will write the data on
size -&gt; number of bytes will be recieved
Encoding -&gt; Encoding type (ascii,utf-8)
terminator -&gt; reading is terminated when found in recieved bytes
returns readed data</doc>
<status status="NOT RUN" starttime="20220825 11:13:51.530" endtime="20220825 11:13:51.530"/>
</kw>
<kw name="Should Be Equal As Numbers" library="BuiltIn">
<arg>${Actual}</arg>
<arg>${ExpectedList}</arg>
<doc>Fails if objects are unequal after converting them to real numbers.</doc>
<status status="NOT RUN" starttime="20220825 11:13:51.530" endtime="20220825 11:13:51.530"/>
</kw>
<kw name="TWI_Close_Port" library="TWI_Serial_library">
<arg>${Port Number}</arg>
<doc>Deletes (Closes) passed port</doc>
<status status="NOT RUN" starttime="20220825 11:13:51.530" endtime="20220825 11:13:51.530"/>
</kw>
<tag>Send/Recieve</tag>
<status status="FAIL" starttime="20220825 11:13:51.525" endtime="20220825 11:13:51.531">SerialException: could not open port 'COM1': FileNotFoundError(2, 'The system cannot find the file specified.', None, 2)</status>
</test>
<status status="FAIL" starttime="20220825 11:13:51.484" endtime="20220825 11:13:51.531"/>
</suite>
<status status="FAIL" starttime="20220825 11:13:49.933" endtime="20220825 11:13:51.532"/>
</suite>
<statistics>
<total>
<stat pass="41" fail="20" skip="0">All Tests</stat>
</total>
<tag>
<stat pass="0" fail="2" skip="0">Bluetooth-osx</stat>
<stat pass="0" fail="4" skip="0">Functional</stat>
<stat pass="0" fail="1" skip="0">Power on</stat>
<stat pass="0" fail="1" skip="0">Send</stat>
<stat pass="0" fail="1" skip="0">Send/Recieve</stat>
<stat pass="0" fail="1" skip="0">smoke</stat>
</tag>
<suite>
<stat pass="41" fail="20" skip="0" id="s1" name="Tests">Tests</stat>
<stat pass="1" fail="11" skip="0" id="s1-s1" name="TempletesForRobotFramwork">Tests.TempletesForRobotFramwork</stat>
<stat pass="1" fail="0" skip="0" id="s1-s1-s1" name="Console Colors Templete">Tests.TempletesForRobotFramwork.Console Colors Templete</stat>
<stat pass="0" fail="5" skip="0" id="s1-s1-s2" name="SetupAndTearDownTemplate">Tests.TempletesForRobotFramwork.SetupAndTearDownTemplate</stat>
<stat pass="0" fail="6" skip="0" id="s1-s1-s3" name="Test Cases Template">Tests.TempletesForRobotFramwork.Test Cases Template</stat>
<stat pass="39" fail="2" skip="0" id="s1-s2" name="Test Serial Library">Tests.Test Serial Library</stat>
<stat pass="1" fail="7" skip="0" id="s1-s3" name="Test TWI Serial library">Tests.Test TWI Serial library</stat>
</suite>
</statistics>
<errors>
<msg timestamp="20220825 11:13:49.996" level="WARN">Multiple tests with name 'Templated test case' executed in suite 'Tests.TempletesForRobotFramwork.Test Cases Template'.</msg>
<msg timestamp="20220825 11:13:50.192" level="WARN">01 23 45 67 89 AB CD EF</msg>
</errors>
</robot>
