<?xml version="1.0" encoding="UTF-8"?>
<robot generator="Robot 5.0.1 (Python 3.8.1 on win32)" generated="20220824 21:31:22.031" rpa="false" schemaversion="3">
<suite id="s1" name="Tests" source="C:\Users\mohamed.wagdy\Downloads\robotframework-seriallibrary-develop (1)\robotframework-seriallibrary-develop\tests">
<suite id="s1-s1" name="Test TWI Serial library" source="C:\Users\mohamed.wagdy\Downloads\robotframework-seriallibrary-develop (1)\robotframework-seriallibrary-develop\tests\Test_TWI_Serial_library.robot">
<test id="s1-s1-t1" name="TEST_No_Port_Opened" line="17">
<kw name="Get Library Instance" library="BuiltIn">
<var>${ins}</var>
<arg>SerialLibrary</arg>
<doc>Returns the currently active instance of the specified library.</doc>
<msg timestamp="20220824 21:31:22.080" level="INFO">${ins} = &lt;SerialLibrary.SerialLibrary object at 0x03F75CD0&gt;</msg>
<status status="PASS" starttime="20220824 21:31:22.080" endtime="20220824 21:31:22.080"/>
</kw>
<kw name="Should Be Equal" library="BuiltIn">
<arg>${ins._current_port_locator}</arg>
<arg>${NONE}</arg>
<doc>Fails if the given objects are unequal.</doc>
<status status="PASS" starttime="20220824 21:31:22.080" endtime="20220824 21:31:22.081"/>
</kw>
<status status="PASS" starttime="20220824 21:31:22.080" endtime="20220824 21:31:22.081"/>
</test>
<test id="s1-s1-t2" name="Test_Open_Port_Sucssesfully" line="26">
<kw name="TWI_Open_Port" library="TWI_Serial_library">
<var>${PortConfigurations}</var>
<arg>Port Number=${Port Number}</arg>
<doc>Sets configurations(Port Number,Buad Rate,Encoding and Timeout)
And Opens passed port</doc>
<kw name="Add Port" library="SerialLibrary">
<var>${PortConfigurations}</var>
<arg>port_locator=${Port Number}</arg>
<arg>timeout=${timeout}</arg>
<doc>Adds new port with specified locator.</doc>
<msg timestamp="20220824 21:31:22.086" level="INFO">${PortConfigurations} = Serial&lt;id=0x3feaef8, open=True&gt;(port='COM1', baudrate=9600, bytesize=8, parity='N', stopbits=1, timeout=10.0, xonxoff=False, rtscts=False, dsrdtr=False)</msg>
<status status="PASS" starttime="20220824 21:31:22.083" endtime="20220824 21:31:22.086"/>
</kw>
<kw name="Port Should Be Open" library="SerialLibrary">
<arg>${Port Number}</arg>
<doc>Fails if specified port is closed.</doc>
<status status="PASS" starttime="20220824 21:31:22.086" endtime="20220824 21:31:22.086"/>
</kw>
<kw name="Set Port Parameter" library="SerialLibrary">
<arg>param_name=baudrate</arg>
<arg>value=${Buad Rate}</arg>
<arg>port_locator=${Port Number}</arg>
<doc>Sets port parameter.</doc>
<status status="PASS" starttime="20220824 21:31:22.086" endtime="20220824 21:31:22.087"/>
</kw>
<kw name="Set Encoding" library="SerialLibrary">
<arg>encoding=${Encoding}</arg>
<doc>Sets default encoding for the library instance.</doc>
<status status="PASS" starttime="20220824 21:31:22.087" endtime="20220824 21:31:22.088"/>
</kw>
<msg timestamp="20220824 21:31:22.088" level="INFO">${PortConfigurations} = Serial&lt;id=0x3feaef8, open=True&gt;(port='COM1', baudrate=9600, bytesize=8, parity='N', stopbits=1, timeout=10.0, xonxoff=False, rtscts=False, dsrdtr=False)</msg>
<status status="PASS" starttime="20220824 21:31:22.082" endtime="20220824 21:31:22.088"/>
</kw>
<kw name="Get Library Instance" library="BuiltIn">
<var>${ins}</var>
<arg>SerialLibrary</arg>
<doc>Returns the currently active instance of the specified library.</doc>
<msg timestamp="20220824 21:31:22.088" level="INFO">${ins} = &lt;SerialLibrary.SerialLibrary object at 0x03F75CD0&gt;</msg>
<status status="PASS" starttime="20220824 21:31:22.088" endtime="20220824 21:31:22.088"/>
</kw>
<kw name="Get Current Port Locator" library="SerialLibrary">
<var>${locator}</var>
<doc>Returns port locator of current port.
If no port is associated to the current port (implies no port
in the library instance), None is returned.</doc>
<msg timestamp="20220824 21:31:22.088" level="INFO">${locator} = COM1</msg>
<status status="PASS" starttime="20220824 21:31:22.088" endtime="20220824 21:31:22.088"/>
</kw>
<kw name="Should Be Equal" library="BuiltIn">
<arg>${ins._current_port_locator}</arg>
<arg>${Port Number}</arg>
<doc>Fails if the given objects are unequal.</doc>
<status status="PASS" starttime="20220824 21:31:22.088" endtime="20220824 21:31:22.089"/>
</kw>
<kw name="TWI_Close_Port" library="TWI_Serial_library" type="TEARDOWN">
<arg>Port Number=${Port Number}</arg>
<doc>Deletes (Closes) passed port</doc>
<kw name="Delete Port" library="SerialLibrary">
<arg>${Port Number}</arg>
<doc>Deletes specified port.</doc>
<status status="PASS" starttime="20220824 21:31:22.089" endtime="20220824 21:31:22.090"/>
</kw>
<status status="PASS" starttime="20220824 21:31:22.089" endtime="20220824 21:31:22.090"/>
</kw>
<tag>Functional</tag>
<tag>smoke</tag>
<status status="PASS" starttime="20220824 21:31:22.081" endtime="20220824 21:31:22.090"/>
</test>
<test id="s1-s1-t3" name="Test_Set_BuadRate_Sucssesfully" line="42">
<kw name="TWI_Open_Port" library="TWI_Serial_library">
<arg>Port Number=${Port Number}</arg>
<arg>Buad Rate=${Buad Rate}</arg>
<doc>Sets configurations(Port Number,Buad Rate,Encoding and Timeout)
And Opens passed port</doc>
<kw name="Add Port" library="SerialLibrary">
<var>${PortConfigurations}</var>
<arg>port_locator=${Port Number}</arg>
<arg>timeout=${timeout}</arg>
<doc>Adds new port with specified locator.</doc>
<msg timestamp="20220824 21:31:22.094" level="INFO">${PortConfigurations} = Serial&lt;id=0x400d8e0, open=True&gt;(port='COM1', baudrate=9600, bytesize=8, parity='N', stopbits=1, timeout=10.0, xonxoff=False, rtscts=False, dsrdtr=False)</msg>
<status status="PASS" starttime="20220824 21:31:22.092" endtime="20220824 21:31:22.094"/>
</kw>
<kw name="Port Should Be Open" library="SerialLibrary">
<arg>${Port Number}</arg>
<doc>Fails if specified port is closed.</doc>
<status status="PASS" starttime="20220824 21:31:22.094" endtime="20220824 21:31:22.094"/>
</kw>
<kw name="Set Port Parameter" library="SerialLibrary">
<arg>param_name=baudrate</arg>
<arg>value=${Buad Rate}</arg>
<arg>port_locator=${Port Number}</arg>
<doc>Sets port parameter.</doc>
<status status="PASS" starttime="20220824 21:31:22.094" endtime="20220824 21:31:22.095"/>
</kw>
<kw name="Set Encoding" library="SerialLibrary">
<arg>encoding=${Encoding}</arg>
<doc>Sets default encoding for the library instance.</doc>
<status status="PASS" starttime="20220824 21:31:22.095" endtime="20220824 21:31:22.096"/>
</kw>
<status status="PASS" starttime="20220824 21:31:22.091" endtime="20220824 21:31:22.096"/>
</kw>
<kw name="Get Port Parameter" library="SerialLibrary">
<var>${baudrate}</var>
<arg>baudrate</arg>
<arg>port_locator=${Port Number}</arg>
<doc>Returns specified parameter of the port.</doc>
<msg timestamp="20220824 21:31:22.096" level="INFO">${baudrate} = 115200</msg>
<status status="PASS" starttime="20220824 21:31:22.096" endtime="20220824 21:31:22.096"/>
</kw>
<kw name="Should Be Equal As Strings" library="BuiltIn">
<arg>${baudrate}</arg>
<arg>${Buad Rate}</arg>
<doc>Fails if objects are unequal after converting them to strings.</doc>
<msg timestamp="20220824 21:31:22.096" level="INFO">Argument types are:
&lt;class 'int'&gt;
&lt;class 'str'&gt;</msg>
<status status="PASS" starttime="20220824 21:31:22.096" endtime="20220824 21:31:22.096"/>
</kw>
<kw name="TWI_Close_Port" library="TWI_Serial_library">
<arg>Port Number=${Port Number}</arg>
<doc>Deletes (Closes) passed port</doc>
<kw name="Delete Port" library="SerialLibrary">
<arg>${Port Number}</arg>
<doc>Deletes specified port.</doc>
<status status="PASS" starttime="20220824 21:31:22.097" endtime="20220824 21:31:22.097"/>
</kw>
<status status="PASS" starttime="20220824 21:31:22.096" endtime="20220824 21:31:22.097"/>
</kw>
<tag>Functional</tag>
<status status="PASS" starttime="20220824 21:31:22.091" endtime="20220824 21:31:22.097"/>
</test>
<test id="s1-s1-t4" name="Test_Set_Encoding_Type_Sucssesfully" line="52">
<kw name="TWI_Open_Port" library="TWI_Serial_library">
<arg>Port Number=${Port Number}</arg>
<arg>Buad Rate=${Buad Rate}</arg>
<arg>Encoding=${Encoding}</arg>
<arg>timeout=10</arg>
<doc>Sets configurations(Port Number,Buad Rate,Encoding and Timeout)
And Opens passed port</doc>
<kw name="Add Port" library="SerialLibrary">
<var>${PortConfigurations}</var>
<arg>port_locator=${Port Number}</arg>
<arg>timeout=${timeout}</arg>
<doc>Adds new port with specified locator.</doc>
<msg timestamp="20220824 21:31:22.101" level="INFO">${PortConfigurations} = Serial&lt;id=0x400db08, open=True&gt;(port='COM1', baudrate=9600, bytesize=8, parity='N', stopbits=1, timeout=10.0, xonxoff=False, rtscts=False, dsrdtr=False)</msg>
<status status="PASS" starttime="20220824 21:31:22.099" endtime="20220824 21:31:22.101"/>
</kw>
<kw name="Port Should Be Open" library="SerialLibrary">
<arg>${Port Number}</arg>
<doc>Fails if specified port is closed.</doc>
<status status="PASS" starttime="20220824 21:31:22.101" endtime="20220824 21:31:22.102"/>
</kw>
<kw name="Set Port Parameter" library="SerialLibrary">
<arg>param_name=baudrate</arg>
<arg>value=${Buad Rate}</arg>
<arg>port_locator=${Port Number}</arg>
<doc>Sets port parameter.</doc>
<status status="PASS" starttime="20220824 21:31:22.102" endtime="20220824 21:31:22.103"/>
</kw>
<kw name="Set Encoding" library="SerialLibrary">
<arg>encoding=${Encoding}</arg>
<doc>Sets default encoding for the library instance.</doc>
<status status="PASS" starttime="20220824 21:31:22.103" endtime="20220824 21:31:22.104"/>
</kw>
<status status="PASS" starttime="20220824 21:31:22.098" endtime="20220824 21:31:22.104"/>
</kw>
<kw name="Get Encoding" library="SerialLibrary">
<var>${encoding}</var>
<doc>Returns default encoding for the library instance.</doc>
<msg timestamp="20220824 21:31:22.104" level="INFO">${encoding} = hexlify</msg>
<status status="PASS" starttime="20220824 21:31:22.104" endtime="20220824 21:31:22.104"/>
</kw>
<kw name="Should Be Equal As Strings" library="BuiltIn">
<arg>${encoding}</arg>
<arg>${Encoding}</arg>
<doc>Fails if objects are unequal after converting them to strings.</doc>
<status status="PASS" starttime="20220824 21:31:22.104" endtime="20220824 21:31:22.104"/>
</kw>
<kw name="TWI_Close_Port" library="TWI_Serial_library">
<arg>Port Number=${Port Number}</arg>
<doc>Deletes (Closes) passed port</doc>
<kw name="Delete Port" library="SerialLibrary">
<arg>${Port Number}</arg>
<doc>Deletes specified port.</doc>
<status status="PASS" starttime="20220824 21:31:22.104" endtime="20220824 21:31:22.105"/>
</kw>
<status status="PASS" starttime="20220824 21:31:22.104" endtime="20220824 21:31:22.105"/>
</kw>
<tag>Functional</tag>
<status status="PASS" starttime="20220824 21:31:22.098" endtime="20220824 21:31:22.105"/>
</test>
<test id="s1-s1-t5" name="Test_Set_Timeout_Sucssesfully" line="59">
<kw name="TWI_Open_Port" library="TWI_Serial_library">
<arg>Port Number=${Port Number}</arg>
<arg>Buad Rate=${Buad Rate}</arg>
<arg>Encoding=${Encoding}</arg>
<arg>timeout=${Time out}</arg>
<doc>Sets configurations(Port Number,Buad Rate,Encoding and Timeout)
And Opens passed port</doc>
<kw name="Add Port" library="SerialLibrary">
<var>${PortConfigurations}</var>
<arg>port_locator=${Port Number}</arg>
<arg>timeout=${timeout}</arg>
<doc>Adds new port with specified locator.</doc>
<msg timestamp="20220824 21:31:22.109" level="INFO">${PortConfigurations} = Serial&lt;id=0x400dc58, open=True&gt;(port='COM1', baudrate=9600, bytesize=8, parity='N', stopbits=1, timeout=20.0, xonxoff=False, rtscts=False, dsrdtr=False)</msg>
<status status="PASS" starttime="20220824 21:31:22.107" endtime="20220824 21:31:22.109"/>
</kw>
<kw name="Port Should Be Open" library="SerialLibrary">
<arg>${Port Number}</arg>
<doc>Fails if specified port is closed.</doc>
<status status="PASS" starttime="20220824 21:31:22.109" endtime="20220824 21:31:22.109"/>
</kw>
<kw name="Set Port Parameter" library="SerialLibrary">
<arg>param_name=baudrate</arg>
<arg>value=${Buad Rate}</arg>
<arg>port_locator=${Port Number}</arg>
<doc>Sets port parameter.</doc>
<status status="PASS" starttime="20220824 21:31:22.110" endtime="20220824 21:31:22.110"/>
</kw>
<kw name="Set Encoding" library="SerialLibrary">
<arg>encoding=${Encoding}</arg>
<doc>Sets default encoding for the library instance.</doc>
<status status="PASS" starttime="20220824 21:31:22.111" endtime="20220824 21:31:22.111"/>
</kw>
<status status="PASS" starttime="20220824 21:31:22.106" endtime="20220824 21:31:22.111"/>
</kw>
<kw name="Get Port Parameter" library="SerialLibrary">
<var>${timeout}</var>
<arg>timeout</arg>
<doc>Returns specified parameter of the port.</doc>
<msg timestamp="20220824 21:31:22.111" level="INFO">${timeout} = 20.0</msg>
<status status="PASS" starttime="20220824 21:31:22.111" endtime="20220824 21:31:22.111"/>
</kw>
<kw name="Should Be Equal As Numbers" library="BuiltIn">
<arg>${timeout}</arg>
<arg>${Time out}</arg>
<doc>Fails if objects are unequal after converting them to real numbers.</doc>
<status status="PASS" starttime="20220824 21:31:22.111" endtime="20220824 21:31:22.111"/>
</kw>
<kw name="TWI_Close_Port" library="TWI_Serial_library">
<arg>Port Number=${Port Number}</arg>
<doc>Deletes (Closes) passed port</doc>
<kw name="Delete Port" library="SerialLibrary">
<arg>${Port Number}</arg>
<doc>Deletes specified port.</doc>
<status status="PASS" starttime="20220824 21:31:22.112" endtime="20220824 21:31:22.112"/>
</kw>
<status status="PASS" starttime="20220824 21:31:22.111" endtime="20220824 21:31:22.112"/>
</kw>
<tag>Functional</tag>
<status status="PASS" starttime="20220824 21:31:22.106" endtime="20220824 21:31:22.112"/>
</test>
<test id="s1-s1-t6" name="Nordic_Board_Is_Waked_Up" line="69">
<kw name="TWI_Open_Port" library="TWI_Serial_library">
<arg>Port Number=${Port Number}</arg>
<arg>Buad Rate=${Buad Rate}</arg>
<arg>Encoding=${Encoding}</arg>
<arg>timeout=${Time out}</arg>
<doc>Sets configurations(Port Number,Buad Rate,Encoding and Timeout)
And Opens passed port</doc>
<kw name="Add Port" library="SerialLibrary">
<var>${PortConfigurations}</var>
<arg>port_locator=${Port Number}</arg>
<arg>timeout=${timeout}</arg>
<doc>Adds new port with specified locator.</doc>
<msg timestamp="20220824 21:31:22.116" level="INFO">${PortConfigurations} = Serial&lt;id=0x401e5c8, open=True&gt;(port='COM1', baudrate=9600, bytesize=8, parity='N', stopbits=1, timeout=20.0, xonxoff=False, rtscts=False, dsrdtr=False)</msg>
<status status="PASS" starttime="20220824 21:31:22.113" endtime="20220824 21:31:22.116"/>
</kw>
<kw name="Port Should Be Open" library="SerialLibrary">
<arg>${Port Number}</arg>
<doc>Fails if specified port is closed.</doc>
<status status="PASS" starttime="20220824 21:31:22.116" endtime="20220824 21:31:22.117"/>
</kw>
<kw name="Set Port Parameter" library="SerialLibrary">
<arg>param_name=baudrate</arg>
<arg>value=${Buad Rate}</arg>
<arg>port_locator=${Port Number}</arg>
<doc>Sets port parameter.</doc>
<status status="PASS" starttime="20220824 21:31:22.117" endtime="20220824 21:31:22.118"/>
</kw>
<kw name="Set Encoding" library="SerialLibrary">
<arg>encoding=${Encoding}</arg>
<doc>Sets default encoding for the library instance.</doc>
<status status="PASS" starttime="20220824 21:31:22.118" endtime="20220824 21:31:22.118"/>
</kw>
<status status="PASS" starttime="20220824 21:31:22.113" endtime="20220824 21:31:22.118"/>
</kw>
<kw name="Evaluate" library="BuiltIn">
<var>${message}</var>
<arg>${BLUE} "\\nPlease Press on Reset Button you have 10 seconds"</arg>
<doc>Evaluates the given expression in Python and returns the result.</doc>
<msg timestamp="20220824 21:31:22.118" level="INFO">${message} = [34m
Please Press on Reset Button you have 10 seconds</msg>
<status status="PASS" starttime="20220824 21:31:22.118" endtime="20220824 21:31:22.118"/>
</kw>
<kw name="Log To Console" library="BuiltIn">
<arg>${message}</arg>
<doc>Logs the given message to the console.</doc>
<status status="PASS" starttime="20220824 21:31:22.118" endtime="20220824 21:31:22.118"/>
</kw>
<kw name="TWI_read_Bytes" library="TWI_Serial_library">
<var>${Actual}</var>
<arg>terminator=:</arg>
<arg>Port Number=${Port Number}</arg>
<arg>Encoding=ascii</arg>
<arg>size=10</arg>
<arg>terminator_encoding=ascii</arg>
<doc>TWI KeyWord ,It reads Number of Bytes on the serial port untill detect passed terminator or passed size
paramaters: Port Number -&gt; which port will write the data on
size -&gt; number of bytes will be recieved
Encoding -&gt; Encoding type (ascii,utf-8)
terminator -&gt; reading is terminated when found in recieved bytes
returns readed data</doc>
<kw name="Read Until" library="SerialLibrary">
<var>${Readdata}</var>
<arg>terminator=${terminator}</arg>
<arg>terminator_encoding=${terminator_encoding}</arg>
<arg>port_locator=${Port Number}</arg>
<arg>size=${size}</arg>
<arg>encoding=${Encoding}</arg>
<doc>Read until a termination sequence is found, size exceeded or timeout.</doc>
<msg timestamp="20220824 21:31:24.243" level="INFO">${Readdata} = 
Start:</msg>
<status status="PASS" starttime="20220824 21:31:22.119" endtime="20220824 21:31:24.243"/>
</kw>
<msg timestamp="20220824 21:31:24.243" level="INFO">${Actual} = 
Start:</msg>
<status status="PASS" starttime="20220824 21:31:22.118" endtime="20220824 21:31:24.243"/>
</kw>
<kw name="Should Be Equal As Strings" library="BuiltIn">
<arg>first=${Actual}</arg>
<arg>second=Start:</arg>
<arg>strip_spaces=True</arg>
<doc>Fails if objects are unequal after converting them to strings.</doc>
<status status="PASS" starttime="20220824 21:31:24.243" endtime="20220824 21:31:24.244"/>
</kw>
<kw name="TWI_Close_Port" library="TWI_Serial_library">
<arg>${Port Number}</arg>
<doc>Deletes (Closes) passed port</doc>
<kw name="Delete Port" library="SerialLibrary">
<arg>${Port Number}</arg>
<doc>Deletes specified port.</doc>
<status status="PASS" starttime="20220824 21:31:24.244" endtime="20220824 21:31:24.245"/>
</kw>
<status status="PASS" starttime="20220824 21:31:24.244" endtime="20220824 21:31:24.246"/>
</kw>
<tag>Power on</tag>
<status status="PASS" starttime="20220824 21:31:22.113" endtime="20220824 21:31:24.246"/>
</test>
<test id="s1-s1-t7" name="Test_Send&amp;Recieve_One_Byte" line="83">
<kw name="TWI_Open_Port" library="TWI_Serial_library">
<var>${PortConfigurations}</var>
<arg>Port Number=${Port Number}</arg>
<arg>Buad Rate=${Buad Rate}</arg>
<arg>Encoding=${Encoding}</arg>
<doc>Sets configurations(Port Number,Buad Rate,Encoding and Timeout)
And Opens passed port</doc>
<kw name="Add Port" library="SerialLibrary">
<var>${PortConfigurations}</var>
<arg>port_locator=${Port Number}</arg>
<arg>timeout=${timeout}</arg>
<doc>Adds new port with specified locator.</doc>
<msg timestamp="20220824 21:31:24.250" level="INFO">${PortConfigurations} = Serial&lt;id=0x400d670, open=True&gt;(port='COM1', baudrate=9600, bytesize=8, parity='N', stopbits=1, timeout=10.0, xonxoff=False, rtscts=False, dsrdtr=False)</msg>
<status status="PASS" starttime="20220824 21:31:24.248" endtime="20220824 21:31:24.250"/>
</kw>
<kw name="Port Should Be Open" library="SerialLibrary">
<arg>${Port Number}</arg>
<doc>Fails if specified port is closed.</doc>
<status status="PASS" starttime="20220824 21:31:24.251" endtime="20220824 21:31:24.251"/>
</kw>
<kw name="Set Port Parameter" library="SerialLibrary">
<arg>param_name=baudrate</arg>
<arg>value=${Buad Rate}</arg>
<arg>port_locator=${Port Number}</arg>
<doc>Sets port parameter.</doc>
<status status="PASS" starttime="20220824 21:31:24.251" endtime="20220824 21:31:24.252"/>
</kw>
<kw name="Set Encoding" library="SerialLibrary">
<arg>encoding=${Encoding}</arg>
<doc>Sets default encoding for the library instance.</doc>
<status status="PASS" starttime="20220824 21:31:24.252" endtime="20220824 21:31:24.252"/>
</kw>
<msg timestamp="20220824 21:31:24.252" level="INFO">${PortConfigurations} = Serial&lt;id=0x400d670, open=True&gt;(port='COM1', baudrate=115200, bytesize=8, parity='N', stopbits=1, timeout=10.0, xonxoff=False, rtscts=False, dsrdtr=False)</msg>
<status status="PASS" starttime="20220824 21:31:24.246" endtime="20220824 21:31:24.252"/>
</kw>
<kw name="TWI_Write_Byte" library="TWI_Serial_library">
<arg>Data=${ExpectedValue}</arg>
<arg>Port Number=${Port Number}</arg>
<arg>Encoding=${Encoding}</arg>
<doc>TWI KeyWord ,It writes ONE Byte on the serial port
paramaters: Data -&gt; paramarter will hold the data to be sent
Port Number -&gt; which port will write the data on
Encoding -&gt; Encoding type (ascii,utf-8)
Number of Bytes -&gt; number of bytes will be send
Returns none</doc>
<kw name="Write Data" library="SerialLibrary">
<arg>data=${Data}</arg>
<arg>encoding=${Encoding}</arg>
<arg>port_locator=${Port Number}</arg>
<doc>Writes data into the port.</doc>
<status status="PASS" starttime="20220824 21:31:24.253" endtime="20220824 21:31:24.254"/>
</kw>
<status status="PASS" starttime="20220824 21:31:24.252" endtime="20220824 21:31:24.254"/>
</kw>
<kw name="TWI_read_Bytes" library="TWI_Serial_library">
<var>${Actual}</var>
<arg>${Port Number}</arg>
<arg>size=1</arg>
<doc>TWI KeyWord ,It reads Number of Bytes on the serial port untill detect passed terminator or passed size
paramaters: Port Number -&gt; which port will write the data on
size -&gt; number of bytes will be recieved
Encoding -&gt; Encoding type (ascii,utf-8)
terminator -&gt; reading is terminated when found in recieved bytes
returns readed data</doc>
<kw name="Read Until" library="SerialLibrary">
<var>${Readdata}</var>
<arg>terminator=${terminator}</arg>
<arg>terminator_encoding=${terminator_encoding}</arg>
<arg>port_locator=${Port Number}</arg>
<arg>size=${size}</arg>
<arg>encoding=${Encoding}</arg>
<doc>Read until a termination sequence is found, size exceeded or timeout.</doc>
<msg timestamp="20220824 21:31:24.255" level="INFO">${Readdata} = 49</msg>
<status status="PASS" starttime="20220824 21:31:24.254" endtime="20220824 21:31:24.255"/>
</kw>
<msg timestamp="20220824 21:31:24.255" level="INFO">${Actual} = 49</msg>
<status status="PASS" starttime="20220824 21:31:24.254" endtime="20220824 21:31:24.255"/>
</kw>
<kw name="Should Be Equal As Numbers" library="BuiltIn">
<arg>${Actual}</arg>
<arg>${ExpectedValue}</arg>
<doc>Fails if objects are unequal after converting them to real numbers.</doc>
<status status="PASS" starttime="20220824 21:31:24.255" endtime="20220824 21:31:24.256"/>
</kw>
<kw name="TWI_Close_Port" library="TWI_Serial_library">
<arg>${Port Number}</arg>
<doc>Deletes (Closes) passed port</doc>
<kw name="Delete Port" library="SerialLibrary">
<arg>${Port Number}</arg>
<doc>Deletes specified port.</doc>
<status status="PASS" starttime="20220824 21:31:24.256" endtime="20220824 21:31:24.256"/>
</kw>
<status status="PASS" starttime="20220824 21:31:24.256" endtime="20220824 21:31:24.257"/>
</kw>
<tag>Send</tag>
<status status="PASS" starttime="20220824 21:31:24.246" endtime="20220824 21:31:24.257"/>
</test>
<test id="s1-s1-t8" name="Test_Send&amp;Recieve_Stream_of_Bytes" line="92">
<kw name="Create List" library="BuiltIn">
<var>@{SendList}</var>
<arg>${0x0F}</arg>
<arg>2</arg>
<arg>${0B1010}</arg>
<arg>5</arg>
<doc>Returns a list containing given items.</doc>
<msg timestamp="20220824 21:31:24.258" level="INFO">@{SendList} = [ 15 | 2 | 10 | 5 ]</msg>
<status status="PASS" starttime="20220824 21:31:24.258" endtime="20220824 21:31:24.258"/>
</kw>
<kw name="TWI_Open_Port" library="TWI_Serial_library">
<arg>Port Number=${Port Number}</arg>
<arg>Buad Rate=${Buad Rate}</arg>
<arg>Encoding=${Encoding}</arg>
<doc>Sets configurations(Port Number,Buad Rate,Encoding and Timeout)
And Opens passed port</doc>
<kw name="Add Port" library="SerialLibrary">
<var>${PortConfigurations}</var>
<arg>port_locator=${Port Number}</arg>
<arg>timeout=${timeout}</arg>
<doc>Adds new port with specified locator.</doc>
<msg timestamp="20220824 21:31:24.262" level="INFO">${PortConfigurations} = Serial&lt;id=0x401e958, open=True&gt;(port='COM1', baudrate=9600, bytesize=8, parity='N', stopbits=1, timeout=10.0, xonxoff=False, rtscts=False, dsrdtr=False)</msg>
<status status="PASS" starttime="20220824 21:31:24.259" endtime="20220824 21:31:24.262"/>
</kw>
<kw name="Port Should Be Open" library="SerialLibrary">
<arg>${Port Number}</arg>
<doc>Fails if specified port is closed.</doc>
<status status="PASS" starttime="20220824 21:31:24.262" endtime="20220824 21:31:24.262"/>
</kw>
<kw name="Set Port Parameter" library="SerialLibrary">
<arg>param_name=baudrate</arg>
<arg>value=${Buad Rate}</arg>
<arg>port_locator=${Port Number}</arg>
<doc>Sets port parameter.</doc>
<status status="PASS" starttime="20220824 21:31:24.263" endtime="20220824 21:31:24.264"/>
</kw>
<kw name="Set Encoding" library="SerialLibrary">
<arg>encoding=${Encoding}</arg>
<doc>Sets default encoding for the library instance.</doc>
<status status="PASS" starttime="20220824 21:31:24.264" endtime="20220824 21:31:24.264"/>
</kw>
<status status="PASS" starttime="20220824 21:31:24.259" endtime="20220824 21:31:24.265"/>
</kw>
<kw name="TWI_Write_Bytes" library="TWI_Serial_library">
<arg>@{SendList}</arg>
<arg>Port Number=${Port Number}</arg>
<arg>Encoding=${Encoding}</arg>
<arg>Number of Bytes=4</arg>
<doc>TWI KeyWord ,It writes Number of Bytes on the serial port
paramaters: Data -&gt; paramarter will hold the data to be sent
Port Number -&gt; which port will write the data on
Number of Bytes -&gt; number of bytes will be send
Encoding -&gt; Encoding type (ascii,utf-8)
Returns none</doc>
<for flavor="IN RANGE">
<var>${counter}</var>
<value>0</value>
<value>${Number of Bytes}</value>
<iter>
<var name="${counter}">0</var>
<kw name="Get From List" library="Collections">
<var>${listvalue}</var>
<arg>list_=@{list}</arg>
<arg>index=${counter}</arg>
<doc>Returns the value specified with an ``index`` from ``list``.</doc>
<msg timestamp="20220824 21:31:24.266" level="INFO">${listvalue} = 15</msg>
<status status="PASS" starttime="20220824 21:31:24.265" endtime="20220824 21:31:24.266"/>
</kw>
<kw name="TWI_Write_Byte" library="TWI_Serial_library">
<arg>Data= ${listvalue}</arg>
<arg>Port Number=${Port Number}</arg>
<arg>Encoding=${Encoding}</arg>
<doc>TWI KeyWord ,It writes ONE Byte on the serial port
paramaters: Data -&gt; paramarter will hold the data to be sent
Port Number -&gt; which port will write the data on
Encoding -&gt; Encoding type (ascii,utf-8)
Number of Bytes -&gt; number of bytes will be send
Returns none</doc>
<kw name="Write Data" library="SerialLibrary">
<arg>data=${Data}</arg>
<arg>encoding=${Encoding}</arg>
<arg>port_locator=${Port Number}</arg>
<doc>Writes data into the port.</doc>
<status status="PASS" starttime="20220824 21:31:24.266" endtime="20220824 21:31:24.267"/>
</kw>
<status status="PASS" starttime="20220824 21:31:24.266" endtime="20220824 21:31:24.267"/>
</kw>
<status status="PASS" starttime="20220824 21:31:24.265" endtime="20220824 21:31:24.267"/>
</iter>
<iter>
<var name="${counter}">1</var>
<kw name="Get From List" library="Collections">
<var>${listvalue}</var>
<arg>list_=@{list}</arg>
<arg>index=${counter}</arg>
<doc>Returns the value specified with an ``index`` from ``list``.</doc>
<msg timestamp="20220824 21:31:24.268" level="INFO">${listvalue} = 2</msg>
<status status="PASS" starttime="20220824 21:31:24.267" endtime="20220824 21:31:24.268"/>
</kw>
<kw name="TWI_Write_Byte" library="TWI_Serial_library">
<arg>Data= ${listvalue}</arg>
<arg>Port Number=${Port Number}</arg>
<arg>Encoding=${Encoding}</arg>
<doc>TWI KeyWord ,It writes ONE Byte on the serial port
paramaters: Data -&gt; paramarter will hold the data to be sent
Port Number -&gt; which port will write the data on
Encoding -&gt; Encoding type (ascii,utf-8)
Number of Bytes -&gt; number of bytes will be send
Returns none</doc>
<kw name="Write Data" library="SerialLibrary">
<arg>data=${Data}</arg>
<arg>encoding=${Encoding}</arg>
<arg>port_locator=${Port Number}</arg>
<doc>Writes data into the port.</doc>
<status status="PASS" starttime="20220824 21:31:24.268" endtime="20220824 21:31:24.269"/>
</kw>
<status status="PASS" starttime="20220824 21:31:24.268" endtime="20220824 21:31:24.269"/>
</kw>
<status status="PASS" starttime="20220824 21:31:24.267" endtime="20220824 21:31:24.269"/>
</iter>
<iter>
<var name="${counter}">2</var>
<kw name="Get From List" library="Collections">
<var>${listvalue}</var>
<arg>list_=@{list}</arg>
<arg>index=${counter}</arg>
<doc>Returns the value specified with an ``index`` from ``list``.</doc>
<msg timestamp="20220824 21:31:24.269" level="INFO">${listvalue} = 10</msg>
<status status="PASS" starttime="20220824 21:31:24.269" endtime="20220824 21:31:24.269"/>
</kw>
<kw name="TWI_Write_Byte" library="TWI_Serial_library">
<arg>Data= ${listvalue}</arg>
<arg>Port Number=${Port Number}</arg>
<arg>Encoding=${Encoding}</arg>
<doc>TWI KeyWord ,It writes ONE Byte on the serial port
paramaters: Data -&gt; paramarter will hold the data to be sent
Port Number -&gt; which port will write the data on
Encoding -&gt; Encoding type (ascii,utf-8)
Number of Bytes -&gt; number of bytes will be send
Returns none</doc>
<kw name="Write Data" library="SerialLibrary">
<arg>data=${Data}</arg>
<arg>encoding=${Encoding}</arg>
<arg>port_locator=${Port Number}</arg>
<doc>Writes data into the port.</doc>
<status status="PASS" starttime="20220824 21:31:24.270" endtime="20220824 21:31:24.271"/>
</kw>
<status status="PASS" starttime="20220824 21:31:24.270" endtime="20220824 21:31:24.271"/>
</kw>
<status status="PASS" starttime="20220824 21:31:24.269" endtime="20220824 21:31:24.271"/>
</iter>
<iter>
<var name="${counter}">3</var>
<kw name="Get From List" library="Collections">
<var>${listvalue}</var>
<arg>list_=@{list}</arg>
<arg>index=${counter}</arg>
<doc>Returns the value specified with an ``index`` from ``list``.</doc>
<msg timestamp="20220824 21:31:24.271" level="INFO">${listvalue} = 5</msg>
<status status="PASS" starttime="20220824 21:31:24.271" endtime="20220824 21:31:24.271"/>
</kw>
<kw name="TWI_Write_Byte" library="TWI_Serial_library">
<arg>Data= ${listvalue}</arg>
<arg>Port Number=${Port Number}</arg>
<arg>Encoding=${Encoding}</arg>
<doc>TWI KeyWord ,It writes ONE Byte on the serial port
paramaters: Data -&gt; paramarter will hold the data to be sent
Port Number -&gt; which port will write the data on
Encoding -&gt; Encoding type (ascii,utf-8)
Number of Bytes -&gt; number of bytes will be send
Returns none</doc>
<kw name="Write Data" library="SerialLibrary">
<arg>data=${Data}</arg>
<arg>encoding=${Encoding}</arg>
<arg>port_locator=${Port Number}</arg>
<doc>Writes data into the port.</doc>
<status status="PASS" starttime="20220824 21:31:24.272" endtime="20220824 21:31:24.273"/>
</kw>
<status status="PASS" starttime="20220824 21:31:24.271" endtime="20220824 21:31:24.273"/>
</kw>
<status status="PASS" starttime="20220824 21:31:24.271" endtime="20220824 21:31:24.273"/>
</iter>
<status status="PASS" starttime="20220824 21:31:24.265" endtime="20220824 21:31:24.273"/>
</for>
<status status="PASS" starttime="20220824 21:31:24.265" endtime="20220824 21:31:24.273"/>
</kw>
<kw name="TWI_read_Bytes" library="TWI_Serial_library">
<var>${Actual}</var>
<arg>Port Number=${Port Number}</arg>
<arg>Encoding=${Encoding}</arg>
<arg>size=4</arg>
<doc>TWI KeyWord ,It reads Number of Bytes on the serial port untill detect passed terminator or passed size
paramaters: Port Number -&gt; which port will write the data on
size -&gt; number of bytes will be recieved
Encoding -&gt; Encoding type (ascii,utf-8)
terminator -&gt; reading is terminated when found in recieved bytes
returns readed data</doc>
<kw name="Read Until" library="SerialLibrary">
<var>${Readdata}</var>
<arg>terminator=${terminator}</arg>
<arg>terminator_encoding=${terminator_encoding}</arg>
<arg>port_locator=${Port Number}</arg>
<arg>size=${size}</arg>
<arg>encoding=${Encoding}</arg>
<doc>Read until a termination sequence is found, size exceeded or timeout.</doc>
<msg timestamp="20220824 21:31:24.274" level="INFO">${Readdata} = 15 02 10 05</msg>
<status status="PASS" starttime="20220824 21:31:24.273" endtime="20220824 21:31:24.274"/>
</kw>
<msg timestamp="20220824 21:31:24.274" level="INFO">${Actual} = 15 02 10 05</msg>
<status status="PASS" starttime="20220824 21:31:24.273" endtime="20220824 21:31:24.274"/>
</kw>
<kw name="Should Be Equal As Numbers" library="BuiltIn">
<arg>${Actual}</arg>
<arg>${ExpectedList}</arg>
<doc>Fails if objects are unequal after converting them to real numbers.</doc>
<status status="PASS" starttime="20220824 21:31:24.274" endtime="20220824 21:31:24.275"/>
</kw>
<kw name="TWI_Close_Port" library="TWI_Serial_library">
<arg>${Port Number}</arg>
<doc>Deletes (Closes) passed port</doc>
<kw name="Delete Port" library="SerialLibrary">
<arg>${Port Number}</arg>
<doc>Deletes specified port.</doc>
<status status="PASS" starttime="20220824 21:31:24.275" endtime="20220824 21:31:24.276"/>
</kw>
<status status="PASS" starttime="20220824 21:31:24.275" endtime="20220824 21:31:24.276"/>
</kw>
<tag>Send/Recieve</tag>
<status status="PASS" starttime="20220824 21:31:24.257" endtime="20220824 21:31:24.276"/>
</test>
<status status="PASS" starttime="20220824 21:31:22.052" endtime="20220824 21:31:24.276"/>
</suite>
<status status="PASS" starttime="20220824 21:31:22.033" endtime="20220824 21:31:24.277"/>
</suite>
<statistics>
<total>
<stat pass="8" fail="0" skip="0">All Tests</stat>
</total>
<tag>
<stat pass="4" fail="0" skip="0">Functional</stat>
<stat pass="1" fail="0" skip="0">Power on</stat>
<stat pass="1" fail="0" skip="0">Send</stat>
<stat pass="1" fail="0" skip="0">Send/Recieve</stat>
<stat pass="1" fail="0" skip="0">smoke</stat>
</tag>
<suite>
<stat pass="8" fail="0" skip="0" id="s1" name="Tests">Tests</stat>
<stat pass="8" fail="0" skip="0" id="s1-s1" name="Test TWI Serial library">Tests.Test TWI Serial library</stat>
</suite>
</statistics>
<errors>
</errors>
</robot>
