<?xml version="1.0" encoding="UTF-8"?>
<robot generator="Robot 5.0.1 (Python 3.8.3 on win32)" generated="20221018 13:26:10.898" rpa="false" schemaversion="3">
<suite id="s1" name="Tests" source="D:\Repos\Automated-Testing\robotframework-seriallibrary-develop (1)\robotframework-seriallibrary-develop\tests">
<suite id="s1-s1" name="Test uart rhp" source="D:\Repos\Automated-Testing\robotframework-seriallibrary-develop (1)\robotframework-seriallibrary-develop\tests\Test_uart_rhp.robot">
<test id="s1-s1-t1" name="Test Case 1" line="4">
<kw name="TWI_Open_Port" library="TWI_Serial_library">
<arg>Port Number=COM10</arg>
<arg>Encoding=hexlify</arg>
<arg>Buad Rate=115200</arg>
<arg>timeout=5</arg>
<doc>Sets configurations(Port Number,Buad Rate,Encoding and Timeout)
And Opens passed port</doc>
<kw name="Add Port" library="SerialLibrary">
<var>${PortConfigurations}</var>
<arg>port_locator=${Port Number}</arg>
<arg>timeout=${timeout}</arg>
<doc>Adds new port with specified locator.</doc>
<msg timestamp="20221018 13:26:10.979" level="INFO">${PortConfigurations} = Serial&lt;id=0x21cc52e7160, open=True&gt;(port='COM10', baudrate=9600, bytesize=8, parity='N', stopbits=1, timeout=5.0, xonxoff=False, rtscts=False, dsrdtr=False)</msg>
<status status="PASS" starttime="20221018 13:26:10.977" endtime="20221018 13:26:10.980"/>
</kw>
<kw name="Port Should Be Open" library="SerialLibrary">
<arg>${Port Number}</arg>
<doc>Fails if specified port is closed.</doc>
<status status="PASS" starttime="20221018 13:26:10.980" endtime="20221018 13:26:10.981"/>
</kw>
<kw name="Set Port Parameter" library="SerialLibrary">
<arg>param_name=baudrate</arg>
<arg>value=${Buad Rate}</arg>
<arg>port_locator=${Port Number}</arg>
<doc>Sets port parameter.</doc>
<status status="PASS" starttime="20221018 13:26:10.981" endtime="20221018 13:26:10.981"/>
</kw>
<kw name="Set Encoding" library="SerialLibrary">
<arg>encoding=${Encoding}</arg>
<doc>Sets default encoding for the library instance.</doc>
<status status="PASS" starttime="20221018 13:26:10.981" endtime="20221018 13:26:10.983"/>
</kw>
<status status="PASS" starttime="20221018 13:26:10.976" endtime="20221018 13:26:10.983"/>
</kw>
<kw name="Set HIGH" library="TWI_RHP_Comm">
<arg>Port Number=COM10</arg>
<arg>featNum=0</arg>
<arg>attrNum=0</arg>
<kw name="Evaluate" library="BuiltIn">
<var>${featNum}</var>
<arg>${featNum}+30</arg>
<doc>Evaluates the given expression in Python and returns the result.</doc>
<msg timestamp="20221018 13:26:10.983" level="INFO">${featNum} = 30</msg>
<status status="PASS" starttime="20221018 13:26:10.983" endtime="20221018 13:26:10.984"/>
</kw>
<kw name="Evaluate" library="BuiltIn">
<var>${attrNum}</var>
<arg>${attrNum}+30</arg>
<doc>Evaluates the given expression in Python and returns the result.</doc>
<msg timestamp="20221018 13:26:10.984" level="INFO">${attrNum} = 30</msg>
<status status="PASS" starttime="20221018 13:26:10.984" endtime="20221018 13:26:10.984"/>
</kw>
<kw name="TWI_Write_Byte" library="TWI_Serial_library">
<arg>Data=54 53 00 16 54 57 10 20 01 00 00 C0 00 00 00 00 FF FF FF FD 53 ${featNum} 2E ${attrNum} 3D 30</arg>
<arg>Port Number=${Port Number}</arg>
<doc>TWI KeyWord ,It writes ONE Byte on the serial port
paramaters: Data -&gt; paramarter will hold the data to be sent
Port Number -&gt; which port will write the data on
Encoding -&gt; Encoding type (ascii,utf-8)
Number of Bytes -&gt; number of bytes will be send
Returns none</doc>
<kw name="Write Data" library="SerialLibrary">
<arg>data=${Data}</arg>
<arg>encoding=${Encoding}</arg>
<arg>port_locator=${Port Number}</arg>
<doc>Writes data into the port.</doc>
<status status="PASS" starttime="20221018 13:26:10.985" endtime="20221018 13:26:10.986"/>
</kw>
<status status="PASS" starttime="20221018 13:26:10.984" endtime="20221018 13:26:10.986"/>
</kw>
<status status="PASS" starttime="20221018 13:26:10.983" endtime="20221018 13:26:10.986"/>
</kw>
<kw name="Sleep" library="BuiltIn">
<arg>5</arg>
<doc>Pauses the test executed for the given time.</doc>
<msg timestamp="20221018 13:26:15.997" level="INFO">Slept 5 seconds</msg>
<status status="PASS" starttime="20221018 13:26:10.986" endtime="20221018 13:26:15.997"/>
</kw>
<kw name="Set LOW" library="TWI_RHP_Comm">
<arg>Port Number=COM10</arg>
<arg>featNum=0</arg>
<arg>attrNum=0</arg>
<kw name="Evaluate" library="BuiltIn">
<var>${featNum}</var>
<arg>${featNum}+30</arg>
<doc>Evaluates the given expression in Python and returns the result.</doc>
<msg timestamp="20221018 13:26:16.000" level="INFO">${featNum} = 30</msg>
<status status="PASS" starttime="20221018 13:26:15.999" endtime="20221018 13:26:16.000"/>
</kw>
<kw name="Evaluate" library="BuiltIn">
<var>${attrNum}</var>
<arg>${attrNum}+30</arg>
<doc>Evaluates the given expression in Python and returns the result.</doc>
<msg timestamp="20221018 13:26:16.001" level="INFO">${attrNum} = 30</msg>
<status status="PASS" starttime="20221018 13:26:16.000" endtime="20221018 13:26:16.001"/>
</kw>
<kw name="TWI_Write_Byte" library="TWI_Serial_library">
<arg>Data=54 53 00 16 54 57 10 20 01 00 00 C0 00 00 00 00 FF FF FF FD 53 ${featNum} 2E ${attrNum} 3D 31</arg>
<arg>Port Number=${Port Number}</arg>
<doc>TWI KeyWord ,It writes ONE Byte on the serial port
paramaters: Data -&gt; paramarter will hold the data to be sent
Port Number -&gt; which port will write the data on
Encoding -&gt; Encoding type (ascii,utf-8)
Number of Bytes -&gt; number of bytes will be send
Returns none</doc>
<kw name="Write Data" library="SerialLibrary">
<arg>data=${Data}</arg>
<arg>encoding=${Encoding}</arg>
<arg>port_locator=${Port Number}</arg>
<doc>Writes data into the port.</doc>
<status status="PASS" starttime="20221018 13:26:16.003" endtime="20221018 13:26:16.004"/>
</kw>
<status status="PASS" starttime="20221018 13:26:16.001" endtime="20221018 13:26:16.004"/>
</kw>
<status status="PASS" starttime="20221018 13:26:15.998" endtime="20221018 13:26:16.004"/>
</kw>
<kw name="Sleep" library="BuiltIn">
<arg>5</arg>
<doc>Pauses the test executed for the given time.</doc>
<msg timestamp="20221018 13:26:21.006" level="INFO">Slept 5 seconds</msg>
<status status="PASS" starttime="20221018 13:26:16.004" endtime="20221018 13:26:21.006"/>
</kw>
<kw name="TWI_Close_Port" library="TWI_Serial_library">
<arg>Port Number=COM10</arg>
<doc>Deletes (Closes) passed port</doc>
<kw name="Delete Port" library="SerialLibrary">
<arg>${Port Number}</arg>
<doc>Deletes specified port.</doc>
<status status="PASS" starttime="20221018 13:26:21.008" endtime="20221018 13:26:21.009"/>
</kw>
<status status="PASS" starttime="20221018 13:26:21.007" endtime="20221018 13:26:21.010"/>
</kw>
<status status="PASS" starttime="20221018 13:26:10.975" endtime="20221018 13:26:21.010"/>
</test>
<status status="PASS" starttime="20221018 13:26:10.919" endtime="20221018 13:26:21.012"/>
</suite>
<status status="PASS" starttime="20221018 13:26:10.901" endtime="20221018 13:26:21.013"/>
</suite>
<statistics>
<total>
<stat pass="1" fail="0" skip="0">All Tests</stat>
</total>
<tag>
</tag>
<suite>
<stat pass="1" fail="0" skip="0" id="s1" name="Tests">Tests</stat>
<stat pass="1" fail="0" skip="0" id="s1-s1" name="Test uart rhp">Tests.Test uart rhp</stat>
</suite>
</statistics>
<errors>
</errors>
</robot>
