<?xml version="1.0" encoding="UTF-8"?>
<robot generator="Robot 6.0 (Python 3.8.3 on darwin)" generated="20221101 15:43:48.041" rpa="false" schemaversion="3">
<suite id="s1" name="2-System Comptability Test Cases" source="/Users/user/Desktop/clean_new_repo/TWI iOS SDK TP/Tests/2-System_Comptability_Test_Cases.robot">
<kw name="initializing everything before start" library="Insulte_ios_app_resources" type="SETUP">
<kw name="initializing Serial" library="Insulte_ios_app_resources">
<kw name="Evaluate" library="BuiltIn">
<var>${message}</var>
<arg>${BLUE} "\\n-&gt; Initializing Serial communication"</arg>
<doc>Evaluates the given expression in Python and returns the result.</doc>
<msg timestamp="20221101 15:43:48.444" level="INFO">${message} = [34m
-&gt; Initializing Serial communication</msg>
<status status="PASS" starttime="20221101 15:43:48.443" endtime="20221101 15:43:48.444"/>
</kw>
<kw name="Log To Console" library="BuiltIn">
<arg>${message}</arg>
<doc>Logs the given message to the console.</doc>
<status status="PASS" starttime="20221101 15:43:48.444" endtime="20221101 15:43:48.445"/>
</kw>
<kw name="TWI_Open_Port" library="TWI_Serial_library">
<arg>Port Number=${Port Number}</arg>
<arg>Buad Rate=${Buad Rate}</arg>
<arg>Encoding=hexlify</arg>
<arg>timeout=${Time out}</arg>
<doc>Sets configurations(Port Number,Buad Rate,Encoding and Timeout)
And Opens passed port</doc>
<kw name="Add Port" library="SerialLibrary">
<var>${PortConfigurations}</var>
<arg>port_locator=${Port Number}</arg>
<arg>timeout=${timeout}</arg>
<doc>Adds new port with specified locator.</doc>
<msg timestamp="20221101 15:43:48.448" level="INFO">${PortConfigurations} = Serial&lt;id=0x7f9a93b83640, open=True&gt;(port='/dev/tty.usbmodem0006821328461', baudrate=9600, bytesize=8, parity='N', stopbits=1, timeout=10.0, xonxoff=False, rtscts=False, dsrdtr=False)</msg>
<status status="PASS" starttime="20221101 15:43:48.446" endtime="20221101 15:43:48.448"/>
</kw>
<kw name="Port Should Be Open" library="SerialLibrary">
<arg>${Port Number}</arg>
<doc>Fails if specified port is closed.</doc>
<status status="PASS" starttime="20221101 15:43:48.449" endtime="20221101 15:43:48.449"/>
</kw>
<kw name="Set Port Parameter" library="SerialLibrary">
<arg>param_name=baudrate</arg>
<arg>value=${Buad Rate}</arg>
<arg>port_locator=${Port Number}</arg>
<doc>Sets port parameter.</doc>
<status status="PASS" starttime="20221101 15:43:48.449" endtime="20221101 15:43:48.450"/>
</kw>
<kw name="Set Encoding" library="SerialLibrary">
<arg>encoding=${Encoding}</arg>
<doc>Sets default encoding for the library instance.</doc>
<status status="PASS" starttime="20221101 15:43:48.450" endtime="20221101 15:43:48.451"/>
</kw>
<status status="PASS" starttime="20221101 15:43:48.445" endtime="20221101 15:43:48.451"/>
</kw>
<kw name="Sleep" library="BuiltIn">
<arg>2</arg>
<doc>Pauses the test executed for the given time.</doc>
<msg timestamp="20221101 15:43:50.452" level="INFO">Slept 2 seconds</msg>
<status status="PASS" starttime="20221101 15:43:48.451" endtime="20221101 15:43:50.452"/>
</kw>
<status status="PASS" starttime="20221101 15:43:48.443" endtime="20221101 15:43:50.453"/>
</kw>
<kw name="Power on board" library="Insulte_ios_app_resources">
<kw name="Evaluate" library="BuiltIn">
<var>${message}</var>
<arg>${BLUE} "\\n-&gt; Power on board"</arg>
<doc>Evaluates the given expression in Python and returns the result.</doc>
<msg timestamp="20221101 15:43:50.455" level="INFO">${message} = [34m
-&gt; Power on board</msg>
<status status="PASS" starttime="20221101 15:43:50.454" endtime="20221101 15:43:50.455"/>
</kw>
<kw name="Log To Console" library="BuiltIn">
<arg>${message}</arg>
<doc>Logs the given message to the console.</doc>
<status status="PASS" starttime="20221101 15:43:50.456" endtime="20221101 15:43:50.456"/>
</kw>
<kw name="Set HIGH" library="Insulte_ios_app_resources">
<arg>Port Number=${Port Number}</arg>
<arg>portNum=0</arg>
<arg>pinNum=3</arg>
<kw name="Evaluate" library="BuiltIn">
<var>${portNum}</var>
<arg>${portNum}+30</arg>
<doc>Evaluates the given expression in Python and returns the result.</doc>
<msg timestamp="20221101 15:43:50.459" level="INFO">${portNum} = 30</msg>
<status status="PASS" starttime="20221101 15:43:50.458" endtime="20221101 15:43:50.459"/>
</kw>
<kw name="Evaluate" library="BuiltIn">
<var>${pinNum}</var>
<arg>${pinNum}+30</arg>
<doc>Evaluates the given expression in Python and returns the result.</doc>
<msg timestamp="20221101 15:43:50.460" level="INFO">${pinNum} = 33</msg>
<status status="PASS" starttime="20221101 15:43:50.459" endtime="20221101 15:43:50.460"/>
</kw>
<kw name="TWI_Write_Byte" library="TWI_Serial_library">
<arg>Data=54 53 00 16 54 57 10 20 01 00 00 C0 00 00 00 00 FF FF FF FD 53 ${portNum} 2E ${pinNum} 3D 30</arg>
<arg>Port Number=${Port Number}</arg>
<doc>TWI KeyWord ,It writes ONE Byte on the serial port
paramaters: Data -&gt; paramarter will hold the data to be sent
Port Number -&gt; which port will write the data on
Encoding -&gt; Encoding type (ascii,utf-8)
Number of Bytes -&gt; number of bytes will be send
Returns none</doc>
<kw name="Write Data" library="SerialLibrary">
<arg>data=${Data}</arg>
<arg>encoding=${Encoding}</arg>
<arg>port_locator=${Port Number}</arg>
<doc>Writes data into the port.</doc>
<status status="PASS" starttime="20221101 15:43:50.463" endtime="20221101 15:43:50.465"/>
</kw>
<status status="PASS" starttime="20221101 15:43:50.461" endtime="20221101 15:43:50.465"/>
</kw>
<status status="PASS" starttime="20221101 15:43:50.457" endtime="20221101 15:43:50.465"/>
</kw>
<kw name="Sleep" library="BuiltIn">
<arg>8</arg>
<doc>Pauses the test executed for the given time.</doc>
<msg timestamp="20221101 15:43:58.466" level="INFO">Slept 8 seconds</msg>
<status status="PASS" starttime="20221101 15:43:50.465" endtime="20221101 15:43:58.466"/>
</kw>
<status status="PASS" starttime="20221101 15:43:50.453" endtime="20221101 15:43:58.467"/>
</kw>
<kw name="Power click" library="Insulte_ios_app_resources">
<kw name="Evaluate" library="BuiltIn">
<var>${message}</var>
<arg>${BLUE} "\\n-&gt; Power click"</arg>
<doc>Evaluates the given expression in Python and returns the result.</doc>
<msg timestamp="20221101 15:43:58.468" level="INFO">${message} = [34m
-&gt; Power click</msg>
<status status="PASS" starttime="20221101 15:43:58.468" endtime="20221101 15:43:58.468"/>
</kw>
<kw name="Log To Console" library="BuiltIn">
<arg>${message}</arg>
<doc>Logs the given message to the console.</doc>
<status status="PASS" starttime="20221101 15:43:58.469" endtime="20221101 15:43:58.469"/>
</kw>
<kw name="Set HIGH" library="Insulte_ios_app_resources">
<arg>Port Number=${Port Number}</arg>
<arg>portNum=0</arg>
<arg>pinNum=0</arg>
<kw name="Evaluate" library="BuiltIn">
<var>${portNum}</var>
<arg>${portNum}+30</arg>
<doc>Evaluates the given expression in Python and returns the result.</doc>
<msg timestamp="20221101 15:43:58.470" level="INFO">${portNum} = 30</msg>
<status status="PASS" starttime="20221101 15:43:58.470" endtime="20221101 15:43:58.471"/>
</kw>
<kw name="Evaluate" library="BuiltIn">
<var>${pinNum}</var>
<arg>${pinNum}+30</arg>
<doc>Evaluates the given expression in Python and returns the result.</doc>
<msg timestamp="20221101 15:43:58.471" level="INFO">${pinNum} = 30</msg>
<status status="PASS" starttime="20221101 15:43:58.471" endtime="20221101 15:43:58.471"/>
</kw>
<kw name="TWI_Write_Byte" library="TWI_Serial_library">
<arg>Data=54 53 00 16 54 57 10 20 01 00 00 C0 00 00 00 00 FF FF FF FD 53 ${portNum} 2E ${pinNum} 3D 30</arg>
<arg>Port Number=${Port Number}</arg>
<doc>TWI KeyWord ,It writes ONE Byte on the serial port
paramaters: Data -&gt; paramarter will hold the data to be sent
Port Number -&gt; which port will write the data on
Encoding -&gt; Encoding type (ascii,utf-8)
Number of Bytes -&gt; number of bytes will be send
Returns none</doc>
<kw name="Write Data" library="SerialLibrary">
<arg>data=${Data}</arg>
<arg>encoding=${Encoding}</arg>
<arg>port_locator=${Port Number}</arg>
<doc>Writes data into the port.</doc>
<status status="PASS" starttime="20221101 15:43:58.472" endtime="20221101 15:43:58.473"/>
</kw>
<status status="PASS" starttime="20221101 15:43:58.471" endtime="20221101 15:43:58.473"/>
</kw>
<status status="PASS" starttime="20221101 15:43:58.469" endtime="20221101 15:43:58.474"/>
</kw>
<kw name="Sleep" library="BuiltIn">
<arg>2</arg>
<doc>Pauses the test executed for the given time.</doc>
<msg timestamp="20221101 15:44:00.475" level="INFO">Slept 2 seconds</msg>
<status status="PASS" starttime="20221101 15:43:58.474" endtime="20221101 15:44:00.475"/>
</kw>
<kw name="Set LOW" library="Insulte_ios_app_resources">
<arg>Port Number=${Port Number}</arg>
<arg>portNum=0</arg>
<arg>pinNum=0</arg>
<kw name="Evaluate" library="BuiltIn">
<var>${portNum}</var>
<arg>${portNum}+30</arg>
<doc>Evaluates the given expression in Python and returns the result.</doc>
<msg timestamp="20221101 15:44:00.478" level="INFO">${portNum} = 30</msg>
<status status="PASS" starttime="20221101 15:44:00.477" endtime="20221101 15:44:00.478"/>
</kw>
<kw name="Evaluate" library="BuiltIn">
<var>${pinNum}</var>
<arg>${pinNum}+30</arg>
<doc>Evaluates the given expression in Python and returns the result.</doc>
<msg timestamp="20221101 15:44:00.479" level="INFO">${pinNum} = 30</msg>
<status status="PASS" starttime="20221101 15:44:00.478" endtime="20221101 15:44:00.479"/>
</kw>
<kw name="TWI_Write_Byte" library="TWI_Serial_library">
<arg>Data=54 53 00 16 54 57 10 20 01 00 00 C0 00 00 00 00 FF FF FF FD 53 ${portNum} 2E ${pinNum} 3D 31</arg>
<arg>Port Number=${Port Number}</arg>
<doc>TWI KeyWord ,It writes ONE Byte on the serial port
paramaters: Data -&gt; paramarter will hold the data to be sent
Port Number -&gt; which port will write the data on
Encoding -&gt; Encoding type (ascii,utf-8)
Number of Bytes -&gt; number of bytes will be send
Returns none</doc>
<kw name="Write Data" library="SerialLibrary">
<arg>data=${Data}</arg>
<arg>encoding=${Encoding}</arg>
<arg>port_locator=${Port Number}</arg>
<doc>Writes data into the port.</doc>
<status status="PASS" starttime="20221101 15:44:00.480" endtime="20221101 15:44:00.482"/>
</kw>
<status status="PASS" starttime="20221101 15:44:00.479" endtime="20221101 15:44:00.482"/>
</kw>
<status status="PASS" starttime="20221101 15:44:00.475" endtime="20221101 15:44:00.483"/>
</kw>
<kw name="Sleep" library="BuiltIn">
<arg>4</arg>
<doc>Pauses the test executed for the given time.</doc>
<msg timestamp="20221101 15:44:04.484" level="INFO">Slept 4 seconds</msg>
<status status="PASS" starttime="20221101 15:44:00.483" endtime="20221101 15:44:04.484"/>
</kw>
<status status="PASS" starttime="20221101 15:43:58.467" endtime="20221101 15:44:04.484"/>
</kw>
<kw name="Clear caches" library="Insulte_ios_app_resources">
<kw name="Evaluate" library="BuiltIn">
<var>${message}</var>
<arg>${BLUE} "\\n-&gt; Clear caches"</arg>
<doc>Evaluates the given expression in Python and returns the result.</doc>
<msg timestamp="20221101 15:44:04.486" level="INFO">${message} = [34m
-&gt; Clear caches</msg>
<status status="PASS" starttime="20221101 15:44:04.485" endtime="20221101 15:44:04.486"/>
</kw>
<kw name="Log To Console" library="BuiltIn">
<arg>${message}</arg>
<doc>Logs the given message to the console.</doc>
<status status="PASS" starttime="20221101 15:44:04.486" endtime="20221101 15:44:04.486"/>
</kw>
<kw name="Set HIGH" library="Insulte_ios_app_resources">
<arg>Port Number=${Port Number}</arg>
<arg>portNum=0</arg>
<arg>pinNum=2</arg>
<kw name="Evaluate" library="BuiltIn">
<var>${portNum}</var>
<arg>${portNum}+30</arg>
<doc>Evaluates the given expression in Python and returns the result.</doc>
<msg timestamp="20221101 15:44:04.488" level="INFO">${portNum} = 30</msg>
<status status="PASS" starttime="20221101 15:44:04.487" endtime="20221101 15:44:04.488"/>
</kw>
<kw name="Evaluate" library="BuiltIn">
<var>${pinNum}</var>
<arg>${pinNum}+30</arg>
<doc>Evaluates the given expression in Python and returns the result.</doc>
<msg timestamp="20221101 15:44:04.488" level="INFO">${pinNum} = 32</msg>
<status status="PASS" starttime="20221101 15:44:04.488" endtime="20221101 15:44:04.489"/>
</kw>
<kw name="TWI_Write_Byte" library="TWI_Serial_library">
<arg>Data=54 53 00 16 54 57 10 20 01 00 00 C0 00 00 00 00 FF FF FF FD 53 ${portNum} 2E ${pinNum} 3D 30</arg>
<arg>Port Number=${Port Number}</arg>
<doc>TWI KeyWord ,It writes ONE Byte on the serial port
paramaters: Data -&gt; paramarter will hold the data to be sent
Port Number -&gt; which port will write the data on
Encoding -&gt; Encoding type (ascii,utf-8)
Number of Bytes -&gt; number of bytes will be send
Returns none</doc>
<kw name="Write Data" library="SerialLibrary">
<arg>data=${Data}</arg>
<arg>encoding=${Encoding}</arg>
<arg>port_locator=${Port Number}</arg>
<doc>Writes data into the port.</doc>
<status status="PASS" starttime="20221101 15:44:04.490" endtime="20221101 15:44:04.490"/>
</kw>
<status status="PASS" starttime="20221101 15:44:04.489" endtime="20221101 15:44:04.491"/>
</kw>
<status status="PASS" starttime="20221101 15:44:04.487" endtime="20221101 15:44:04.491"/>
</kw>
<kw name="Sleep" library="BuiltIn">
<arg>10</arg>
<doc>Pauses the test executed for the given time.</doc>
<msg timestamp="20221101 15:44:14.492" level="INFO">Slept 10 seconds</msg>
<status status="PASS" starttime="20221101 15:44:04.491" endtime="20221101 15:44:14.492"/>
</kw>
<kw name="Set LOW" library="Insulte_ios_app_resources">
<arg>Port Number=${Port Number}</arg>
<arg>portNum=0</arg>
<arg>pinNum=2</arg>
<kw name="Evaluate" library="BuiltIn">
<var>${portNum}</var>
<arg>${portNum}+30</arg>
<doc>Evaluates the given expression in Python and returns the result.</doc>
<msg timestamp="20221101 15:44:14.494" level="INFO">${portNum} = 30</msg>
<status status="PASS" starttime="20221101 15:44:14.493" endtime="20221101 15:44:14.494"/>
</kw>
<kw name="Evaluate" library="BuiltIn">
<var>${pinNum}</var>
<arg>${pinNum}+30</arg>
<doc>Evaluates the given expression in Python and returns the result.</doc>
<msg timestamp="20221101 15:44:14.495" level="INFO">${pinNum} = 32</msg>
<status status="PASS" starttime="20221101 15:44:14.494" endtime="20221101 15:44:14.495"/>
</kw>
<kw name="TWI_Write_Byte" library="TWI_Serial_library">
<arg>Data=54 53 00 16 54 57 10 20 01 00 00 C0 00 00 00 00 FF FF FF FD 53 ${portNum} 2E ${pinNum} 3D 31</arg>
<arg>Port Number=${Port Number}</arg>
<doc>TWI KeyWord ,It writes ONE Byte on the serial port
paramaters: Data -&gt; paramarter will hold the data to be sent
Port Number -&gt; which port will write the data on
Encoding -&gt; Encoding type (ascii,utf-8)
Number of Bytes -&gt; number of bytes will be send
Returns none</doc>
<kw name="Write Data" library="SerialLibrary">
<arg>data=${Data}</arg>
<arg>encoding=${Encoding}</arg>
<arg>port_locator=${Port Number}</arg>
<doc>Writes data into the port.</doc>
<status status="PASS" starttime="20221101 15:44:14.496" endtime="20221101 15:44:14.498"/>
</kw>
<status status="PASS" starttime="20221101 15:44:14.495" endtime="20221101 15:44:14.498"/>
</kw>
<status status="PASS" starttime="20221101 15:44:14.492" endtime="20221101 15:44:14.498"/>
</kw>
<kw name="Sleep" library="BuiltIn">
<arg>5</arg>
<doc>Pauses the test executed for the given time.</doc>
<msg timestamp="20221101 15:44:19.499" level="INFO">Slept 5 seconds</msg>
<status status="PASS" starttime="20221101 15:44:14.498" endtime="20221101 15:44:19.499"/>
</kw>
<status status="PASS" starttime="20221101 15:44:04.485" endtime="20221101 15:44:19.499"/>
</kw>
<kw name="Power reset" library="Insulte_ios_app_resources">
<kw name="Evaluate" library="BuiltIn">
<var>${message}</var>
<arg>${BLUE} "\\n-&gt; Power reset"</arg>
<doc>Evaluates the given expression in Python and returns the result.</doc>
<msg timestamp="20221101 15:44:19.501" level="INFO">${message} = [34m
-&gt; Power reset</msg>
<status status="PASS" starttime="20221101 15:44:19.500" endtime="20221101 15:44:19.501"/>
</kw>
<kw name="Log To Console" library="BuiltIn">
<arg>${message}</arg>
<doc>Logs the given message to the console.</doc>
<status status="PASS" starttime="20221101 15:44:19.501" endtime="20221101 15:44:19.502"/>
</kw>
<kw name="Set HIGH" library="Insulte_ios_app_resources">
<arg>Port Number=${Port Number}</arg>
<arg>portNum=0</arg>
<arg>pinNum=0</arg>
<kw name="Evaluate" library="BuiltIn">
<var>${portNum}</var>
<arg>${portNum}+30</arg>
<doc>Evaluates the given expression in Python and returns the result.</doc>
<msg timestamp="20221101 15:44:19.505" level="INFO">${portNum} = 30</msg>
<status status="PASS" starttime="20221101 15:44:19.503" endtime="20221101 15:44:19.505"/>
</kw>
<kw name="Evaluate" library="BuiltIn">
<var>${pinNum}</var>
<arg>${pinNum}+30</arg>
<doc>Evaluates the given expression in Python and returns the result.</doc>
<msg timestamp="20221101 15:44:19.506" level="INFO">${pinNum} = 30</msg>
<status status="PASS" starttime="20221101 15:44:19.505" endtime="20221101 15:44:19.506"/>
</kw>
<kw name="TWI_Write_Byte" library="TWI_Serial_library">
<arg>Data=54 53 00 16 54 57 10 20 01 00 00 C0 00 00 00 00 FF FF FF FD 53 ${portNum} 2E ${pinNum} 3D 30</arg>
<arg>Port Number=${Port Number}</arg>
<doc>TWI KeyWord ,It writes ONE Byte on the serial port
paramaters: Data -&gt; paramarter will hold the data to be sent
Port Number -&gt; which port will write the data on
Encoding -&gt; Encoding type (ascii,utf-8)
Number of Bytes -&gt; number of bytes will be send
Returns none</doc>
<kw name="Write Data" library="SerialLibrary">
<arg>data=${Data}</arg>
<arg>encoding=${Encoding}</arg>
<arg>port_locator=${Port Number}</arg>
<doc>Writes data into the port.</doc>
<status status="PASS" starttime="20221101 15:44:19.506" endtime="20221101 15:44:19.507"/>
</kw>
<status status="PASS" starttime="20221101 15:44:19.506" endtime="20221101 15:44:19.507"/>
</kw>
<status status="PASS" starttime="20221101 15:44:19.502" endtime="20221101 15:44:19.508"/>
</kw>
<kw name="Sleep" library="BuiltIn">
<arg>5</arg>
<doc>Pauses the test executed for the given time.</doc>
<msg timestamp="20221101 15:44:24.509" level="INFO">Slept 5 seconds</msg>
<status status="PASS" starttime="20221101 15:44:19.508" endtime="20221101 15:44:24.509"/>
</kw>
<kw name="Set LOW" library="Insulte_ios_app_resources">
<arg>Port Number=${Port Number}</arg>
<arg>portNum=0</arg>
<arg>pinNum=0</arg>
<kw name="Evaluate" library="BuiltIn">
<var>${portNum}</var>
<arg>${portNum}+30</arg>
<doc>Evaluates the given expression in Python and returns the result.</doc>
<msg timestamp="20221101 15:44:24.512" level="INFO">${portNum} = 30</msg>
<status status="PASS" starttime="20221101 15:44:24.511" endtime="20221101 15:44:24.512"/>
</kw>
<kw name="Evaluate" library="BuiltIn">
<var>${pinNum}</var>
<arg>${pinNum}+30</arg>
<doc>Evaluates the given expression in Python and returns the result.</doc>
<msg timestamp="20221101 15:44:24.513" level="INFO">${pinNum} = 30</msg>
<status status="PASS" starttime="20221101 15:44:24.513" endtime="20221101 15:44:24.513"/>
</kw>
<kw name="TWI_Write_Byte" library="TWI_Serial_library">
<arg>Data=54 53 00 16 54 57 10 20 01 00 00 C0 00 00 00 00 FF FF FF FD 53 ${portNum} 2E ${pinNum} 3D 31</arg>
<arg>Port Number=${Port Number}</arg>
<doc>TWI KeyWord ,It writes ONE Byte on the serial port
paramaters: Data -&gt; paramarter will hold the data to be sent
Port Number -&gt; which port will write the data on
Encoding -&gt; Encoding type (ascii,utf-8)
Number of Bytes -&gt; number of bytes will be send
Returns none</doc>
<kw name="Write Data" library="SerialLibrary">
<arg>data=${Data}</arg>
<arg>encoding=${Encoding}</arg>
<arg>port_locator=${Port Number}</arg>
<doc>Writes data into the port.</doc>
<status status="PASS" starttime="20221101 15:44:24.515" endtime="20221101 15:44:24.515"/>
</kw>
<status status="PASS" starttime="20221101 15:44:24.513" endtime="20221101 15:44:24.516"/>
</kw>
<status status="PASS" starttime="20221101 15:44:24.510" endtime="20221101 15:44:24.516"/>
</kw>
<kw name="Sleep" library="BuiltIn">
<arg>8</arg>
<doc>Pauses the test executed for the given time.</doc>
<msg timestamp="20221101 15:44:32.517" level="INFO">Slept 8 seconds</msg>
<status status="PASS" starttime="20221101 15:44:24.516" endtime="20221101 15:44:32.518"/>
</kw>
<status status="PASS" starttime="20221101 15:44:19.500" endtime="20221101 15:44:32.518"/>
</kw>
<status status="PASS" starttime="20221101 15:43:48.443" endtime="20221101 15:44:32.518"/>
</kw>
<test id="s1-t1" name="Test Case 1" line="10">
<kw name="setup and open appdm app" library="Insulte_ios_app_resources">
<kw name="Open Application" library="AppiumLibrary">
<arg>${APPIUM_SERVER}</arg>
<arg>platformName=iOS</arg>
<arg>platformVersion=${version}</arg>
<arg>deviceName=${deviceName}</arg>
<arg>app=${app_appdm}</arg>
<arg>udid=${udid}</arg>
<arg>xcodeOrgId=${xcodeOrgId}</arg>
<arg>automationName=${automationName}</arg>
<arg>xcodeSigningId=${xcodeSigningId}</arg>
<arg>useNewWDA =false</arg>
<arg>waitForIdleTimeout =0</arg>
<arg>usePrebuiltWDA=false</arg>
<arg>derivedDataPath=/Users/user/Library/Developer/Xcode/DerivedData/WebDriverAgent-eefnhsnbzqkaizbywdkxfgbhslib</arg>
<arg>noReset=true</arg>
<arg>wdaLocalPort=8100</arg>
<doc>Opens a new application to given Appium server.
Capabilities of appium server, Android and iOS,
Please check https://github.com/appium/appium/blob/master/docs/en/writing-running-appium/server-args.md
| *Option*            | *Man.* | *Description*     |
| remote_url          | Yes    | Appium server url |
| alias               | no     | alias             |</doc>
<status status="PASS" starttime="20221101 15:44:32.521" endtime="20221101 15:44:33.565"/>
</kw>
<status status="PASS" starttime="20221101 15:44:32.520" endtime="20221101 15:44:33.565"/>
</kw>
<kw name="Wait Until Element Is Visible" library="AppiumLibrary">
<arg>accessibility_id=RegisterMyPhoneBtn</arg>
<doc>Waits until element specified with `locator` is visible.</doc>
<status status="PASS" starttime="20221101 15:44:33.565" endtime="20221101 15:44:33.751"/>
</kw>
<kw name="Click Element" library="AppiumLibrary">
<arg>accessibility_id=RegisterMyPhoneBtn</arg>
<doc>Click element identified by `locator`.</doc>
<msg timestamp="20221101 15:44:33.754" level="INFO">Clicking element 'accessibility_id=RegisterMyPhoneBtn'.</msg>
<status status="PASS" starttime="20221101 15:44:33.751" endtime="20221101 15:44:34.274"/>
</kw>
<kw name="Wait Until Element Is Visible" library="AppiumLibrary">
<arg>accessibility_id=ClearCacheBtn</arg>
<arg>160s</arg>
<doc>Waits until element specified with `locator` is visible.</doc>
<status status="PASS" starttime="20221101 15:44:34.275" endtime="20221101 15:44:50.857"/>
</kw>
<kw name="Click Element" library="AppiumLibrary">
<arg>accessibility_id=ClearCacheBtn</arg>
<doc>Click element identified by `locator`.</doc>
<msg timestamp="20221101 15:44:50.860" level="INFO">Clicking element 'accessibility_id=ClearCacheBtn'.</msg>
<status status="PASS" starttime="20221101 15:44:50.857" endtime="20221101 15:44:51.372"/>
</kw>
<kw name="scan for devices" library="Insulte_ios_app_resources">
<kw name="Wait Until Keyword Succeeds" library="BuiltIn">
<arg>45x</arg>
<arg>100ms</arg>
<arg>check if device has appeared</arg>
<doc>Runs the specified keyword and retries if it fails.</doc>
<kw name="check if device has appeared" library="Insulte_ios_app_resources">
<kw name="Wait Until Element Is Visible" library="AppiumLibrary">
<arg>accessibility_id=ScanBtn</arg>
<arg>40s</arg>
<doc>Waits until element specified with `locator` is visible.</doc>
<status status="PASS" starttime="20221101 15:44:51.374" endtime="20221101 15:44:51.550"/>
</kw>
<kw name="Click Element" library="AppiumLibrary">
<arg>accessibility_id=ScanBtn</arg>
<doc>Click element identified by `locator`.</doc>
<msg timestamp="20221101 15:44:51.552" level="INFO">Clicking element 'accessibility_id=ScanBtn'.</msg>
<status status="PASS" starttime="20221101 15:44:51.550" endtime="20221101 15:44:52.338"/>
</kw>
<kw name="Wait Until Element Is Visible" library="AppiumLibrary">
<arg>accessibility_id=FoundDeviceL</arg>
<arg>10s</arg>
<doc>Waits until element specified with `locator` is visible.</doc>
<status status="PASS" starttime="20221101 15:44:52.338" endtime="20221101 15:44:55.222"/>
</kw>
<status status="PASS" starttime="20221101 15:44:51.373" endtime="20221101 15:44:55.222"/>
</kw>
<status status="PASS" starttime="20221101 15:44:51.373" endtime="20221101 15:44:55.222"/>
</kw>
<status status="PASS" starttime="20221101 15:44:51.373" endtime="20221101 15:44:55.222"/>
</kw>
<kw name="Wait Until Page Contains" library="AppiumLibrary">
<arg>New Omnipod, RSSI</arg>
<doc>Waits until `text` appears on current page.</doc>
<status status="PASS" starttime="20221101 15:44:55.222" endtime="20221101 15:44:55.512"/>
</kw>
<doc>Testing that the scanning process works successfully when the App is not yet paired with a peer device.</doc>
<tag>APPDM IOS APP</tag>
<status status="PASS" starttime="20221101 15:44:32.519" endtime="20221101 15:44:55.512"/>
</test>
<test id="s1-t2" name="Test Case 2" line="20">
<kw name="Wait Until Page Contains" library="AppiumLibrary">
<arg>New Omnipod, RSSI</arg>
<doc>Waits until `text` appears on current page.</doc>
<status status="PASS" starttime="20221101 15:44:55.514" endtime="20221101 15:44:55.790"/>
</kw>
<kw name="Click Element" library="AppiumLibrary">
<arg>accessibility_id=FoundDeviceL</arg>
<doc>Click element identified by `locator`.</doc>
<msg timestamp="20221101 15:44:55.795" level="INFO">Clicking element 'accessibility_id=FoundDeviceL'.</msg>
<status status="PASS" starttime="20221101 15:44:55.790" endtime="20221101 15:44:56.322"/>
</kw>
<kw name="Wait Until Element Is Visible" library="AppiumLibrary">
<arg>Paring and connecting to New Omnipod</arg>
<arg>30s</arg>
<doc>Waits until element specified with `locator` is visible.</doc>
<status status="PASS" starttime="20221101 15:44:56.323" endtime="20221101 15:44:56.594"/>
</kw>
<kw name="Wait Until Element Is Visible" library="AppiumLibrary">
<arg>accessibility_id=ActivationViewActivatePODBtn</arg>
<arg>40s</arg>
<doc>Waits until element specified with `locator` is visible.</doc>
<status status="PASS" starttime="20221101 15:44:56.594" endtime="20221101 15:45:11.744"/>
</kw>
<kw name="Wait Until Element Is Visible" library="AppiumLibrary">
<arg>accessibility_id=ActivationViewDisconnectBtn</arg>
<arg>40s</arg>
<doc>Waits until element specified with `locator` is visible.</doc>
<status status="PASS" starttime="20221101 15:45:11.744" endtime="20221101 15:45:11.997"/>
</kw>
<doc>Testing that the App connects successfully to an unpaired peer device that is found during scanning.</doc>
<tag>APPDM IOS APP</tag>
<status status="PASS" starttime="20221101 15:44:55.513" endtime="20221101 15:45:11.998"/>
</test>
<test id="s1-t3" name="Test Case 11" line="28">
<kw name="Wait Until Element Is Visible" library="AppiumLibrary">
<arg>accessibility_id=ActivationViewSendReservedCmdBtn</arg>
<arg>60s</arg>
<doc>Waits until element specified with `locator` is visible.</doc>
<status status="PASS" starttime="20221101 15:45:11.999" endtime="20221101 15:45:12.266"/>
</kw>
<kw name="Click Element" library="AppiumLibrary">
<arg>accessibility_id=ActivationViewSendReservedCmdBtn</arg>
<doc>Click element identified by `locator`.</doc>
<msg timestamp="20221101 15:45:12.271" level="INFO">Clicking element 'accessibility_id=ActivationViewSendReservedCmdBtn'.</msg>
<status status="PASS" starttime="20221101 15:45:12.267" endtime="20221101 15:45:13.188"/>
</kw>
<kw name="Wait Until Element Is Visible" library="AppiumLibrary">
<arg>accessibility_id=Can't send reserved command</arg>
<arg>30s</arg>
<doc>Waits until element specified with `locator` is visible.</doc>
<status status="PASS" starttime="20221101 15:45:13.188" endtime="20221101 15:45:13.554"/>
</kw>
<doc>Testing that user commands can not have the same identifier as SDK’s reserved ones.</doc>
<tag>APPDM IOS APP</tag>
<status status="PASS" starttime="20221101 15:45:11.998" endtime="20221101 15:45:13.555"/>
</test>
<test id="s1-t4" name="Test Case 3" line="37">
<kw name="Wait Until Element Is Visible" library="AppiumLibrary">
<arg>accessibility_id=ActivationViewDisconnectBtn</arg>
<arg>40s</arg>
<doc>Waits until element specified with `locator` is visible.</doc>
<status status="PASS" starttime="20221101 15:45:13.556" endtime="20221101 15:45:13.883"/>
</kw>
<kw name="Click Element" library="AppiumLibrary">
<arg>accessibility_id=ActivationViewDisconnectBtn</arg>
<doc>Click element identified by `locator`.</doc>
<msg timestamp="20221101 15:45:13.885" level="INFO">Clicking element 'accessibility_id=ActivationViewDisconnectBtn'.</msg>
<status status="PASS" starttime="20221101 15:45:13.883" endtime="20221101 15:45:14.986"/>
</kw>
<kw name="Wait Until Element Is Visible" library="AppiumLibrary">
<arg>accessibility_id=Device disconnected</arg>
<arg>40s</arg>
<doc>Waits until element specified with `locator` is visible.</doc>
<status status="PASS" starttime="20221101 15:45:14.986" endtime="20221101 15:45:15.311"/>
</kw>
<kw name="Click Element" library="AppiumLibrary">
<arg>accessibility_id=Ok</arg>
<doc>Click element identified by `locator`.</doc>
<msg timestamp="20221101 15:45:15.313" level="INFO">Clicking element 'accessibility_id=Ok'.</msg>
<status status="PASS" starttime="20221101 15:45:15.311" endtime="20221101 15:45:16.188"/>
</kw>
<kw name="scan for devices" library="Insulte_ios_app_resources">
<kw name="Wait Until Keyword Succeeds" library="BuiltIn">
<arg>45x</arg>
<arg>100ms</arg>
<arg>check if device has appeared</arg>
<doc>Runs the specified keyword and retries if it fails.</doc>
<kw name="check if device has appeared" library="Insulte_ios_app_resources">
<kw name="Wait Until Element Is Visible" library="AppiumLibrary">
<arg>accessibility_id=ScanBtn</arg>
<arg>40s</arg>
<doc>Waits until element specified with `locator` is visible.</doc>
<status status="PASS" starttime="20221101 15:45:16.190" endtime="20221101 15:45:16.380"/>
</kw>
<kw name="Click Element" library="AppiumLibrary">
<arg>accessibility_id=ScanBtn</arg>
<doc>Click element identified by `locator`.</doc>
<msg timestamp="20221101 15:45:16.383" level="INFO">Clicking element 'accessibility_id=ScanBtn'.</msg>
<status status="PASS" starttime="20221101 15:45:16.380" endtime="20221101 15:45:17.190"/>
</kw>
<kw name="Wait Until Element Is Visible" library="AppiumLibrary">
<arg>accessibility_id=FoundDeviceL</arg>
<arg>10s</arg>
<doc>Waits until element specified with `locator` is visible.</doc>
<status status="PASS" starttime="20221101 15:45:17.190" endtime="20221101 15:45:20.100"/>
</kw>
<status status="PASS" starttime="20221101 15:45:16.189" endtime="20221101 15:45:20.101"/>
</kw>
<status status="PASS" starttime="20221101 15:45:16.189" endtime="20221101 15:45:20.101"/>
</kw>
<status status="PASS" starttime="20221101 15:45:16.189" endtime="20221101 15:45:20.101"/>
</kw>
<kw name="Wait Until Page Contains" library="AppiumLibrary">
<arg>Omnipod</arg>
<doc>Waits until `text` appears on current page.</doc>
<status status="PASS" starttime="20221101 15:45:20.101" endtime="20221101 15:45:20.386"/>
</kw>
<doc>Testing that the scanning process works successfully while the app is paired.</doc>
<tag>APPDM IOS APP</tag>
<status status="PASS" starttime="20221101 15:45:13.555" endtime="20221101 15:45:20.386"/>
</test>
<test id="s1-t5" name="Test Case 10" line="49">
<kw name="Click Element" library="AppiumLibrary">
<arg>accessibility_id=FoundDeviceL</arg>
<doc>Click element identified by `locator`.</doc>
<msg timestamp="20221101 15:45:20.392" level="INFO">Clicking element 'accessibility_id=FoundDeviceL'.</msg>
<status status="PASS" starttime="20221101 15:45:20.388" endtime="20221101 15:45:20.946"/>
</kw>
<kw name="Wait Until Element Is Visible" library="AppiumLibrary">
<arg>accessibility_id=ActivationViewUnpairBtn</arg>
<arg>60s</arg>
<doc>Waits until element specified with `locator` is visible.</doc>
<status status="PASS" starttime="20221101 15:45:20.946" endtime="20221101 15:45:25.173"/>
</kw>
<kw name="Click Element" library="AppiumLibrary">
<arg>accessibility_id=ActivationViewUnpairBtn</arg>
<doc>Click element identified by `locator`.</doc>
<msg timestamp="20221101 15:45:25.177" level="INFO">Clicking element 'accessibility_id=ActivationViewUnpairBtn'.</msg>
<status status="PASS" starttime="20221101 15:45:25.173" endtime="20221101 15:45:26.050"/>
</kw>
<kw name="Run Keyword And Ignore Error" library="BuiltIn">
<arg>press ok when Device disconnected</arg>
<doc>Runs the given keyword with the given arguments and ignores possible error.</doc>
<kw name="press ok when Device disconnected" library="Insulte_ios_app_resources">
<kw name="Wait Until Element Is Visible" library="AppiumLibrary">
<arg>accessibility_id=Device disconnected</arg>
<arg>10s</arg>
<doc>Waits until element specified with `locator` is visible.</doc>
<status status="PASS" starttime="20221101 15:45:26.052" endtime="20221101 15:45:27.394"/>
</kw>
<kw name="Click Element" library="AppiumLibrary">
<arg>accessibility_id=Ok</arg>
<doc>Click element identified by `locator`.</doc>
<msg timestamp="20221101 15:45:27.398" level="INFO">Clicking element 'accessibility_id=Ok'.</msg>
<status status="PASS" starttime="20221101 15:45:27.394" endtime="20221101 15:45:28.303"/>
</kw>
<status status="PASS" starttime="20221101 15:45:26.051" endtime="20221101 15:45:28.303"/>
</kw>
<status status="PASS" starttime="20221101 15:45:26.051" endtime="20221101 15:45:28.303"/>
</kw>
<kw name="scan for devices" library="Insulte_ios_app_resources">
<kw name="Wait Until Keyword Succeeds" library="BuiltIn">
<arg>45x</arg>
<arg>100ms</arg>
<arg>check if device has appeared</arg>
<doc>Runs the specified keyword and retries if it fails.</doc>
<kw name="check if device has appeared" library="Insulte_ios_app_resources">
<kw name="Wait Until Element Is Visible" library="AppiumLibrary">
<arg>accessibility_id=ScanBtn</arg>
<arg>40s</arg>
<doc>Waits until element specified with `locator` is visible.</doc>
<status status="PASS" starttime="20221101 15:45:28.304" endtime="20221101 15:45:28.544"/>
</kw>
<kw name="Click Element" library="AppiumLibrary">
<arg>accessibility_id=ScanBtn</arg>
<doc>Click element identified by `locator`.</doc>
<msg timestamp="20221101 15:45:28.547" level="INFO">Clicking element 'accessibility_id=ScanBtn'.</msg>
<status status="PASS" starttime="20221101 15:45:28.544" endtime="20221101 15:45:29.366"/>
</kw>
<kw name="Wait Until Element Is Visible" library="AppiumLibrary">
<arg>accessibility_id=FoundDeviceL</arg>
<arg>10s</arg>
<doc>Waits until element specified with `locator` is visible.</doc>
<status status="PASS" starttime="20221101 15:45:29.367" endtime="20221101 15:45:32.232"/>
</kw>
<status status="PASS" starttime="20221101 15:45:28.304" endtime="20221101 15:45:32.232"/>
</kw>
<status status="PASS" starttime="20221101 15:45:28.304" endtime="20221101 15:45:32.232"/>
</kw>
<status status="PASS" starttime="20221101 15:45:28.303" endtime="20221101 15:45:32.232"/>
</kw>
<kw name="Wait Until Page Contains" library="AppiumLibrary">
<arg>Omnipod</arg>
<arg>30s</arg>
<doc>Waits until `text` appears on current page.</doc>
<status status="PASS" starttime="20221101 15:45:32.233" endtime="20221101 15:45:32.536"/>
</kw>
<doc>Testing that clearing after pairing will clear the peer device too and the App will be able to find it in the scanning again.</doc>
<tag>APPDM IOS APP</tag>
<status status="PASS" starttime="20221101 15:45:20.387" endtime="20221101 15:45:32.537"/>
</test>
<test id="s1-t6" name="Test Case 4" line="58">
<kw name="Wait Until Element Is Visible" library="AppiumLibrary">
<arg>accessibility_id=FoundDeviceL</arg>
<arg>10s</arg>
<doc>Waits until element specified with `locator` is visible.</doc>
<status status="PASS" starttime="20221101 15:45:32.538" endtime="20221101 15:45:32.653"/>
</kw>
<kw name="Click Element" library="AppiumLibrary">
<arg>accessibility_id=FoundDeviceL</arg>
<doc>Click element identified by `locator`.</doc>
<msg timestamp="20221101 15:45:32.656" level="INFO">Clicking element 'accessibility_id=FoundDeviceL'.</msg>
<status status="PASS" starttime="20221101 15:45:32.653" endtime="20221101 15:45:33.205"/>
</kw>
<kw name="Wait Until Element Is Visible" library="AppiumLibrary">
<arg>ActivationViewActivatePODBtn</arg>
<arg>40s</arg>
<doc>Waits until element specified with `locator` is visible.</doc>
<status status="PASS" starttime="20221101 15:45:33.205" endtime="20221101 15:45:40.060"/>
</kw>
<kw name="Click Element" library="AppiumLibrary">
<arg>accessibility_id=ActivationViewActivatePODBtn</arg>
<doc>Click element identified by `locator`.</doc>
<msg timestamp="20221101 15:45:40.063" level="INFO">Clicking element 'accessibility_id=ActivationViewActivatePODBtn'.</msg>
<status status="PASS" starttime="20221101 15:45:40.060" endtime="20221101 15:45:41.042"/>
</kw>
<kw name="enter activation data" library="Insulte_ios_app_resources">
<kw name="Clear Text" library="AppiumLibrary">
<arg>accessibility_id=CGMTxIDTF</arg>
<doc>Clears the text field identified by `locator`.</doc>
<msg timestamp="20221101 15:45:41.046" level="INFO">Clear text field 'accessibility_id=CGMTxIDTF'</msg>
<status status="PASS" starttime="20221101 15:45:41.044" endtime="20221101 15:45:42.668"/>
</kw>
<kw name="Input Value" library="AppiumLibrary">
<arg>accessibility_id=CGMTxIDTF</arg>
<arg>800001</arg>
<doc>Sets the given value into text field identified by `locator`. This is an IOS only keyword, input value makes use of set_value</doc>
<msg timestamp="20221101 15:45:42.673" level="INFO">Setting text '800001' into text field 'accessibility_id=CGMTxIDTF'</msg>
<status status="PASS" starttime="20221101 15:45:42.668" endtime="20221101 15:45:43.316"/>
</kw>
<kw name="Clear Text" library="AppiumLibrary">
<arg>accessibility_id=TotalDayInsulinTF</arg>
<doc>Clears the text field identified by `locator`.</doc>
<msg timestamp="20221101 15:45:43.321" level="INFO">Clear text field 'accessibility_id=TotalDayInsulinTF'</msg>
<status status="PASS" starttime="20221101 15:45:43.316" endtime="20221101 15:45:44.599"/>
</kw>
<kw name="Input Value" library="AppiumLibrary">
<arg>accessibility_id=TotalDayInsulinTF</arg>
<arg>120</arg>
<doc>Sets the given value into text field identified by `locator`. This is an IOS only keyword, input value makes use of set_value</doc>
<msg timestamp="20221101 15:45:44.602" level="INFO">Setting text '120' into text field 'accessibility_id=TotalDayInsulinTF'</msg>
<status status="PASS" starttime="20221101 15:45:44.599" endtime="20221101 15:45:45.205"/>
</kw>
<kw name="Clear Text" library="AppiumLibrary">
<arg>accessibility_id=TDIFlagsTF</arg>
<doc>Clears the text field identified by `locator`.</doc>
<msg timestamp="20221101 15:45:45.211" level="INFO">Clear text field 'accessibility_id=TDIFlagsTF'</msg>
<status status="PASS" starttime="20221101 15:45:45.205" endtime="20221101 15:45:46.433"/>
</kw>
<kw name="Input Value" library="AppiumLibrary">
<arg>accessibility_id=TDIFlagsTF</arg>
<arg>1</arg>
<doc>Sets the given value into text field identified by `locator`. This is an IOS only keyword, input value makes use of set_value</doc>
<msg timestamp="20221101 15:45:46.436" level="INFO">Setting text '1' into text field 'accessibility_id=TDIFlagsTF'</msg>
<status status="PASS" starttime="20221101 15:45:46.433" endtime="20221101 15:45:47.048"/>
</kw>
<kw name="Clear Text" library="AppiumLibrary">
<arg>accessibility_id=SetPointTF</arg>
<doc>Clears the text field identified by `locator`.</doc>
<msg timestamp="20221101 15:45:47.051" level="INFO">Clear text field 'accessibility_id=SetPointTF'</msg>
<status status="PASS" starttime="20221101 15:45:47.048" endtime="20221101 15:45:48.266"/>
</kw>
<kw name="Input Value" library="AppiumLibrary">
<arg>accessibility_id=SetPointTF</arg>
<arg>120</arg>
<doc>Sets the given value into text field identified by `locator`. This is an IOS only keyword, input value makes use of set_value</doc>
<msg timestamp="20221101 15:45:48.268" level="INFO">Setting text '120' into text field 'accessibility_id=SetPointTF'</msg>
<status status="PASS" starttime="20221101 15:45:48.266" endtime="20221101 15:45:48.861"/>
</kw>
<kw name="Clear Text" library="AppiumLibrary">
<arg>accessibility_id=InsulinTimeInHoursTF</arg>
<doc>Clears the text field identified by `locator`.</doc>
<msg timestamp="20221101 15:45:48.865" level="INFO">Clear text field 'accessibility_id=InsulinTimeInHoursTF'</msg>
<status status="PASS" starttime="20221101 15:45:48.861" endtime="20221101 15:45:50.102"/>
</kw>
<kw name="Input Value" library="AppiumLibrary">
<arg>accessibility_id=InsulinTimeInHoursTF</arg>
<arg>4.0</arg>
<doc>Sets the given value into text field identified by `locator`. This is an IOS only keyword, input value makes use of set_value</doc>
<msg timestamp="20221101 15:45:50.106" level="INFO">Setting text '4.0' into text field 'accessibility_id=InsulinTimeInHoursTF'</msg>
<status status="PASS" starttime="20221101 15:45:50.103" endtime="20221101 15:45:50.721"/>
</kw>
<kw name="Clear Text" library="AppiumLibrary">
<arg>accessibility_id=LowThresholdTF</arg>
<doc>Clears the text field identified by `locator`.</doc>
<msg timestamp="20221101 15:45:50.728" level="INFO">Clear text field 'accessibility_id=LowThresholdTF'</msg>
<status status="PASS" starttime="20221101 15:45:50.721" endtime="20221101 15:45:51.951"/>
</kw>
<kw name="Input Value" library="AppiumLibrary">
<arg>accessibility_id=LowThresholdTF</arg>
<arg>120</arg>
<doc>Sets the given value into text field identified by `locator`. This is an IOS only keyword, input value makes use of set_value</doc>
<msg timestamp="20221101 15:45:51.955" level="INFO">Setting text '120' into text field 'accessibility_id=LowThresholdTF'</msg>
<status status="PASS" starttime="20221101 15:45:51.951" endtime="20221101 15:45:52.564"/>
</kw>
<kw name="Clear Text" library="AppiumLibrary">
<arg>accessibility_id=HighThresholdTF</arg>
<doc>Clears the text field identified by `locator`.</doc>
<msg timestamp="20221101 15:45:52.567" level="INFO">Clear text field 'accessibility_id=HighThresholdTF'</msg>
<status status="PASS" starttime="20221101 15:45:52.565" endtime="20221101 15:45:53.785"/>
</kw>
<kw name="Input Value" library="AppiumLibrary">
<arg>accessibility_id=HighThresholdTF</arg>
<arg>400</arg>
<doc>Sets the given value into text field identified by `locator`. This is an IOS only keyword, input value makes use of set_value</doc>
<msg timestamp="20221101 15:45:53.788" level="INFO">Setting text '400' into text field 'accessibility_id=HighThresholdTF'</msg>
<status status="PASS" starttime="20221101 15:45:53.785" endtime="20221101 15:45:54.398"/>
</kw>
<status status="PASS" starttime="20221101 15:45:41.043" endtime="20221101 15:45:54.398"/>
</kw>
<kw name="Click Element" library="AppiumLibrary">
<arg>accessibility_id=ActivationViewDoneBtn</arg>
<doc>Click element identified by `locator`.</doc>
<msg timestamp="20221101 15:45:54.401" level="INFO">Clicking element 'accessibility_id=ActivationViewDoneBtn'.</msg>
<status status="PASS" starttime="20221101 15:45:54.398" endtime="20221101 15:45:55.440"/>
</kw>
<kw name="Wait Until Element Is Visible" library="AppiumLibrary">
<arg>accessibility_id=card:com.twi3.appdm:sceneID:com.twi3.appdm-default</arg>
<arg>20s</arg>
<doc>Waits until element specified with `locator` is visible.</doc>
<status status="PASS" starttime="20221101 15:45:55.441" endtime="20221101 15:46:05.339"/>
</kw>
<kw name="Input Password" library="AppiumLibrary">
<arg>xpath=(//XCUIElementTypeSecureTextField[@name="Passcode field"])[2]</arg>
<arg>134679</arg>
<doc>Types the given password into text field identified by `locator`.</doc>
<msg timestamp="20221101 15:46:05.342" level="INFO">Typing password into text field 'xpath=(//XCUIElementTypeSecureTextField[@name="Passcode field"])[2]'</msg>
<status status="PASS" starttime="20221101 15:46:05.340" endtime="20221101 15:46:06.552"/>
</kw>
<kw name="Wait Until Page Contains" library="AppiumLibrary">
<arg>Pod Activated Successfully</arg>
<arg>180s</arg>
<doc>Waits until `text` appears on current page.</doc>
<status status="PASS" starttime="20221101 15:46:06.552" endtime="20221101 15:48:01.647"/>
</kw>
<kw name="Wait Until Element Is Visible" library="AppiumLibrary">
<arg>accessibility_id=ActivationViewDeactivateBtn</arg>
<doc>Waits until element specified with `locator` is visible.</doc>
<status status="PASS" starttime="20221101 15:48:01.647" endtime="20221101 15:48:03.309"/>
</kw>
<doc>Testing that the peer device activation process is successful.</doc>
<tag>APPDM IOS APP</tag>
<status status="PASS" starttime="20221101 15:45:32.537" endtime="20221101 15:48:03.309"/>
</test>
<test id="s1-t7" name="Test Case 15" line="72">
<kw name="Wait Until Element Is Visible" library="AppiumLibrary">
<arg>accessibility_id=ActivationViewPeriodicEveryOneMinBtn</arg>
<arg>40s</arg>
<doc>Waits until element specified with `locator` is visible.</doc>
<status status="PASS" starttime="20221101 15:48:03.311" endtime="20221101 15:48:03.708"/>
</kw>
<kw name="Click Element" library="AppiumLibrary">
<arg>accessibility_id=ActivationViewPeriodicEveryOneMinBtn</arg>
<doc>Click element identified by `locator`.</doc>
<msg timestamp="20221101 15:48:03.714" level="INFO">Clicking element 'accessibility_id=ActivationViewPeriodicEveryOneMinBtn'.</msg>
<status status="PASS" starttime="20221101 15:48:03.709" endtime="20221101 15:48:04.784"/>
</kw>
<kw name="Wait Until Page Contains" library="AppiumLibrary">
<arg>Nudge: Total Number of pulses is</arg>
<arg>timeout=65</arg>
<doc>Waits until `text` appears on current page.</doc>
<status status="PASS" starttime="20221101 15:48:04.785" endtime="20221101 15:49:08.231"/>
</kw>
<doc>Testing background functionality to verify that AP+ PDM can connect to the cloud and send its logs every 1 Minute in the background successfully.</doc>
<tag>APPDM IOS APP</tag>
<status status="PASS" starttime="20221101 15:48:03.310" endtime="20221101 15:49:08.231"/>
</test>
<test id="s1-t8" name="Test Case 8" line="82">
<kw name="Wait Until Element Is Visible" library="AppiumLibrary">
<arg>accessibility_id=ActivationViewPeriodicEveryOneMinBtn</arg>
<arg>20s</arg>
<doc>Waits until element specified with `locator` is visible.</doc>
<status status="PASS" starttime="20221101 15:49:08.232" endtime="20221101 15:49:08.574"/>
</kw>
<kw name="Click Element" library="AppiumLibrary">
<arg>accessibility_id=ActivationViewPeriodicEveryOneMinBtn</arg>
<doc>Click element identified by `locator`.</doc>
<msg timestamp="20221101 15:49:08.577" level="INFO">Clicking element 'accessibility_id=ActivationViewPeriodicEveryOneMinBtn'.</msg>
<status status="PASS" starttime="20221101 15:49:08.574" endtime="20221101 15:49:09.525"/>
</kw>
<kw name="Evaluate" library="BuiltIn">
<var>${message}</var>
<arg>${BLUE} "\\n-----------------&gt; the App is in Background&lt;-----------------"</arg>
<doc>Evaluates the given expression in Python and returns the result.</doc>
<msg timestamp="20221101 15:49:09.526" level="INFO">${message} = [34m
-----------------&gt; the App is in Background&lt;-----------------</msg>
<status status="PASS" starttime="20221101 15:49:09.526" endtime="20221101 15:49:09.526"/>
</kw>
<kw name="Log To Console" library="BuiltIn">
<arg>${message}</arg>
<doc>Logs the given message to the console.</doc>
<status status="PASS" starttime="20221101 15:49:09.527" endtime="20221101 15:49:09.527"/>
</kw>
<kw name="Background App" library="AppiumLibrary">
<arg>seconds=65</arg>
<doc>Puts the application in the background on the device for a certain
duration.</doc>
<status status="PASS" starttime="20221101 15:49:09.527" endtime="20221101 15:50:15.942"/>
</kw>
<kw name="Wait Until Page Contains" library="AppiumLibrary">
<arg>Nudge: Total Number of pulses</arg>
<arg>60S</arg>
<doc>Waits until `text` appears on current page.</doc>
<status status="PASS" starttime="20221101 15:50:15.943" endtime="20221101 15:50:18.625"/>
</kw>
<doc>Testing the periodic event operation when the App is in foreground or background.</doc>
<tag>APPDM IOS APP</tag>
<status status="PASS" starttime="20221101 15:49:08.232" endtime="20221101 15:50:18.625"/>
</test>
<test id="s1-t9" name="Test Case 6" line="97">
<kw name="setup and open appdm app" library="Insulte_ios_app_resources">
<kw name="Open Application" library="AppiumLibrary">
<arg>${APPIUM_SERVER}</arg>
<arg>platformName=iOS</arg>
<arg>platformVersion=${version}</arg>
<arg>deviceName=${deviceName}</arg>
<arg>app=${app_appdm}</arg>
<arg>udid=${udid}</arg>
<arg>xcodeOrgId=${xcodeOrgId}</arg>
<arg>automationName=${automationName}</arg>
<arg>xcodeSigningId=${xcodeSigningId}</arg>
<arg>useNewWDA =false</arg>
<arg>waitForIdleTimeout =0</arg>
<arg>usePrebuiltWDA=false</arg>
<arg>derivedDataPath=/Users/user/Library/Developer/Xcode/DerivedData/WebDriverAgent-eefnhsnbzqkaizbywdkxfgbhslib</arg>
<arg>noReset=true</arg>
<arg>wdaLocalPort=8100</arg>
<doc>Opens a new application to given Appium server.
Capabilities of appium server, Android and iOS,
Please check https://github.com/appium/appium/blob/master/docs/en/writing-running-appium/server-args.md
| *Option*            | *Man.* | *Description*     |
| remote_url          | Yes    | Appium server url |
| alias               | no     | alias             |</doc>
<status status="PASS" starttime="20221101 15:50:18.627" endtime="20221101 15:50:19.419"/>
</kw>
<status status="PASS" starttime="20221101 15:50:18.627" endtime="20221101 15:50:19.419"/>
</kw>
<kw name="Wait Until Element Is Visible" library="AppiumLibrary">
<arg>accessibility_id=ActivationViewCustomActionsBtn</arg>
<arg>40s</arg>
<doc>Waits until element specified with `locator` is visible.</doc>
<status status="PASS" starttime="20221101 15:50:19.419" endtime="20221101 15:50:19.940"/>
</kw>
<kw name="Click Element" library="AppiumLibrary">
<arg>accessibility_id=ActivationViewCustomActionsBtn</arg>
<doc>Click element identified by `locator`.</doc>
<msg timestamp="20221101 15:50:19.945" level="INFO">Clicking element 'accessibility_id=ActivationViewCustomActionsBtn'.</msg>
<status status="PASS" starttime="20221101 15:50:19.940" endtime="20221101 15:50:21.070"/>
</kw>
<kw name="click on get pod activation status" library="Insulte_ios_app_resources">
<kw name="Input Text" library="AppiumLibrary">
<arg>xpath=//XCUIElementTypeApplication[@name="APPDM"]/XCUIElementTypeWindow/XCUIElementTypeOther/XCUIElementTypeOther/XCUIElementTypeOther/XCUIElementTypeOther/XCUIElementTypeOther/XCUIElementTypeOther/XCUIElementTypePicker/XCUIElementTypePickerWheel</arg>
<arg>Get Pod Activation Status</arg>
<doc>Types the given `text` into text field identified by `locator`.</doc>
<msg timestamp="20221101 15:50:21.073" level="INFO">Typing text 'Get Pod Activation Status' into text field 'xpath=//XCUIElementTypeApplication[@name="APPDM"]/XCUIElementTypeWindow/XCUIElementTypeOther/XCUIElementTypeOther/XCUIElementTypeOther/XCUIElementTypeOther/XCUIElementTypeOther/XCUIElementTypeOther/XCUIElementTypePicker/XCUIElementTypePickerWheel'</msg>
<status status="PASS" starttime="20221101 15:50:21.071" endtime="20221101 15:50:22.021"/>
</kw>
<kw name="Click Element" library="AppiumLibrary">
<arg>accessibility_id=Done</arg>
<doc>Click element identified by `locator`.</doc>
<msg timestamp="20221101 15:50:22.027" level="INFO">Clicking element 'accessibility_id=Done'.</msg>
<status status="PASS" starttime="20221101 15:50:22.021" endtime="20221101 15:50:23.468"/>
</kw>
<status status="PASS" starttime="20221101 15:50:21.070" endtime="20221101 15:50:23.469"/>
</kw>
<kw name="Wait Until Page Contains" library="AppiumLibrary">
<arg>Total Full Pulses</arg>
<arg>40s</arg>
<doc>Waits until `text` appears on current page.</doc>
<status status="PASS" starttime="20221101 15:50:23.469" endtime="20221101 15:50:25.009"/>
</kw>
<kw name="Sleep" library="BuiltIn">
<arg>1s</arg>
<doc>Pauses the test executed for the given time.</doc>
<msg timestamp="20221101 15:50:26.011" level="INFO">Slept 1 second</msg>
<status status="PASS" starttime="20221101 15:50:25.010" endtime="20221101 15:50:26.011"/>
</kw>
<doc>Testing that the “Get Status” command is successful.</doc>
<tag>APPDM IOS APP</tag>
<status status="PASS" starttime="20221101 15:50:18.626" endtime="20221101 15:50:26.012"/>
</test>
<test id="s1-t10" name="Test Case 5" line="108">
<kw name="Reset Application" library="AppiumLibrary">
<doc>Reset application. Open Application can be reset while Appium session is kept alive.</doc>
<status status="PASS" starttime="20221101 15:50:26.014" endtime="20221101 15:50:26.703"/>
</kw>
<kw name="Wait Until Element Is Visible" library="AppiumLibrary">
<arg>accessibility_id=ActivationViewDeactivateBtn</arg>
<arg>40s</arg>
<doc>Waits until element specified with `locator` is visible.</doc>
<status status="PASS" starttime="20221101 15:50:26.704" endtime="20221101 15:50:27.211"/>
</kw>
<kw name="Click Element" library="AppiumLibrary">
<arg>accessibility_id=ActivationViewDeactivateBtn</arg>
<doc>Click element identified by `locator`.</doc>
<msg timestamp="20221101 15:50:27.214" level="INFO">Clicking element 'accessibility_id=ActivationViewDeactivateBtn'.</msg>
<status status="PASS" starttime="20221101 15:50:27.212" endtime="20221101 15:50:28.303"/>
</kw>
<kw name="Run Keyword And Ignore Error" library="BuiltIn">
<arg>press ok when Device disconnected</arg>
<doc>Runs the given keyword with the given arguments and ignores possible error.</doc>
<kw name="press ok when Device disconnected" library="Insulte_ios_app_resources">
<kw name="Wait Until Element Is Visible" library="AppiumLibrary">
<arg>accessibility_id=Device disconnected</arg>
<arg>10s</arg>
<doc>Waits until element specified with `locator` is visible.</doc>
<status status="PASS" starttime="20221101 15:50:28.306" endtime="20221101 15:50:30.846"/>
</kw>
<kw name="Click Element" library="AppiumLibrary">
<arg>accessibility_id=Ok</arg>
<doc>Click element identified by `locator`.</doc>
<msg timestamp="20221101 15:50:30.849" level="INFO">Clicking element 'accessibility_id=Ok'.</msg>
<status status="PASS" starttime="20221101 15:50:30.846" endtime="20221101 15:50:31.683"/>
</kw>
<status status="PASS" starttime="20221101 15:50:28.306" endtime="20221101 15:50:31.683"/>
</kw>
<status status="PASS" starttime="20221101 15:50:28.305" endtime="20221101 15:50:31.683"/>
</kw>
<doc>Testing that the deactivation process is successful.</doc>
<tag>APPDM IOS APP</tag>
<status status="PASS" starttime="20221101 15:50:26.013" endtime="20221101 15:50:31.683"/>
</test>
<status status="PASS" starttime="20221101 15:43:48.043" endtime="20221101 15:50:31.684"/>
</suite>
<statistics>
<total>
<stat pass="10" fail="0" skip="0">All Tests</stat>
</total>
<tag>
<stat pass="10" fail="0" skip="0">APPDM IOS APP</stat>
</tag>
<suite>
<stat pass="10" fail="0" skip="0" id="s1" name="2-System Comptability Test Cases">2-System Comptability Test Cases</stat>
</suite>
</statistics>
<errors>
</errors>
</robot>
