<?xml version="1.0" encoding="UTF-8"?>
<robot generator="Robot 5.0.1 (Python 3.8.1 on win32)" generated="20220824 14:59:51.388" rpa="false" schemaversion="3">
<suite id="s1" name="Tests" source="C:\Users\mohamed.wagdy\Downloads\robotframework-seriallibrary-develop (1)\robotframework-seriallibrary-develop\tests">
<suite id="s1-s1" name="Testing TWI Automation Testing library" source="C:\Users\mohamed.wagdy\Downloads\robotframework-seriallibrary-develop (1)\robotframework-seriallibrary-develop\tests\Testing_TWI_Automation_Testing_library.robot">
<test id="s1-s1-t1" name="Test_Open_Port_Sucssesfully" line="19">
<kw name="TWI_Open_Port" library="TWI_Automation_Testing_library">
<var>${PortConfigurations}</var>
<arg>Port Number=${Port Number}</arg>
<doc>Sets configurations(Port Number,Buad Rate,Encoding and Timeout)
And Opens passed port</doc>
<kw name="Add Port" library="SerialLibrary">
<var>${PortConfigurations}</var>
<arg>port_locator=${Port Number}</arg>
<arg>timeout=${timeout}</arg>
<doc>Adds new port with specified locator.</doc>
<msg timestamp="20220824 14:59:51.438" level="FAIL">SerialException: could not open port 'COM1': FileNotFoundError(2, 'The system cannot find the file specified.', None, 2)</msg>
<status status="FAIL" starttime="20220824 14:59:51.438" endtime="20220824 14:59:51.438"/>
</kw>
<kw name="Port Should Be Open" library="SerialLibrary">
<arg>${Port Number}</arg>
<doc>Fails if specified port is closed.</doc>
<status status="NOT RUN" starttime="20220824 14:59:51.438" endtime="20220824 14:59:51.438"/>
</kw>
<kw name="Set Port Parameter" library="SerialLibrary">
<arg>param_name=baudrate</arg>
<arg>value=${Buad Rate}</arg>
<arg>port_locator=${Port Number}</arg>
<doc>Sets port parameter.</doc>
<status status="NOT RUN" starttime="20220824 14:59:51.438" endtime="20220824 14:59:51.438"/>
</kw>
<kw name="Set Encoding" library="SerialLibrary">
<arg>encoding=${Encoding}</arg>
<doc>Sets default encoding for the library instance.</doc>
<status status="NOT RUN" starttime="20220824 14:59:51.438" endtime="20220824 14:59:51.438"/>
</kw>
<status status="FAIL" starttime="20220824 14:59:51.438" endtime="20220824 14:59:51.438"/>
</kw>
<kw name="Get Library Instance" library="BuiltIn">
<var>${ins}</var>
<arg>SerialLibrary</arg>
<doc>Returns the currently active instance of the specified library.</doc>
<status status="NOT RUN" starttime="20220824 14:59:51.438" endtime="20220824 14:59:51.438"/>
</kw>
<kw name="Get Current Port Locator" library="SerialLibrary">
<var>${locator}</var>
<doc>Returns port locator of current port.
If no port is associated to the current port (implies no port
in the library instance), None is returned.</doc>
<status status="NOT RUN" starttime="20220824 14:59:51.438" endtime="20220824 14:59:51.438"/>
</kw>
<kw name="Should Be Equal" library="BuiltIn">
<arg>${ins._current_port_locator}</arg>
<arg>${Port Number}</arg>
<doc>Fails if the given objects are unequal.</doc>
<status status="NOT RUN" starttime="20220824 14:59:51.438" endtime="20220824 14:59:51.438"/>
</kw>
<kw name="TWI_Close_Port" library="TWI_Automation_Testing_library" type="TEARDOWN">
<arg>Port Number=${Port Number}</arg>
<doc>Deletes (Closes) passed port</doc>
<kw name="Delete Port" library="SerialLibrary">
<arg>${Port Number}</arg>
<doc>Deletes specified port.</doc>
<msg timestamp="20220824 14:59:51.438" level="FAIL">Invalid port locator.</msg>
<status status="FAIL" starttime="20220824 14:59:51.438" endtime="20220824 14:59:51.438"/>
</kw>
<status status="FAIL" starttime="20220824 14:59:51.438" endtime="20220824 14:59:51.438">Invalid port locator.</status>
</kw>
<tag>Functional</tag>
<tag>smoke</tag>
<status status="FAIL" starttime="20220824 14:59:51.438" endtime="20220824 14:59:51.438">SerialException: could not open port 'COM1': FileNotFoundError(2, 'The system cannot find the file specified.', None, 2)

Also teardown failed:
Invalid port locator.</status>
</test>
<test id="s1-s1-t2" name="Test_Set_BuadRate_Sucssesfully" line="35">
<kw name="TWI_Open_Port" library="TWI_Automation_Testing_library">
<arg>Port Number=${Port Number}</arg>
<arg>Buad Rate=${Buad Rate}</arg>
<doc>Sets configurations(Port Number,Buad Rate,Encoding and Timeout)
And Opens passed port</doc>
<kw name="Add Port" library="SerialLibrary">
<var>${PortConfigurations}</var>
<arg>port_locator=${Port Number}</arg>
<arg>timeout=${timeout}</arg>
<doc>Adds new port with specified locator.</doc>
<msg timestamp="20220824 14:59:51.438" level="FAIL">SerialException: could not open port 'COM1': FileNotFoundError(2, 'The system cannot find the file specified.', None, 2)</msg>
<status status="FAIL" starttime="20220824 14:59:51.438" endtime="20220824 14:59:51.438"/>
</kw>
<kw name="Port Should Be Open" library="SerialLibrary">
<arg>${Port Number}</arg>
<doc>Fails if specified port is closed.</doc>
<status status="NOT RUN" starttime="20220824 14:59:51.438" endtime="20220824 14:59:51.438"/>
</kw>
<kw name="Set Port Parameter" library="SerialLibrary">
<arg>param_name=baudrate</arg>
<arg>value=${Buad Rate}</arg>
<arg>port_locator=${Port Number}</arg>
<doc>Sets port parameter.</doc>
<status status="NOT RUN" starttime="20220824 14:59:51.438" endtime="20220824 14:59:51.438"/>
</kw>
<kw name="Set Encoding" library="SerialLibrary">
<arg>encoding=${Encoding}</arg>
<doc>Sets default encoding for the library instance.</doc>
<status status="NOT RUN" starttime="20220824 14:59:51.438" endtime="20220824 14:59:51.438"/>
</kw>
<status status="FAIL" starttime="20220824 14:59:51.438" endtime="20220824 14:59:51.438"/>
</kw>
<kw name="Get Port Parameter" library="SerialLibrary">
<var>${baudrate}</var>
<arg>baudrate</arg>
<arg>port_locator=${Port Number}</arg>
<doc>Returns specified parameter of the port.</doc>
<status status="NOT RUN" starttime="20220824 14:59:51.438" endtime="20220824 14:59:51.438"/>
</kw>
<kw name="Should Be Equal As Strings" library="BuiltIn">
<arg>${baudrate}</arg>
<arg>${Buad Rate}</arg>
<doc>Fails if objects are unequal after converting them to strings.</doc>
<status status="NOT RUN" starttime="20220824 14:59:51.438" endtime="20220824 14:59:51.438"/>
</kw>
<kw name="TWI_Close_Port" library="TWI_Automation_Testing_library">
<arg>Port Number=${Port Number}</arg>
<doc>Deletes (Closes) passed port</doc>
<status status="NOT RUN" starttime="20220824 14:59:51.453" endtime="20220824 14:59:51.454"/>
</kw>
<tag>Functional</tag>
<status status="FAIL" starttime="20220824 14:59:51.438" endtime="20220824 14:59:51.454">SerialException: could not open port 'COM1': FileNotFoundError(2, 'The system cannot find the file specified.', None, 2)</status>
</test>
<test id="s1-s1-t3" name="Test_Set_Encoding_Type_Sucssesfully" line="45">
<kw name="TWI_Open_Port" library="TWI_Automation_Testing_library">
<arg>Port Number=${Port Number}</arg>
<arg>Buad Rate=${Buad Rate}</arg>
<arg>Encoding=${Encoding}</arg>
<arg>timeout=10</arg>
<doc>Sets configurations(Port Number,Buad Rate,Encoding and Timeout)
And Opens passed port</doc>
<kw name="Add Port" library="SerialLibrary">
<var>${PortConfigurations}</var>
<arg>port_locator=${Port Number}</arg>
<arg>timeout=${timeout}</arg>
<doc>Adds new port with specified locator.</doc>
<msg timestamp="20220824 14:59:51.454" level="FAIL">SerialException: could not open port 'COM1': FileNotFoundError(2, 'The system cannot find the file specified.', None, 2)</msg>
<status status="FAIL" starttime="20220824 14:59:51.454" endtime="20220824 14:59:51.454"/>
</kw>
<kw name="Port Should Be Open" library="SerialLibrary">
<arg>${Port Number}</arg>
<doc>Fails if specified port is closed.</doc>
<status status="NOT RUN" starttime="20220824 14:59:51.454" endtime="20220824 14:59:51.454"/>
</kw>
<kw name="Set Port Parameter" library="SerialLibrary">
<arg>param_name=baudrate</arg>
<arg>value=${Buad Rate}</arg>
<arg>port_locator=${Port Number}</arg>
<doc>Sets port parameter.</doc>
<status status="NOT RUN" starttime="20220824 14:59:51.454" endtime="20220824 14:59:51.454"/>
</kw>
<kw name="Set Encoding" library="SerialLibrary">
<arg>encoding=${Encoding}</arg>
<doc>Sets default encoding for the library instance.</doc>
<status status="NOT RUN" starttime="20220824 14:59:51.454" endtime="20220824 14:59:51.454"/>
</kw>
<status status="FAIL" starttime="20220824 14:59:51.454" endtime="20220824 14:59:51.454"/>
</kw>
<kw name="Get Encoding" library="SerialLibrary">
<var>${encoding}</var>
<doc>Returns default encoding for the library instance.</doc>
<status status="NOT RUN" starttime="20220824 14:59:51.454" endtime="20220824 14:59:51.454"/>
</kw>
<kw name="Should Be Equal As Strings" library="BuiltIn">
<arg>${encoding}</arg>
<arg>${Encoding}</arg>
<doc>Fails if objects are unequal after converting them to strings.</doc>
<status status="NOT RUN" starttime="20220824 14:59:51.454" endtime="20220824 14:59:51.454"/>
</kw>
<kw name="TWI_Close_Port" library="TWI_Automation_Testing_library">
<arg>Port Number=${Port Number}</arg>
<doc>Deletes (Closes) passed port</doc>
<status status="NOT RUN" starttime="20220824 14:59:51.454" endtime="20220824 14:59:51.454"/>
</kw>
<tag>Functional</tag>
<status status="FAIL" starttime="20220824 14:59:51.454" endtime="20220824 14:59:51.454">SerialException: could not open port 'COM1': FileNotFoundError(2, 'The system cannot find the file specified.', None, 2)</status>
</test>
<test id="s1-s1-t4" name="Test_Set_Timeout_Sucssesfully" line="52">
<kw name="TWI_Open_Port" library="TWI_Automation_Testing_library">
<arg>Port Number=${Port Number}</arg>
<arg>Buad Rate=${Buad Rate}</arg>
<arg>Encoding=${Encoding}</arg>
<arg>timeout=${Time out}</arg>
<doc>Sets configurations(Port Number,Buad Rate,Encoding and Timeout)
And Opens passed port</doc>
<kw name="Add Port" library="SerialLibrary">
<var>${PortConfigurations}</var>
<arg>port_locator=${Port Number}</arg>
<arg>timeout=${timeout}</arg>
<doc>Adds new port with specified locator.</doc>
<msg timestamp="20220824 14:59:51.454" level="FAIL">SerialException: could not open port 'COM1': FileNotFoundError(2, 'The system cannot find the file specified.', None, 2)</msg>
<status status="FAIL" starttime="20220824 14:59:51.454" endtime="20220824 14:59:51.454"/>
</kw>
<kw name="Port Should Be Open" library="SerialLibrary">
<arg>${Port Number}</arg>
<doc>Fails if specified port is closed.</doc>
<status status="NOT RUN" starttime="20220824 14:59:51.454" endtime="20220824 14:59:51.454"/>
</kw>
<kw name="Set Port Parameter" library="SerialLibrary">
<arg>param_name=baudrate</arg>
<arg>value=${Buad Rate}</arg>
<arg>port_locator=${Port Number}</arg>
<doc>Sets port parameter.</doc>
<status status="NOT RUN" starttime="20220824 14:59:51.454" endtime="20220824 14:59:51.454"/>
</kw>
<kw name="Set Encoding" library="SerialLibrary">
<arg>encoding=${Encoding}</arg>
<doc>Sets default encoding for the library instance.</doc>
<status status="NOT RUN" starttime="20220824 14:59:51.454" endtime="20220824 14:59:51.454"/>
</kw>
<status status="FAIL" starttime="20220824 14:59:51.454" endtime="20220824 14:59:51.454"/>
</kw>
<kw name="Get Port Parameter" library="SerialLibrary">
<var>${timeout}</var>
<arg>timeout</arg>
<doc>Returns specified parameter of the port.</doc>
<status status="NOT RUN" starttime="20220824 14:59:51.454" endtime="20220824 14:59:51.454"/>
</kw>
<kw name="Should Be Equal As Numbers" library="BuiltIn">
<arg>${timeout}</arg>
<arg>${Time out}</arg>
<doc>Fails if objects are unequal after converting them to real numbers.</doc>
<status status="NOT RUN" starttime="20220824 14:59:51.454" endtime="20220824 14:59:51.454"/>
</kw>
<kw name="TWI_Close_Port" library="TWI_Automation_Testing_library">
<arg>Port Number=${Port Number}</arg>
<doc>Deletes (Closes) passed port</doc>
<status status="NOT RUN" starttime="20220824 14:59:51.454" endtime="20220824 14:59:51.454"/>
</kw>
<tag>Functional</tag>
<status status="FAIL" starttime="20220824 14:59:51.454" endtime="20220824 14:59:51.454">SerialException: could not open port 'COM1': FileNotFoundError(2, 'The system cannot find the file specified.', None, 2)</status>
</test>
<status status="FAIL" starttime="20220824 14:59:51.405" endtime="20220824 14:59:51.454"/>
</suite>
<status status="FAIL" starttime="20220824 14:59:51.391" endtime="20220824 14:59:51.454"/>
</suite>
<statistics>
<total>
<stat pass="0" fail="4" skip="0">All Tests</stat>
</total>
<tag>
<stat pass="0" fail="4" skip="0">Functional</stat>
<stat pass="0" fail="1" skip="0">smoke</stat>
</tag>
<suite>
<stat pass="0" fail="4" skip="0" id="s1" name="Tests">Tests</stat>
<stat pass="0" fail="4" skip="0" id="s1-s1" name="Testing TWI Automation Testing library">Tests.Testing TWI Automation Testing library</stat>
</suite>
</statistics>
<errors>
</errors>
</robot>
