<?xml version="1.0" encoding="UTF-8"?>
<robot generator="Robot 5.0.1 (Python 3.8.1 on win32)" generated="20220825 13:10:56.546" rpa="false" schemaversion="3">
<suite id="s1" name="Tests" source="C:\Users\mohamed.wagdy\Downloads\robotframework-seriallibrary-develop (1)\robotframework-seriallibrary-develop\tests">
<suite id="s1-s1" name="Test TWI Serial library" source="C:\Users\mohamed.wagdy\Downloads\robotframework-seriallibrary-develop (1)\robotframework-seriallibrary-develop\tests\Test_TWI_Serial_library.robot">
<test id="s1-s1-t1" name="TEST_No_Port_Opened" line="17">
<kw name="Get Library Instance" library="BuiltIn">
<var>${ins}</var>
<arg>SerialLibrary</arg>
<doc>Returns the currently active instance of the specified library.</doc>
<msg timestamp="20220825 13:10:56.609" level="INFO">${ins} = &lt;SerialLibrary.SerialLibrary object at 0x04AC8D18&gt;</msg>
<status status="PASS" starttime="20220825 13:10:56.609" endtime="20220825 13:10:56.609"/>
</kw>
<kw name="Should Be Equal" library="BuiltIn">
<arg>${ins._current_port_locator}</arg>
<arg>${NONE}</arg>
<doc>Fails if the given objects are unequal.</doc>
<status status="PASS" starttime="20220825 13:10:56.609" endtime="20220825 13:10:56.610"/>
</kw>
<status status="PASS" starttime="20220825 13:10:56.608" endtime="20220825 13:10:56.610"/>
</test>
<test id="s1-s1-t2" name="Test_Open_Port_Sucssesfully" line="26">
<kw name="TWI_Open_Port" library="TWI_Serial_library">
<var>${PortConfigurations}</var>
<arg>Port Number=${Port Number}</arg>
<doc>Sets configurations(Port Number,Buad Rate,Encoding and Timeout)
And Opens passed port</doc>
<kw name="Add Port" library="SerialLibrary">
<var>${PortConfigurations}</var>
<arg>port_locator=${Port Number}</arg>
<arg>timeout=${timeout}</arg>
<doc>Adds new port with specified locator.</doc>
<msg timestamp="20220825 13:10:56.615" level="INFO">${PortConfigurations} = Serial&lt;id=0x4b5e028, open=True&gt;(port='COM1', baudrate=9600, bytesize=8, parity='N', stopbits=1, timeout=10.0, xonxoff=False, rtscts=False, dsrdtr=False)</msg>
<status status="PASS" starttime="20220825 13:10:56.613" endtime="20220825 13:10:56.615"/>
</kw>
<kw name="Port Should Be Open" library="SerialLibrary">
<arg>${Port Number}</arg>
<doc>Fails if specified port is closed.</doc>
<status status="PASS" starttime="20220825 13:10:56.615" endtime="20220825 13:10:56.615"/>
</kw>
<kw name="Set Port Parameter" library="SerialLibrary">
<arg>param_name=baudrate</arg>
<arg>value=${Buad Rate}</arg>
<arg>port_locator=${Port Number}</arg>
<doc>Sets port parameter.</doc>
<status status="PASS" starttime="20220825 13:10:56.615" endtime="20220825 13:10:56.617"/>
</kw>
<kw name="Set Encoding" library="SerialLibrary">
<arg>encoding=${Encoding}</arg>
<doc>Sets default encoding for the library instance.</doc>
<status status="PASS" starttime="20220825 13:10:56.617" endtime="20220825 13:10:56.617"/>
</kw>
<msg timestamp="20220825 13:10:56.617" level="INFO">${PortConfigurations} = Serial&lt;id=0x4b5e028, open=True&gt;(port='COM1', baudrate=9600, bytesize=8, parity='N', stopbits=1, timeout=10.0, xonxoff=False, rtscts=False, dsrdtr=False)</msg>
<status status="PASS" starttime="20220825 13:10:56.611" endtime="20220825 13:10:56.617"/>
</kw>
<kw name="Get Library Instance" library="BuiltIn">
<var>${ins}</var>
<arg>SerialLibrary</arg>
<doc>Returns the currently active instance of the specified library.</doc>
<msg timestamp="20220825 13:10:56.618" level="INFO">${ins} = &lt;SerialLibrary.SerialLibrary object at 0x04AC8D18&gt;</msg>
<status status="PASS" starttime="20220825 13:10:56.617" endtime="20220825 13:10:56.618"/>
</kw>
<kw name="Get Current Port Locator" library="SerialLibrary">
<var>${locator}</var>
<doc>Returns port locator of current port.
If no port is associated to the current port (implies no port
in the library instance), None is returned.</doc>
<msg timestamp="20220825 13:10:56.618" level="INFO">${locator} = COM1</msg>
<status status="PASS" starttime="20220825 13:10:56.618" endtime="20220825 13:10:56.618"/>
</kw>
<kw name="Should Be Equal" library="BuiltIn">
<arg>${ins._current_port_locator}</arg>
<arg>${Port Number}</arg>
<doc>Fails if the given objects are unequal.</doc>
<status status="PASS" starttime="20220825 13:10:56.618" endtime="20220825 13:10:56.619"/>
</kw>
<kw name="TWI_Close_Port" library="TWI_Serial_library" type="TEARDOWN">
<arg>Port Number=${Port Number}</arg>
<doc>Deletes (Closes) passed port</doc>
<kw name="Delete Port" library="SerialLibrary">
<arg>${Port Number}</arg>
<doc>Deletes specified port.</doc>
<status status="PASS" starttime="20220825 13:10:56.619" endtime="20220825 13:10:56.620"/>
</kw>
<status status="PASS" starttime="20220825 13:10:56.619" endtime="20220825 13:10:56.620"/>
</kw>
<tag>Functional</tag>
<tag>smoke</tag>
<status status="PASS" starttime="20220825 13:10:56.611" endtime="20220825 13:10:56.620"/>
</test>
<test id="s1-s1-t3" name="Test_Set_BuadRate_Sucssesfully" line="42">
<kw name="TWI_Open_Port" library="TWI_Serial_library">
<arg>Port Number=${Port Number}</arg>
<arg>Buad Rate=${Buad Rate}</arg>
<doc>Sets configurations(Port Number,Buad Rate,Encoding and Timeout)
And Opens passed port</doc>
<kw name="Add Port" library="SerialLibrary">
<var>${PortConfigurations}</var>
<arg>port_locator=${Port Number}</arg>
<arg>timeout=${timeout}</arg>
<doc>Adds new port with specified locator.</doc>
<msg timestamp="20220825 13:10:56.625" level="INFO">${PortConfigurations} = Serial&lt;id=0x4b5e640, open=True&gt;(port='COM1', baudrate=9600, bytesize=8, parity='N', stopbits=1, timeout=10.0, xonxoff=False, rtscts=False, dsrdtr=False)</msg>
<status status="PASS" starttime="20220825 13:10:56.622" endtime="20220825 13:10:56.625"/>
</kw>
<kw name="Port Should Be Open" library="SerialLibrary">
<arg>${Port Number}</arg>
<doc>Fails if specified port is closed.</doc>
<status status="PASS" starttime="20220825 13:10:56.625" endtime="20220825 13:10:56.625"/>
</kw>
<kw name="Set Port Parameter" library="SerialLibrary">
<arg>param_name=baudrate</arg>
<arg>value=${Buad Rate}</arg>
<arg>port_locator=${Port Number}</arg>
<doc>Sets port parameter.</doc>
<status status="PASS" starttime="20220825 13:10:56.625" endtime="20220825 13:10:56.626"/>
</kw>
<kw name="Set Encoding" library="SerialLibrary">
<arg>encoding=${Encoding}</arg>
<doc>Sets default encoding for the library instance.</doc>
<status status="PASS" starttime="20220825 13:10:56.626" endtime="20220825 13:10:56.627"/>
</kw>
<status status="PASS" starttime="20220825 13:10:56.621" endtime="20220825 13:10:56.627"/>
</kw>
<kw name="Get Port Parameter" library="SerialLibrary">
<var>${baudrate}</var>
<arg>baudrate</arg>
<arg>port_locator=${Port Number}</arg>
<doc>Returns specified parameter of the port.</doc>
<msg timestamp="20220825 13:10:56.627" level="INFO">${baudrate} = 115200</msg>
<status status="PASS" starttime="20220825 13:10:56.627" endtime="20220825 13:10:56.627"/>
</kw>
<kw name="Should Be Equal As Strings" library="BuiltIn">
<arg>${baudrate}</arg>
<arg>${Buad Rate}</arg>
<doc>Fails if objects are unequal after converting them to strings.</doc>
<msg timestamp="20220825 13:10:56.628" level="INFO">Argument types are:
&lt;class 'int'&gt;
&lt;class 'str'&gt;</msg>
<status status="PASS" starttime="20220825 13:10:56.627" endtime="20220825 13:10:56.628"/>
</kw>
<kw name="TWI_Close_Port" library="TWI_Serial_library">
<arg>Port Number=${Port Number}</arg>
<doc>Deletes (Closes) passed port</doc>
<kw name="Delete Port" library="SerialLibrary">
<arg>${Port Number}</arg>
<doc>Deletes specified port.</doc>
<status status="PASS" starttime="20220825 13:10:56.628" endtime="20220825 13:10:56.629"/>
</kw>
<status status="PASS" starttime="20220825 13:10:56.628" endtime="20220825 13:10:56.629"/>
</kw>
<tag>Functional</tag>
<status status="PASS" starttime="20220825 13:10:56.621" endtime="20220825 13:10:56.629"/>
</test>
<test id="s1-s1-t4" name="Test_Set_Encoding_Type_Sucssesfully" line="52">
<kw name="TWI_Open_Port" library="TWI_Serial_library">
<arg>Port Number=${Port Number}</arg>
<arg>Buad Rate=${Buad Rate}</arg>
<arg>Encoding=${Encoding}</arg>
<arg>timeout=10</arg>
<doc>Sets configurations(Port Number,Buad Rate,Encoding and Timeout)
And Opens passed port</doc>
<kw name="Add Port" library="SerialLibrary">
<var>${PortConfigurations}</var>
<arg>port_locator=${Port Number}</arg>
<arg>timeout=${timeout}</arg>
<doc>Adds new port with specified locator.</doc>
<msg timestamp="20220825 13:10:56.634" level="INFO">${PortConfigurations} = Serial&lt;id=0x4b62028, open=True&gt;(port='COM1', baudrate=9600, bytesize=8, parity='N', stopbits=1, timeout=10.0, xonxoff=False, rtscts=False, dsrdtr=False)</msg>
<status status="PASS" starttime="20220825 13:10:56.631" endtime="20220825 13:10:56.634"/>
</kw>
<kw name="Port Should Be Open" library="SerialLibrary">
<arg>${Port Number}</arg>
<doc>Fails if specified port is closed.</doc>
<status status="PASS" starttime="20220825 13:10:56.634" endtime="20220825 13:10:56.634"/>
</kw>
<kw name="Set Port Parameter" library="SerialLibrary">
<arg>param_name=baudrate</arg>
<arg>value=${Buad Rate}</arg>
<arg>port_locator=${Port Number}</arg>
<doc>Sets port parameter.</doc>
<status status="PASS" starttime="20220825 13:10:56.634" endtime="20220825 13:10:56.635"/>
</kw>
<kw name="Set Encoding" library="SerialLibrary">
<arg>encoding=${Encoding}</arg>
<doc>Sets default encoding for the library instance.</doc>
<status status="PASS" starttime="20220825 13:10:56.635" endtime="20220825 13:10:56.636"/>
</kw>
<status status="PASS" starttime="20220825 13:10:56.630" endtime="20220825 13:10:56.636"/>
</kw>
<kw name="Get Encoding" library="SerialLibrary">
<var>${encoding}</var>
<doc>Returns default encoding for the library instance.</doc>
<msg timestamp="20220825 13:10:56.636" level="INFO">${encoding} = hexlify</msg>
<status status="PASS" starttime="20220825 13:10:56.636" endtime="20220825 13:10:56.636"/>
</kw>
<kw name="Should Be Equal As Strings" library="BuiltIn">
<arg>${encoding}</arg>
<arg>${Encoding}</arg>
<doc>Fails if objects are unequal after converting them to strings.</doc>
<status status="PASS" starttime="20220825 13:10:56.636" endtime="20220825 13:10:56.636"/>
</kw>
<kw name="TWI_Close_Port" library="TWI_Serial_library">
<arg>Port Number=${Port Number}</arg>
<doc>Deletes (Closes) passed port</doc>
<kw name="Delete Port" library="SerialLibrary">
<arg>${Port Number}</arg>
<doc>Deletes specified port.</doc>
<status status="PASS" starttime="20220825 13:10:56.637" endtime="20220825 13:10:56.637"/>
</kw>
<status status="PASS" starttime="20220825 13:10:56.636" endtime="20220825 13:10:56.638"/>
</kw>
<tag>Functional</tag>
<status status="PASS" starttime="20220825 13:10:56.630" endtime="20220825 13:10:56.638"/>
</test>
<test id="s1-s1-t5" name="Test_Set_Timeout_Sucssesfully" line="59">
<kw name="TWI_Open_Port" library="TWI_Serial_library">
<arg>Port Number=${Port Number}</arg>
<arg>Buad Rate=${Buad Rate}</arg>
<arg>Encoding=${Encoding}</arg>
<arg>timeout=${Time out}</arg>
<doc>Sets configurations(Port Number,Buad Rate,Encoding and Timeout)
And Opens passed port</doc>
<kw name="Add Port" library="SerialLibrary">
<var>${PortConfigurations}</var>
<arg>port_locator=${Port Number}</arg>
<arg>timeout=${timeout}</arg>
<doc>Adds new port with specified locator.</doc>
<msg timestamp="20220825 13:10:56.642" level="INFO">${PortConfigurations} = Serial&lt;id=0x4b62910, open=True&gt;(port='COM1', baudrate=9600, bytesize=8, parity='N', stopbits=1, timeout=50.0, xonxoff=False, rtscts=False, dsrdtr=False)</msg>
<status status="PASS" starttime="20220825 13:10:56.640" endtime="20220825 13:10:56.642"/>
</kw>
<kw name="Port Should Be Open" library="SerialLibrary">
<arg>${Port Number}</arg>
<doc>Fails if specified port is closed.</doc>
<status status="PASS" starttime="20220825 13:10:56.642" endtime="20220825 13:10:56.642"/>
</kw>
<kw name="Set Port Parameter" library="SerialLibrary">
<arg>param_name=baudrate</arg>
<arg>value=${Buad Rate}</arg>
<arg>port_locator=${Port Number}</arg>
<doc>Sets port parameter.</doc>
<status status="PASS" starttime="20220825 13:10:56.642" endtime="20220825 13:10:56.644"/>
</kw>
<kw name="Set Encoding" library="SerialLibrary">
<arg>encoding=${Encoding}</arg>
<doc>Sets default encoding for the library instance.</doc>
<status status="PASS" starttime="20220825 13:10:56.644" endtime="20220825 13:10:56.644"/>
</kw>
<status status="PASS" starttime="20220825 13:10:56.639" endtime="20220825 13:10:56.644"/>
</kw>
<kw name="Get Port Parameter" library="SerialLibrary">
<var>${timeout}</var>
<arg>timeout</arg>
<doc>Returns specified parameter of the port.</doc>
<msg timestamp="20220825 13:10:56.645" level="INFO">${timeout} = 50.0</msg>
<status status="PASS" starttime="20220825 13:10:56.644" endtime="20220825 13:10:56.645"/>
</kw>
<kw name="Should Be Equal As Numbers" library="BuiltIn">
<arg>${timeout}</arg>
<arg>${Time out}</arg>
<doc>Fails if objects are unequal after converting them to real numbers.</doc>
<status status="PASS" starttime="20220825 13:10:56.645" endtime="20220825 13:10:56.645"/>
</kw>
<kw name="TWI_Close_Port" library="TWI_Serial_library">
<arg>Port Number=${Port Number}</arg>
<doc>Deletes (Closes) passed port</doc>
<kw name="Delete Port" library="SerialLibrary">
<arg>${Port Number}</arg>
<doc>Deletes specified port.</doc>
<status status="PASS" starttime="20220825 13:10:56.645" endtime="20220825 13:10:56.646"/>
</kw>
<status status="PASS" starttime="20220825 13:10:56.645" endtime="20220825 13:10:56.646"/>
</kw>
<tag>Functional</tag>
<status status="PASS" starttime="20220825 13:10:56.638" endtime="20220825 13:10:56.646"/>
</test>
<test id="s1-s1-t6" name="Nordic_Board_Is_Waked_Up" line="69">
<kw name="TWI_Open_Port" library="TWI_Serial_library">
<arg>Port Number=${Port Number}</arg>
<arg>Buad Rate=${Buad Rate}</arg>
<arg>Encoding=${Encoding}</arg>
<arg>timeout=${Time out}</arg>
<doc>Sets configurations(Port Number,Buad Rate,Encoding and Timeout)
And Opens passed port</doc>
<kw name="Add Port" library="SerialLibrary">
<var>${PortConfigurations}</var>
<arg>port_locator=${Port Number}</arg>
<arg>timeout=${timeout}</arg>
<doc>Adds new port with specified locator.</doc>
<msg timestamp="20220825 13:10:56.650" level="INFO">${PortConfigurations} = Serial&lt;id=0x4b5e3e8, open=True&gt;(port='COM1', baudrate=9600, bytesize=8, parity='N', stopbits=1, timeout=50.0, xonxoff=False, rtscts=False, dsrdtr=False)</msg>
<status status="PASS" starttime="20220825 13:10:56.648" endtime="20220825 13:10:56.650"/>
</kw>
<kw name="Port Should Be Open" library="SerialLibrary">
<arg>${Port Number}</arg>
<doc>Fails if specified port is closed.</doc>
<status status="PASS" starttime="20220825 13:10:56.650" endtime="20220825 13:10:56.651"/>
</kw>
<kw name="Set Port Parameter" library="SerialLibrary">
<arg>param_name=baudrate</arg>
<arg>value=${Buad Rate}</arg>
<arg>port_locator=${Port Number}</arg>
<doc>Sets port parameter.</doc>
<status status="PASS" starttime="20220825 13:10:56.651" endtime="20220825 13:10:56.652"/>
</kw>
<kw name="Set Encoding" library="SerialLibrary">
<arg>encoding=${Encoding}</arg>
<doc>Sets default encoding for the library instance.</doc>
<status status="PASS" starttime="20220825 13:10:56.652" endtime="20220825 13:10:56.652"/>
</kw>
<status status="PASS" starttime="20220825 13:10:56.647" endtime="20220825 13:10:56.652"/>
</kw>
<kw name="Evaluate" library="BuiltIn">
<var>${message}</var>
<arg>${BLUE} "\\nPlease Press on Reset Button you have 10 seconds"</arg>
<doc>Evaluates the given expression in Python and returns the result.</doc>
<msg timestamp="20220825 13:10:56.653" level="INFO">${message} = [34m
Please Press on Reset Button you have 10 seconds</msg>
<status status="PASS" starttime="20220825 13:10:56.652" endtime="20220825 13:10:56.653"/>
</kw>
<kw name="Log To Console" library="BuiltIn">
<arg>${message}</arg>
<doc>Logs the given message to the console.</doc>
<status status="PASS" starttime="20220825 13:10:56.653" endtime="20220825 13:10:56.653"/>
</kw>
<kw name="TWI_read_Bytes" library="TWI_Serial_library">
<var>${Actual}</var>
<arg>terminator=:</arg>
<arg>Port Number=${Port Number}</arg>
<arg>Encoding=ascii</arg>
<arg>size=10</arg>
<arg>terminator_encoding=ascii</arg>
<doc>TWI KeyWord ,It reads Number of Bytes on the serial port untill detect passed terminator or passed size
paramaters: Port Number -&gt; which port will write the data on
size -&gt; number of bytes will be recieved
Encoding -&gt; Encoding type (ascii,utf-8)
terminator -&gt; reading is terminated when found in recieved bytes
returns readed data</doc>
<kw name="Read Until" library="SerialLibrary">
<var>${Readdata}</var>
<arg>terminator=${terminator}</arg>
<arg>terminator_encoding=${terminator_encoding}</arg>
<arg>port_locator=${Port Number}</arg>
<arg>size=${size}</arg>
<arg>encoding=${Encoding}</arg>
<doc>Read until a termination sequence is found, size exceeded or timeout.</doc>
<msg timestamp="20220825 13:10:59.286" level="INFO">${Readdata} = 
Start:</msg>
<status status="PASS" starttime="20220825 13:10:56.654" endtime="20220825 13:10:59.286"/>
</kw>
<msg timestamp="20220825 13:10:59.286" level="INFO">${Actual} = 
Start:</msg>
<status status="PASS" starttime="20220825 13:10:56.653" endtime="20220825 13:10:59.286"/>
</kw>
<kw name="Should Be Equal As Strings" library="BuiltIn">
<arg>first=${Actual}</arg>
<arg>second=Start:</arg>
<arg>strip_spaces=True</arg>
<doc>Fails if objects are unequal after converting them to strings.</doc>
<status status="PASS" starttime="20220825 13:10:59.287" endtime="20220825 13:10:59.287"/>
</kw>
<kw name="TWI_Close_Port" library="TWI_Serial_library">
<arg>${Port Number}</arg>
<doc>Deletes (Closes) passed port</doc>
<kw name="Delete Port" library="SerialLibrary">
<arg>${Port Number}</arg>
<doc>Deletes specified port.</doc>
<status status="PASS" starttime="20220825 13:10:59.288" endtime="20220825 13:10:59.288"/>
</kw>
<status status="PASS" starttime="20220825 13:10:59.287" endtime="20220825 13:10:59.288"/>
</kw>
<tag>Power on</tag>
<status status="PASS" starttime="20220825 13:10:56.647" endtime="20220825 13:10:59.289"/>
</test>
<test id="s1-s1-t7" name="Test_Send&amp;Recieve_One_Byte" line="83">
<kw name="TWI_Open_Port" library="TWI_Serial_library">
<var>${PortConfigurations}</var>
<arg>Port Number=${Port Number}</arg>
<arg>Buad Rate=${Buad Rate}</arg>
<arg>Encoding=${Encoding}</arg>
<doc>Sets configurations(Port Number,Buad Rate,Encoding and Timeout)
And Opens passed port</doc>
<kw name="Add Port" library="SerialLibrary">
<var>${PortConfigurations}</var>
<arg>port_locator=${Port Number}</arg>
<arg>timeout=${timeout}</arg>
<doc>Adds new port with specified locator.</doc>
<msg timestamp="20220825 13:10:59.293" level="INFO">${PortConfigurations} = Serial&lt;id=0x4b628f8, open=True&gt;(port='COM1', baudrate=9600, bytesize=8, parity='N', stopbits=1, timeout=10.0, xonxoff=False, rtscts=False, dsrdtr=False)</msg>
<status status="PASS" starttime="20220825 13:10:59.291" endtime="20220825 13:10:59.293"/>
</kw>
<kw name="Port Should Be Open" library="SerialLibrary">
<arg>${Port Number}</arg>
<doc>Fails if specified port is closed.</doc>
<status status="PASS" starttime="20220825 13:10:59.293" endtime="20220825 13:10:59.294"/>
</kw>
<kw name="Set Port Parameter" library="SerialLibrary">
<arg>param_name=baudrate</arg>
<arg>value=${Buad Rate}</arg>
<arg>port_locator=${Port Number}</arg>
<doc>Sets port parameter.</doc>
<status status="PASS" starttime="20220825 13:10:59.294" endtime="20220825 13:10:59.295"/>
</kw>
<kw name="Set Encoding" library="SerialLibrary">
<arg>encoding=${Encoding}</arg>
<doc>Sets default encoding for the library instance.</doc>
<status status="PASS" starttime="20220825 13:10:59.295" endtime="20220825 13:10:59.295"/>
</kw>
<msg timestamp="20220825 13:10:59.295" level="INFO">${PortConfigurations} = Serial&lt;id=0x4b628f8, open=True&gt;(port='COM1', baudrate=115200, bytesize=8, parity='N', stopbits=1, timeout=10.0, xonxoff=False, rtscts=False, dsrdtr=False)</msg>
<status status="PASS" starttime="20220825 13:10:59.290" endtime="20220825 13:10:59.295"/>
</kw>
<kw name="TWI_Write_Byte" library="TWI_Serial_library">
<arg>Data=${ExpectedValue}</arg>
<arg>Port Number=${Port Number}</arg>
<arg>Encoding=${Encoding}</arg>
<doc>TWI KeyWord ,It writes ONE Byte on the serial port
paramaters: Data -&gt; paramarter will hold the data to be sent
Port Number -&gt; which port will write the data on
Encoding -&gt; Encoding type (ascii,utf-8)
Number of Bytes -&gt; number of bytes will be send
Returns none</doc>
<kw name="Write Data" library="SerialLibrary">
<arg>data=${Data}</arg>
<arg>encoding=${Encoding}</arg>
<arg>port_locator=${Port Number}</arg>
<doc>Writes data into the port.</doc>
<status status="PASS" starttime="20220825 13:10:59.296" endtime="20220825 13:10:59.297"/>
</kw>
<status status="PASS" starttime="20220825 13:10:59.295" endtime="20220825 13:10:59.297"/>
</kw>
<kw name="TWI_read_Bytes" library="TWI_Serial_library">
<var>${Actual}</var>
<arg>${Port Number}</arg>
<arg>size=1</arg>
<doc>TWI KeyWord ,It reads Number of Bytes on the serial port untill detect passed terminator or passed size
paramaters: Port Number -&gt; which port will write the data on
size -&gt; number of bytes will be recieved
Encoding -&gt; Encoding type (ascii,utf-8)
terminator -&gt; reading is terminated when found in recieved bytes
returns readed data</doc>
<kw name="Read Until" library="SerialLibrary">
<var>${Readdata}</var>
<arg>terminator=${terminator}</arg>
<arg>terminator_encoding=${terminator_encoding}</arg>
<arg>port_locator=${Port Number}</arg>
<arg>size=${size}</arg>
<arg>encoding=${Encoding}</arg>
<doc>Read until a termination sequence is found, size exceeded or timeout.</doc>
<msg timestamp="20220825 13:10:59.299" level="INFO">${Readdata} = 49</msg>
<status status="PASS" starttime="20220825 13:10:59.298" endtime="20220825 13:10:59.299"/>
</kw>
<msg timestamp="20220825 13:10:59.299" level="INFO">${Actual} = 49</msg>
<status status="PASS" starttime="20220825 13:10:59.297" endtime="20220825 13:10:59.299"/>
</kw>
<kw name="Should Be Equal As Numbers" library="BuiltIn">
<arg>${Actual}</arg>
<arg>${ExpectedValue}</arg>
<doc>Fails if objects are unequal after converting them to real numbers.</doc>
<status status="PASS" starttime="20220825 13:10:59.299" endtime="20220825 13:10:59.299"/>
</kw>
<kw name="TWI_Close_Port" library="TWI_Serial_library">
<arg>${Port Number}</arg>
<doc>Deletes (Closes) passed port</doc>
<kw name="Delete Port" library="SerialLibrary">
<arg>${Port Number}</arg>
<doc>Deletes specified port.</doc>
<status status="PASS" starttime="20220825 13:10:59.300" endtime="20220825 13:10:59.300"/>
</kw>
<status status="PASS" starttime="20220825 13:10:59.299" endtime="20220825 13:10:59.300"/>
</kw>
<tag>Send</tag>
<status status="PASS" starttime="20220825 13:10:59.289" endtime="20220825 13:10:59.300"/>
</test>
<test id="s1-s1-t8" name="Test_Send&amp;Recieve_Stream_of_Bytes" line="92">
<kw name="Create List" library="BuiltIn">
<var>@{SendList}</var>
<arg>${0x0F}</arg>
<arg>2</arg>
<arg>${0B1010}</arg>
<arg>5</arg>
<doc>Returns a list containing given items.</doc>
<msg timestamp="20220825 13:10:59.302" level="INFO">@{SendList} = [ 15 | 2 | 10 | 5 ]</msg>
<status status="PASS" starttime="20220825 13:10:59.301" endtime="20220825 13:10:59.302"/>
</kw>
<kw name="TWI_Open_Port" library="TWI_Serial_library">
<arg>Port Number=${Port Number}</arg>
<arg>Buad Rate=${Buad Rate}</arg>
<arg>Encoding=${Encoding}</arg>
<doc>Sets configurations(Port Number,Buad Rate,Encoding and Timeout)
And Opens passed port</doc>
<kw name="Add Port" library="SerialLibrary">
<var>${PortConfigurations}</var>
<arg>port_locator=${Port Number}</arg>
<arg>timeout=${timeout}</arg>
<doc>Adds new port with specified locator.</doc>
<msg timestamp="20220825 13:10:59.306" level="INFO">${PortConfigurations} = Serial&lt;id=0x4b62a18, open=True&gt;(port='COM1', baudrate=9600, bytesize=8, parity='N', stopbits=1, timeout=10.0, xonxoff=False, rtscts=False, dsrdtr=False)</msg>
<status status="PASS" starttime="20220825 13:10:59.304" endtime="20220825 13:10:59.306"/>
</kw>
<kw name="Port Should Be Open" library="SerialLibrary">
<arg>${Port Number}</arg>
<doc>Fails if specified port is closed.</doc>
<status status="PASS" starttime="20220825 13:10:59.306" endtime="20220825 13:10:59.307"/>
</kw>
<kw name="Set Port Parameter" library="SerialLibrary">
<arg>param_name=baudrate</arg>
<arg>value=${Buad Rate}</arg>
<arg>port_locator=${Port Number}</arg>
<doc>Sets port parameter.</doc>
<status status="PASS" starttime="20220825 13:10:59.307" endtime="20220825 13:10:59.308"/>
</kw>
<kw name="Set Encoding" library="SerialLibrary">
<arg>encoding=${Encoding}</arg>
<doc>Sets default encoding for the library instance.</doc>
<status status="PASS" starttime="20220825 13:10:59.308" endtime="20220825 13:10:59.308"/>
</kw>
<status status="PASS" starttime="20220825 13:10:59.302" endtime="20220825 13:10:59.308"/>
</kw>
<kw name="TWI_Write_Bytes" library="TWI_Serial_library">
<arg>@{SendList}</arg>
<arg>Port Number=${Port Number}</arg>
<arg>Encoding=${Encoding}</arg>
<arg>Number of Bytes=4</arg>
<doc>TWI KeyWord ,It writes Number of Bytes on the serial port
paramaters: Data -&gt; paramarter will hold the data to be sent
Port Number -&gt; which port will write the data on
Number of Bytes -&gt; number of bytes will be send
Encoding -&gt; Encoding type (ascii,utf-8)
Returns none</doc>
<for flavor="IN RANGE">
<var>${counter}</var>
<value>0</value>
<value>${Number of Bytes}</value>
<iter>
<var name="${counter}">0</var>
<kw name="Get From List" library="Collections">
<var>${listvalue}</var>
<arg>list_=@{list}</arg>
<arg>index=${counter}</arg>
<doc>Returns the value specified with an ``index`` from ``list``.</doc>
<msg timestamp="20220825 13:10:59.310" level="INFO">${listvalue} = 15</msg>
<status status="PASS" starttime="20220825 13:10:59.309" endtime="20220825 13:10:59.310"/>
</kw>
<kw name="TWI_Write_Byte" library="TWI_Serial_library">
<arg>Data= ${listvalue}</arg>
<arg>Port Number=${Port Number}</arg>
<arg>Encoding=${Encoding}</arg>
<doc>TWI KeyWord ,It writes ONE Byte on the serial port
paramaters: Data -&gt; paramarter will hold the data to be sent
Port Number -&gt; which port will write the data on
Encoding -&gt; Encoding type (ascii,utf-8)
Number of Bytes -&gt; number of bytes will be send
Returns none</doc>
<kw name="Write Data" library="SerialLibrary">
<arg>data=${Data}</arg>
<arg>encoding=${Encoding}</arg>
<arg>port_locator=${Port Number}</arg>
<doc>Writes data into the port.</doc>
<status status="PASS" starttime="20220825 13:10:59.310" endtime="20220825 13:10:59.311"/>
</kw>
<status status="PASS" starttime="20220825 13:10:59.310" endtime="20220825 13:10:59.311"/>
</kw>
<status status="PASS" starttime="20220825 13:10:59.309" endtime="20220825 13:10:59.311"/>
</iter>
<iter>
<var name="${counter}">1</var>
<kw name="Get From List" library="Collections">
<var>${listvalue}</var>
<arg>list_=@{list}</arg>
<arg>index=${counter}</arg>
<doc>Returns the value specified with an ``index`` from ``list``.</doc>
<msg timestamp="20220825 13:10:59.312" level="INFO">${listvalue} = 2</msg>
<status status="PASS" starttime="20220825 13:10:59.311" endtime="20220825 13:10:59.312"/>
</kw>
<kw name="TWI_Write_Byte" library="TWI_Serial_library">
<arg>Data= ${listvalue}</arg>
<arg>Port Number=${Port Number}</arg>
<arg>Encoding=${Encoding}</arg>
<doc>TWI KeyWord ,It writes ONE Byte on the serial port
paramaters: Data -&gt; paramarter will hold the data to be sent
Port Number -&gt; which port will write the data on
Encoding -&gt; Encoding type (ascii,utf-8)
Number of Bytes -&gt; number of bytes will be send
Returns none</doc>
<kw name="Write Data" library="SerialLibrary">
<arg>data=${Data}</arg>
<arg>encoding=${Encoding}</arg>
<arg>port_locator=${Port Number}</arg>
<doc>Writes data into the port.</doc>
<status status="PASS" starttime="20220825 13:10:59.312" endtime="20220825 13:10:59.313"/>
</kw>
<status status="PASS" starttime="20220825 13:10:59.312" endtime="20220825 13:10:59.313"/>
</kw>
<status status="PASS" starttime="20220825 13:10:59.311" endtime="20220825 13:10:59.313"/>
</iter>
<iter>
<var name="${counter}">2</var>
<kw name="Get From List" library="Collections">
<var>${listvalue}</var>
<arg>list_=@{list}</arg>
<arg>index=${counter}</arg>
<doc>Returns the value specified with an ``index`` from ``list``.</doc>
<msg timestamp="20220825 13:10:59.314" level="INFO">${listvalue} = 10</msg>
<status status="PASS" starttime="20220825 13:10:59.313" endtime="20220825 13:10:59.314"/>
</kw>
<kw name="TWI_Write_Byte" library="TWI_Serial_library">
<arg>Data= ${listvalue}</arg>
<arg>Port Number=${Port Number}</arg>
<arg>Encoding=${Encoding}</arg>
<doc>TWI KeyWord ,It writes ONE Byte on the serial port
paramaters: Data -&gt; paramarter will hold the data to be sent
Port Number -&gt; which port will write the data on
Encoding -&gt; Encoding type (ascii,utf-8)
Number of Bytes -&gt; number of bytes will be send
Returns none</doc>
<kw name="Write Data" library="SerialLibrary">
<arg>data=${Data}</arg>
<arg>encoding=${Encoding}</arg>
<arg>port_locator=${Port Number}</arg>
<doc>Writes data into the port.</doc>
<status status="PASS" starttime="20220825 13:10:59.314" endtime="20220825 13:10:59.315"/>
</kw>
<status status="PASS" starttime="20220825 13:10:59.314" endtime="20220825 13:10:59.315"/>
</kw>
<status status="PASS" starttime="20220825 13:10:59.313" endtime="20220825 13:10:59.315"/>
</iter>
<iter>
<var name="${counter}">3</var>
<kw name="Get From List" library="Collections">
<var>${listvalue}</var>
<arg>list_=@{list}</arg>
<arg>index=${counter}</arg>
<doc>Returns the value specified with an ``index`` from ``list``.</doc>
<msg timestamp="20220825 13:10:59.316" level="INFO">${listvalue} = 5</msg>
<status status="PASS" starttime="20220825 13:10:59.315" endtime="20220825 13:10:59.316"/>
</kw>
<kw name="TWI_Write_Byte" library="TWI_Serial_library">
<arg>Data= ${listvalue}</arg>
<arg>Port Number=${Port Number}</arg>
<arg>Encoding=${Encoding}</arg>
<doc>TWI KeyWord ,It writes ONE Byte on the serial port
paramaters: Data -&gt; paramarter will hold the data to be sent
Port Number -&gt; which port will write the data on
Encoding -&gt; Encoding type (ascii,utf-8)
Number of Bytes -&gt; number of bytes will be send
Returns none</doc>
<kw name="Write Data" library="SerialLibrary">
<arg>data=${Data}</arg>
<arg>encoding=${Encoding}</arg>
<arg>port_locator=${Port Number}</arg>
<doc>Writes data into the port.</doc>
<status status="PASS" starttime="20220825 13:10:59.317" endtime="20220825 13:10:59.317"/>
</kw>
<status status="PASS" starttime="20220825 13:10:59.316" endtime="20220825 13:10:59.317"/>
</kw>
<status status="PASS" starttime="20220825 13:10:59.315" endtime="20220825 13:10:59.317"/>
</iter>
<status status="PASS" starttime="20220825 13:10:59.309" endtime="20220825 13:10:59.318"/>
</for>
<status status="PASS" starttime="20220825 13:10:59.308" endtime="20220825 13:10:59.318"/>
</kw>
<kw name="TWI_read_Bytes" library="TWI_Serial_library">
<var>${Actual}</var>
<arg>Port Number=${Port Number}</arg>
<arg>Encoding=${Encoding}</arg>
<arg>size=4</arg>
<doc>TWI KeyWord ,It reads Number of Bytes on the serial port untill detect passed terminator or passed size
paramaters: Port Number -&gt; which port will write the data on
size -&gt; number of bytes will be recieved
Encoding -&gt; Encoding type (ascii,utf-8)
terminator -&gt; reading is terminated when found in recieved bytes
returns readed data</doc>
<kw name="Read Until" library="SerialLibrary">
<var>${Readdata}</var>
<arg>terminator=${terminator}</arg>
<arg>terminator_encoding=${terminator_encoding}</arg>
<arg>port_locator=${Port Number}</arg>
<arg>size=${size}</arg>
<arg>encoding=${Encoding}</arg>
<doc>Read until a termination sequence is found, size exceeded or timeout.</doc>
<msg timestamp="20220825 13:10:59.319" level="INFO">${Readdata} = 15 02 10 05</msg>
<status status="PASS" starttime="20220825 13:10:59.318" endtime="20220825 13:10:59.319"/>
</kw>
<msg timestamp="20220825 13:10:59.319" level="INFO">${Actual} = 15 02 10 05</msg>
<status status="PASS" starttime="20220825 13:10:59.318" endtime="20220825 13:10:59.319"/>
</kw>
<kw name="Should Be Equal As Numbers" library="BuiltIn">
<arg>${Actual}</arg>
<arg>${ExpectedList}</arg>
<doc>Fails if objects are unequal after converting them to real numbers.</doc>
<status status="PASS" starttime="20220825 13:10:59.320" endtime="20220825 13:10:59.320"/>
</kw>
<kw name="TWI_Close_Port" library="TWI_Serial_library">
<arg>${Port Number}</arg>
<doc>Deletes (Closes) passed port</doc>
<kw name="Delete Port" library="SerialLibrary">
<arg>${Port Number}</arg>
<doc>Deletes specified port.</doc>
<status status="PASS" starttime="20220825 13:10:59.321" endtime="20220825 13:10:59.321"/>
</kw>
<status status="PASS" starttime="20220825 13:10:59.320" endtime="20220825 13:10:59.322"/>
</kw>
<kw name="Log To Console" library="BuiltIn">
<arg>Dir=${DIR}</arg>
<doc>Logs the given message to the console.</doc>
<status status="PASS" starttime="20220825 13:10:59.322" endtime="20220825 13:10:59.322"/>
</kw>
<tag>Send/Recieve</tag>
<status status="PASS" starttime="20220825 13:10:59.301" endtime="20220825 13:10:59.322"/>
</test>
<status status="PASS" starttime="20220825 13:10:56.571" endtime="20220825 13:10:59.323"/>
</suite>
<status status="PASS" starttime="20220825 13:10:56.548" endtime="20220825 13:10:59.324"/>
</suite>
<statistics>
<total>
<stat pass="8" fail="0" skip="0">All Tests</stat>
</total>
<tag>
<stat pass="4" fail="0" skip="0">Functional</stat>
<stat pass="1" fail="0" skip="0">Power on</stat>
<stat pass="1" fail="0" skip="0">Send</stat>
<stat pass="1" fail="0" skip="0">Send/Recieve</stat>
<stat pass="1" fail="0" skip="0">smoke</stat>
</tag>
<suite>
<stat pass="8" fail="0" skip="0" id="s1" name="Tests">Tests</stat>
<stat pass="8" fail="0" skip="0" id="s1-s1" name="Test TWI Serial library">Tests.Test TWI Serial library</stat>
</suite>
</statistics>
<errors>
</errors>
</robot>
